gram.y:49:22: error: postgres.h: No such file or directory
gram.y:54:27: error: catalog/index.h: No such file or directory
gram.y:55:31: error: catalog/namespace.h: No such file or directory
gram.y:56:32: error: catalog/pg_trigger.h: No such file or directory
gram.y:57:29: error: commands/defrem.h: No such file or directory
gram.y:58:29: error: nodes/makefuncs.h: No such file or directory
gram.y:59:29: error: nodes/nodeFuncs.h: No such file or directory
gram.y:60:30: error: parser/gramparse.h: No such file or directory
gram.y:61:26: error: storage/lmgr.h: No such file or directory
gram.y:62:24: error: utils/date.h: No such file or directory
gram.y:63:28: error: utils/datetime.h: No such file or directory
gram.y:64:27: error: utils/numeric.h: No such file or directory
gram.y:65:23: error: utils/xml.h: No such file or directory
gram.y:94: error: expected ‘=’, ‘,’, ‘;’, ‘asm’ or ‘__attribute__’ before ‘*’ token
gram.y:96: error: expected ‘=’, ‘,’, ‘;’, ‘asm’ or ‘__attribute__’ before ‘QueryIsRule’
gram.y:101: error: expected specifier-qualifier-list before ‘GrantObjectType’
gram.y:112: error: expected ‘=’, ‘,’, ‘;’, ‘asm’ or ‘__attribute__’ before ‘*’ token
gram.y:113: error: expected ‘=’, ‘,’, ‘;’, ‘asm’ or ‘__attribute__’ before ‘*’ token
gram.y:114: error: expected ‘=’, ‘,’, ‘;’, ‘asm’ or ‘__attribute__’ before ‘*’ token
gram.y:115: error: expected ‘=’, ‘,’, ‘;’, ‘asm’ or ‘__attribute__’ before ‘*’ token
gram.y:116: error: expected ‘=’, ‘,’, ‘;’, ‘asm’ or ‘__attribute__’ before ‘*’ token
gram.y:117: error: expected ‘=’, ‘,’, ‘;’, ‘asm’ or ‘__attribute__’ before ‘*’ token
gram.y:118: error: expected ‘=’, ‘,’, ‘;’, ‘asm’ or ‘__attribute__’ before ‘*’ token
gram.y:119: error: expected ‘=’, ‘,’, ‘;’, ‘asm’ or ‘__attribute__’ before ‘*’ token
gram.y:120: error: expected ‘=’, ‘,’, ‘;’, ‘asm’ or ‘__attribute__’ before ‘*’ token
gram.y:121: error: expected ‘=’, ‘,’, ‘;’, ‘asm’ or ‘__attribute__’ before ‘*’ token
gram.y:122: error: expected ‘=’, ‘,’, ‘;’, ‘asm’ or ‘__attribute__’ before ‘*’ token
gram.y:123: error: expected ‘)’ before ‘*’ token
gram.y:124: error: expected ‘=’, ‘,’, ‘;’, ‘asm’ or ‘__attribute__’ before ‘*’ token
gram.y:125: error: expected ‘=’, ‘,’, ‘;’, ‘asm’ or ‘__attribute__’ before ‘*’ token
gram.y:126: error: expected ‘=’, ‘,’, ‘;’, ‘asm’ or ‘__attribute__’ before ‘*’ token
gram.y:127: error: expected ‘=’, ‘,’, ‘;’, ‘asm’ or ‘__attribute__’ before ‘*’ token
gram.y:128: error: expected ‘)’ before ‘*’ token
gram.y:132: error: expected ‘=’, ‘,’, ‘;’, ‘asm’ or ‘__attribute__’ before ‘*’ token
gram.y:133: error: expected ‘=’, ‘,’, ‘;’, ‘asm’ or ‘__attribute__’ before ‘*’ token
gram.y:134: error: expected ‘)’ before ‘*’ token
gram.y:135: error: expected ‘=’, ‘,’, ‘;’, ‘asm’ or ‘__attribute__’ before ‘*’ token
gram.y:136: error: expected ‘=’, ‘,’, ‘;’, ‘asm’ or ‘__attribute__’ before ‘*’ token
gram.y:138: error: expected ‘=’, ‘,’, ‘;’, ‘asm’ or ‘__attribute__’ before ‘*’ token
gram.y:139: error: expected ‘=’, ‘,’, ‘;’, ‘asm’ or ‘__attribute__’ before ‘*’ token
gram.y:153: error: expected specifier-qualifier-list before ‘bool’
gram.y: In function ‘base_yyparse’:
gram.y:582: error: ‘parsetree’ undeclared (first use in this function)
gram.y:582: error: (Each undeclared identifier is reported only once
gram.y:582: error: for each function it appears in.)
gram.y:582: error: ‘YYSTYPE’ has no member named ‘list’
gram.y:587: error: ‘YYSTYPE’ has no member named ‘node’
gram.y:587: error: ‘NULL’ undeclared (first use in this function)
gram.y:588: error: ‘YYSTYPE’ has no member named ‘list’
gram.y:588: error: ‘YYSTYPE’ has no member named ‘list’
gram.y:588: error: ‘YYSTYPE’ has no member named ‘node’
gram.y:590: error: ‘YYSTYPE’ has no member named ‘list’
gram.y:590: error: ‘YYSTYPE’ has no member named ‘list’
gram.y:593: error: ‘YYSTYPE’ has no member named ‘node’
gram.y:594: error: ‘YYSTYPE’ has no member named ‘list’
gram.y:594: error: ‘YYSTYPE’ has no member named ‘node’
gram.y:596: error: ‘YYSTYPE’ has no member named ‘list’
gram.y:596: error: ‘NIL’ undeclared (first use in this function)
gram.y:702: error: ‘YYSTYPE’ has no member named ‘node’
gram.y:714: error: ‘CreateRoleStmt’ undeclared (first use in this function)
gram.y:714: error: ‘n’ undeclared (first use in this function)
gram.y:715: error: ‘ROLESTMT_ROLE’ undeclared (first use in this function)
gram.y:717: error: ‘YYSTYPE’ has no member named ‘list’
gram.y:718: error: ‘YYSTYPE’ has no member named ‘node’
gram.y:718: error: ‘Node’ undeclared (first use in this function)
gram.y:718: error: expected expression before ‘)’ token
gram.y:733: error: ‘YYSTYPE’ has no member named ‘list’
gram.y:733: error: ‘YYSTYPE’ has no member named ‘list’
gram.y:733: error: ‘YYSTYPE’ has no member named ‘defelt’
gram.y:734: error: ‘YYSTYPE’ has no member named ‘list’
gram.y:740: error: ‘YYSTYPE’ has no member named ‘defelt’
gram.y:741: error: expected expression before ‘)’ token
gram.y:745: error: ‘YYSTYPE’ has no member named ‘defelt’
gram.y:749: error: ‘YYSTYPE’ has no member named ‘defelt’
gram.y:750: error: expected expression before ‘)’ token
gram.y:754: error: ‘YYSTYPE’ has no member named ‘defelt’
gram.y:755: error: expected expression before ‘)’ token
gram.y:759: error: ‘YYSTYPE’ has no member named ‘defelt’
gram.y:759: error: expected expression before ‘)’ token
gram.y:763: error: ‘YYSTYPE’ has no member named ‘defelt’
gram.y:763: error: expected expression before ‘)’ token
gram.y:767: error: ‘YYSTYPE’ has no member named ‘defelt’
gram.y:767: error: expected expression before ‘)’ token
gram.y:771: error: ‘YYSTYPE’ has no member named ‘defelt’
gram.y:771: error: expected expression before ‘)’ token
gram.y:775: error: ‘YYSTYPE’ has no member named ‘defelt’
gram.y:775: error: expected expression before ‘)’ token
gram.y:779: error: ‘YYSTYPE’ has no member named ‘defelt’
gram.y:779: error: expected expression before ‘)’ token
gram.y:783: error: ‘YYSTYPE’ has no member named ‘defelt’
gram.y:783: error: expected expression before ‘)’ token
gram.y:787: error: ‘YYSTYPE’ has no member named ‘defelt’
gram.y:787: error: expected expression before ‘)’ token
gram.y:792: error: ‘YYSTYPE’ has no member named ‘defelt’
gram.y:792: error: expected expression before ‘)’ token
gram.y:796: error: ‘YYSTYPE’ has no member named ‘defelt’
gram.y:796: error: expected expression before ‘)’ token
gram.y:800: error: ‘YYSTYPE’ has no member named ‘defelt’
gram.y:800: error: expected expression before ‘)’ token
gram.y:804: error: ‘YYSTYPE’ has no member named ‘defelt’
gram.y:804: error: expected expression before ‘)’ token
gram.y:808: error: ‘YYSTYPE’ has no member named ‘defelt’
gram.y:808: error: expected expression before ‘)’ token
gram.y:812: error: ‘YYSTYPE’ has no member named ‘defelt’
gram.y:812: error: expected expression before ‘)’ token
gram.y:817: error: ‘YYSTYPE’ has no member named ‘defelt’
gram.y:817: error: expected expression before ‘)’ token
gram.y:817: error: ‘YYSTYPE’ has no member named ‘list’
gram.y:822: error: ‘YYSTYPE’ has no member named ‘defelt’
gram.y:822: error: expected expression before ‘)’ token
gram.y:826: error: ‘YYSTYPE’ has no member named ‘defelt’
gram.y:826: error: expected expression before ‘)’ token
gram.y:826: error: ‘YYSTYPE’ has no member named ‘list’
gram.y:830: error: ‘YYSTYPE’ has no member named ‘defelt’
gram.y:830: error: expected expression before ‘)’ token
gram.y:830: error: ‘YYSTYPE’ has no member named ‘list’
gram.y:834: error: ‘YYSTYPE’ has no member named ‘defelt’
gram.y:834: error: expected expression before ‘)’ token
gram.y:834: error: ‘YYSTYPE’ has no member named ‘list’
gram.y:838: error: ‘YYSTYPE’ has no member named ‘defelt’
gram.y:838: error: expected expression before ‘)’ token
gram.y:838: error: ‘YYSTYPE’ has no member named ‘list’
gram.y:853: error: ‘ROLESTMT_USER’ undeclared (first use in this function)
gram.y:855: error: ‘YYSTYPE’ has no member named ‘list’
gram.y:856: error: ‘YYSTYPE’ has no member named ‘node’
gram.y:856: error: expected expression before ‘)’ token
gram.y:870: error: ‘AlterRoleStmt’ undeclared (first use in this function)
gram.y:873: error: ‘YYSTYPE’ has no member named ‘list’
gram.y:874: error: ‘YYSTYPE’ has no member named ‘node’
gram.y:874: error: expected expression before ‘)’ token
gram.y:881: error: ‘AlterRoleSetStmt’ undeclared (first use in this function)
gram.y:883: error: ‘YYSTYPE’ has no member named ‘vsetstmt’
gram.y:884: error: ‘YYSTYPE’ has no member named ‘node’
gram.y:884: error: expected expression before ‘)’ token
gram.y:901: error: ‘YYSTYPE’ has no member named ‘list’
gram.y:902: error: ‘YYSTYPE’ has no member named ‘node’
gram.y:902: error: expected expression before ‘)’ token
gram.y:912: error: ‘YYSTYPE’ has no member named ‘vsetstmt’
gram.y:913: error: ‘YYSTYPE’ has no member named ‘node’
gram.y:913: error: expected expression before ‘)’ token
gram.y:930: error: ‘DropRoleStmt’ undeclared (first use in this function)
gram.y:931: error: ‘FALSE’ undeclared (first use in this function)
gram.y:932: error: ‘YYSTYPE’ has no member named ‘list’
gram.y:933: error: ‘YYSTYPE’ has no member named ‘node’
gram.y:933: error: expected expression before ‘)’ token
gram.y:938: error: ‘TRUE’ undeclared (first use in this function)
gram.y:939: error: ‘YYSTYPE’ has no member named ‘list’
gram.y:940: error: ‘YYSTYPE’ has no member named ‘node’
gram.y:940: error: expected expression before ‘)’ token
gram.y:958: error: ‘YYSTYPE’ has no member named ‘list’
gram.y:959: error: ‘YYSTYPE’ has no member named ‘node’
gram.y:959: error: expected expression before ‘)’ token
gram.y:964: error: ‘YYSTYPE’ has no member named ‘list’
gram.y:966: error: ‘YYSTYPE’ has no member named ‘node’
gram.y:966: error: expected expression before ‘)’ token
gram.y:981: error: ‘ROLESTMT_GROUP’ undeclared (first use in this function)
gram.y:983: error: ‘YYSTYPE’ has no member named ‘list’
gram.y:984: error: ‘YYSTYPE’ has no member named ‘node’
gram.y:984: error: expected expression before ‘)’ token
gram.y:1002: error: expected expression before ‘)’ token
gram.y:1002: error: ‘YYSTYPE’ has no member named ‘list’
gram.y:1003: error: ‘YYSTYPE’ has no member named ‘node’
gram.y:1003: error: expected expression before ‘)’ token
gram.y:1024: error: ‘YYSTYPE’ has no member named ‘list’
gram.y:1025: error: ‘YYSTYPE’ has no member named ‘node’
gram.y:1025: error: expected expression before ‘)’ token
gram.y:1031: error: ‘YYSTYPE’ has no member named ‘list’
gram.y:1032: error: ‘YYSTYPE’ has no member named ‘node’
gram.y:1032: error: expected expression before ‘)’ token
gram.y:1046: error: ‘CreateSchemaStmt’ undeclared (first use in this function)
gram.y:1053: error: ‘YYSTYPE’ has no member named ‘list’
gram.y:1054: error: ‘YYSTYPE’ has no member named ‘node’
gram.y:1054: error: expected expression before ‘)’ token
gram.y:1062: error: ‘YYSTYPE’ has no member named ‘list’
gram.y:1063: error: ‘YYSTYPE’ has no member named ‘node’
gram.y:1063: error: expected expression before ‘)’ token
gram.y:1073: error: ‘YYSTYPE’ has no member named ‘list’
gram.y:1073: error: ‘YYSTYPE’ has no member named ‘list’
gram.y:1073: error: ‘YYSTYPE’ has no member named ‘node’
gram.y:1074: error: ‘YYSTYPE’ has no member named ‘list’
gram.y:1103: error: ‘VariableSetStmt’ undeclared (first use in this function)
gram.y:1103: error: ‘YYSTYPE’ has no member named ‘vsetstmt’
gram.y:1104: error: ‘false’ undeclared (first use in this function)
gram.y:1105: error: ‘YYSTYPE’ has no member named ‘node’
gram.y:1105: error: expected expression before ‘)’ token
gram.y:1109: error: ‘YYSTYPE’ has no member named ‘vsetstmt’
gram.y:1110: error: ‘true’ undeclared (first use in this function)
gram.y:1111: error: ‘YYSTYPE’ has no member named ‘node’
gram.y:1111: error: expected expression before ‘)’ token
gram.y:1115: error: ‘YYSTYPE’ has no member named ‘vsetstmt’
gram.y:1117: error: ‘YYSTYPE’ has no member named ‘node’
gram.y:1117: error: expected expression before ‘)’ token
gram.y:1125: error: ‘VAR_SET_VALUE’ undeclared (first use in this function)
gram.y:1127: error: ‘YYSTYPE’ has no member named ‘list’
gram.y:1128: error: ‘YYSTYPE’ has no member named ‘vsetstmt’
gram.y:1135: error: ‘YYSTYPE’ has no member named ‘list’
gram.y:1136: error: ‘YYSTYPE’ has no member named ‘vsetstmt’
gram.y:1141: error: ‘VAR_SET_DEFAULT’ undeclared (first use in this function)
gram.y:1143: error: ‘YYSTYPE’ has no member named ‘vsetstmt’
gram.y:1150: error: ‘YYSTYPE’ has no member named ‘vsetstmt’
gram.y:1155: error: ‘VAR_SET_CURRENT’ undeclared (first use in this function)
gram.y:1157: error: ‘YYSTYPE’ has no member named ‘vsetstmt’
gram.y:1165: error: ‘YYSTYPE’ has no member named ‘node’
gram.y:1166: error: ‘YYSTYPE’ has no member named ‘node’
gram.y:1169: error: ‘YYSTYPE’ has no member named ‘vsetstmt’
gram.y:1174: error: ‘VAR_SET_MULTI’ undeclared (first use in this function)
gram.y:1176: error: ‘YYSTYPE’ has no member named ‘list’
gram.y:1177: error: ‘YYSTYPE’ has no member named ‘vsetstmt’
gram.y:1184: error: ‘YYSTYPE’ has no member named ‘list’
gram.y:1185: error: ‘YYSTYPE’ has no member named ‘vsetstmt’
gram.y:1189: error: ‘ERROR’ undeclared (first use in this function)
gram.y:1190: error: ‘ERRCODE_FEATURE_NOT_SUPPORTED’ undeclared (first use in this function)
gram.y:1193: error: ‘YYSTYPE’ has no member named ‘vsetstmt’
gram.y:1201: error: ‘YYSTYPE’ has no member named ‘vsetstmt’
gram.y:1212: error: ‘YYSTYPE’ has no member named ‘vsetstmt’
gram.y:1220: error: ‘YYSTYPE’ has no member named ‘vsetstmt’
gram.y:1228: error: ‘YYSTYPE’ has no member named ‘vsetstmt’
gram.y:1235: error: ‘YYSTYPE’ has no member named ‘vsetstmt’
gram.y:1242: error: ‘XMLOPTION_DOCUMENT’ undeclared (first use in this function)
gram.y:1243: error: ‘YYSTYPE’ has no member named ‘vsetstmt’
gram.y:1250: warning: incompatible implicit declaration of built-in function ‘strlen’
gram.y:1250: warning: assignment makes pointer from integer without a cast
gram.y:1251: warning: incompatible implicit declaration of built-in function ‘sprintf’
gram.y:1255: error: ‘YYSTYPE’ has no member named ‘list’
gram.y:1255: error: ‘YYSTYPE’ has no member named ‘node’
gram.y:1256: error: ‘YYSTYPE’ has no member named ‘list’
gram.y:1256: error: ‘YYSTYPE’ has no member named ‘list’
gram.y:1256: error: ‘YYSTYPE’ has no member named ‘node’
gram.y:1260: error: ‘YYSTYPE’ has no member named ‘node’
gram.y:1262: error: ‘YYSTYPE’ has no member named ‘node’
gram.y:1264: error: ‘YYSTYPE’ has no member named ‘node’
gram.y:1264: error: ‘YYSTYPE’ has no member named ‘value’
gram.y:1291: error: ‘YYSTYPE’ has no member named ‘node’
gram.y:1295: error: ‘YYSTYPE’ has no member named ‘node’
gram.y:1299: error: ‘TypeName’ undeclared (first use in this function)
gram.y:1299: error: ‘t’ undeclared (first use in this function)
gram.y:1299: error: ‘YYSTYPE’ has no member named ‘typnam’
gram.y:1300: error: ‘YYSTYPE’ has no member named ‘list’
gram.y:1302: error: ‘A_Const’ undeclared (first use in this function)
gram.y:1302: error: expected expression before ‘)’ token
gram.y:1303: error: ‘HOUR’ undeclared (first use in this function)
gram.y:1303: error: ‘MINUTE’ undeclared (first use in this function)
gram.y:1305: error: ‘ERRCODE_SYNTAX_ERROR’ undeclared (first use in this function)
gram.y:1309: error: ‘YYSTYPE’ has no member named ‘list’
gram.y:1310: error: ‘YYSTYPE’ has no member named ‘node’
gram.y:1314: error: ‘YYSTYPE’ has no member named ‘typnam’
gram.y:1315: error: ‘YYSTYPE’ has no member named ‘list’
gram.y:1317: error: expected expression before ‘)’ token
gram.y:1323: error: ‘YYSTYPE’ has no member named ‘list’
gram.y:1328: error: ‘YYSTYPE’ has no member named ‘list’
gram.y:1331: error: ‘INTERVAL_FULL_RANGE’ undeclared (first use in this function)
gram.y:1333: error: ‘YYSTYPE’ has no member named ‘node’
gram.y:1335: error: ‘YYSTYPE’ has no member named ‘node’
gram.y:1335: error: ‘YYSTYPE’ has no member named ‘value’
gram.y:1336: error: ‘YYSTYPE’ has no member named ‘node’
gram.y:1337: error: ‘YYSTYPE’ has no member named ‘node’
gram.y:1355: error: ‘VAR_RESET’ undeclared (first use in this function)
gram.y:1357: error: ‘YYSTYPE’ has no member named ‘node’
gram.y:1357: error: expected expression before ‘)’ token
gram.y:1364: error: ‘YYSTYPE’ has no member named ‘node’
gram.y:1364: error: expected expression before ‘)’ token
gram.y:1371: error: ‘YYSTYPE’ has no member named ‘node’
gram.y:1371: error: expected expression before ‘)’ token
gram.y:1378: error: ‘YYSTYPE’ has no member named ‘node’
gram.y:1378: error: expected expression before ‘)’ token
gram.y:1383: error: ‘VAR_RESET_ALL’ undeclared (first use in this function)
gram.y:1384: error: ‘YYSTYPE’ has no member named ‘node’
gram.y:1384: error: expected expression before ‘)’ token
gram.y:1390: error: ‘YYSTYPE’ has no member named ‘vsetstmt’
gram.y:1390: error: ‘YYSTYPE’ has no member named ‘vsetstmt’
gram.y:1391: error: ‘YYSTYPE’ has no member named ‘vsetstmt’
gram.y:1391: error: expected expression before ‘)’ token
gram.y:1391: error: ‘YYSTYPE’ has no member named ‘node’
gram.y:1398: error: ‘VariableShowStmt’ undeclared (first use in this function)
gram.y:1400: error: ‘YYSTYPE’ has no member named ‘node’
gram.y:1400: error: expected expression before ‘)’ token
gram.y:1406: error: ‘YYSTYPE’ has no member named ‘node’
gram.y:1406: error: expected expression before ‘)’ token
gram.y:1412: error: ‘YYSTYPE’ has no member named ‘node’
gram.y:1412: error: expected expression before ‘)’ token
gram.y:1418: error: ‘YYSTYPE’ has no member named ‘node’
gram.y:1418: error: expected expression before ‘)’ token
gram.y:1424: error: ‘YYSTYPE’ has no member named ‘node’
gram.y:1424: error: expected expression before ‘)’ token
gram.y:1432: error: ‘ConstraintsSetStmt’ undeclared (first use in this function)
gram.y:1433: error: ‘YYSTYPE’ has no member named ‘list’
gram.y:1434: error: ‘YYSTYPE’ has no member named ‘boolean’
gram.y:1435: error: ‘YYSTYPE’ has no member named ‘node’
gram.y:1435: error: expected expression before ‘)’ token
gram.y:1440: error: ‘YYSTYPE’ has no member named ‘list’
gram.y:1441: error: ‘YYSTYPE’ has no member named ‘list’
gram.y:1441: error: ‘YYSTYPE’ has no member named ‘list’
gram.y:1445: error: ‘YYSTYPE’ has no member named ‘boolean’
gram.y:1446: error: ‘YYSTYPE’ has no member named ‘boolean’
gram.y:1456: error: ‘CheckPointStmt’ undeclared (first use in this function)
gram.y:1457: error: ‘YYSTYPE’ has no member named ‘node’
gram.y:1457: error: expected expression before ‘)’ token
gram.y:1471: error: ‘DiscardStmt’ undeclared (first use in this function)
gram.y:1472: error: ‘DISCARD_ALL’ undeclared (first use in this function)
gram.y:1473: error: ‘YYSTYPE’ has no member named ‘node’
gram.y:1473: error: expected expression before ‘)’ token
gram.y:1478: error: ‘DISCARD_TEMP’ undeclared (first use in this function)
gram.y:1479: error: ‘YYSTYPE’ has no member named ‘node’
gram.y:1479: error: expected expression before ‘)’ token
gram.y:1485: error: ‘YYSTYPE’ has no member named ‘node’
gram.y:1485: error: expected expression before ‘)’ token
gram.y:1490: error: ‘DISCARD_PLANS’ undeclared (first use in this function)
gram.y:1491: error: ‘YYSTYPE’ has no member named ‘node’
gram.y:1491: error: expected expression before ‘)’ token
gram.y:1507: error: ‘AlterTableStmt’ undeclared (first use in this function)
gram.y:1508: error: ‘YYSTYPE’ has no member named ‘range’
gram.y:1509: error: ‘YYSTYPE’ has no member named ‘list’
gram.y:1510: error: ‘OBJECT_TABLE’ undeclared (first use in this function)
gram.y:1511: error: ‘YYSTYPE’ has no member named ‘node’
gram.y:1511: error: expected expression before ‘)’ token
gram.y:1516: error: ‘YYSTYPE’ has no member named ‘range’
gram.y:1517: error: ‘YYSTYPE’ has no member named ‘list’
gram.y:1518: error: ‘OBJECT_INDEX’ undeclared (first use in this function)
gram.y:1519: error: ‘YYSTYPE’ has no member named ‘node’
gram.y:1519: error: expected expression before ‘)’ token
gram.y:1524: error: ‘YYSTYPE’ has no member named ‘range’
gram.y:1525: error: ‘YYSTYPE’ has no member named ‘list’
gram.y:1526: error: ‘OBJECT_SEQUENCE’ undeclared (first use in this function)
gram.y:1527: error: ‘YYSTYPE’ has no member named ‘node’
gram.y:1527: error: expected expression before ‘)’ token
gram.y:1532: error: ‘YYSTYPE’ has no member named ‘range’
gram.y:1533: error: ‘YYSTYPE’ has no member named ‘list’
gram.y:1534: error: ‘OBJECT_VIEW’ undeclared (first use in this function)
gram.y:1535: error: ‘YYSTYPE’ has no member named ‘node’
gram.y:1535: error: expected expression before ‘)’ token
gram.y:1540: error: ‘YYSTYPE’ has no member named ‘list’
gram.y:1540: error: ‘YYSTYPE’ has no member named ‘node’
gram.y:1541: error: ‘YYSTYPE’ has no member named ‘list’
gram.y:1541: error: ‘YYSTYPE’ has no member named ‘list’
gram.y:1541: error: ‘YYSTYPE’ has no member named ‘node’
gram.y:1548: error: ‘AlterTableCmd’ undeclared (first use in this function)
gram.y:1549: error: ‘AT_AddColumn’ undeclared (first use in this function)
gram.y:1550: error: ‘YYSTYPE’ has no member named ‘node’
gram.y:1551: error: ‘YYSTYPE’ has no member named ‘node’
gram.y:1551: error: expected expression before ‘)’ token
gram.y:1557: error: ‘AT_ColumnDefault’ undeclared (first use in this function)
gram.y:1559: error: ‘YYSTYPE’ has no member named ‘node’
gram.y:1560: error: ‘YYSTYPE’ has no member named ‘node’
gram.y:1560: error: expected expression before ‘)’ token
gram.y:1566: error: ‘AT_DropNotNull’ undeclared (first use in this function)
gram.y:1568: error: ‘YYSTYPE’ has no member named ‘node’
gram.y:1568: error: expected expression before ‘)’ token
gram.y:1574: error: ‘AT_SetNotNull’ undeclared (first use in this function)
gram.y:1576: error: ‘YYSTYPE’ has no member named ‘node’
gram.y:1576: error: expected expression before ‘)’ token
gram.y:1582: error: ‘AT_SetStatistics’ undeclared (first use in this function)
gram.y:1584: error: expected expression before ‘)’ token
gram.y:1585: error: ‘YYSTYPE’ has no member named ‘node’
gram.y:1585: error: expected expression before ‘)’ token
gram.y:1591: error: ‘AT_SetStorage’ undeclared (first use in this function)
gram.y:1593: error: expected expression before ‘)’ token
gram.y:1594: error: ‘YYSTYPE’ has no member named ‘node’
gram.y:1594: error: expected expression before ‘)’ token
gram.y:1600: error: ‘AT_DropColumn’ undeclared (first use in this function)
gram.y:1602: error: ‘YYSTYPE’ has no member named ‘dbehavior’
gram.y:1603: error: ‘YYSTYPE’ has no member named ‘node’
gram.y:1603: error: expected expression before ‘)’ token
gram.y:1612: error: ‘AT_AlterColumnType’ undeclared (first use in this function)
gram.y:1614: error: expected expression before ‘)’ token
gram.y:1614: error: ‘YYSTYPE’ has no member named ‘typnam’
gram.y:1615: error: ‘YYSTYPE’ has no member named ‘node’
gram.y:1616: error: ‘YYSTYPE’ has no member named ‘node’
gram.y:1616: error: expected expression before ‘)’ token
gram.y:1622: error: ‘AT_AddConstraint’ undeclared (first use in this function)
gram.y:1623: error: ‘YYSTYPE’ has no member named ‘node’
gram.y:1624: error: ‘YYSTYPE’ has no member named ‘node’
gram.y:1624: error: expected expression before ‘)’ token
gram.y:1630: error: ‘AT_DropConstraint’ undeclared (first use in this function)
gram.y:1632: error: ‘YYSTYPE’ has no member named ‘dbehavior’
gram.y:1633: error: ‘YYSTYPE’ has no member named ‘node’
gram.y:1633: error: expected expression before ‘)’ token
gram.y:1639: error: ‘AT_AddOids’ undeclared (first use in this function)
gram.y:1640: error: ‘YYSTYPE’ has no member named ‘node’
gram.y:1640: error: expected expression before ‘)’ token
gram.y:1646: error: ‘AT_DropOids’ undeclared (first use in this function)
gram.y:1647: error: ‘YYSTYPE’ has no member named ‘node’
gram.y:1647: error: expected expression before ‘)’ token
gram.y:1653: error: ‘AT_ClusterOn’ undeclared (first use in this function)
gram.y:1655: error: ‘YYSTYPE’ has no member named ‘node’
gram.y:1655: error: expected expression before ‘)’ token
gram.y:1661: error: ‘AT_DropCluster’ undeclared (first use in this function)
gram.y:1663: error: ‘YYSTYPE’ has no member named ‘node’
gram.y:1663: error: expected expression before ‘)’ token
gram.y:1669: error: ‘AT_EnableTrig’ undeclared (first use in this function)
gram.y:1671: error: ‘YYSTYPE’ has no member named ‘node’
gram.y:1671: error: expected expression before ‘)’ token
gram.y:1677: error: ‘AT_EnableAlwaysTrig’ undeclared (first use in this function)
gram.y:1679: error: ‘YYSTYPE’ has no member named ‘node’
gram.y:1679: error: expected expression before ‘)’ token
gram.y:1685: error: ‘AT_EnableReplicaTrig’ undeclared (first use in this function)
gram.y:1687: error: ‘YYSTYPE’ has no member named ‘node’
gram.y:1687: error: expected expression before ‘)’ token
gram.y:1693: error: ‘AT_EnableTrigAll’ undeclared (first use in this function)
gram.y:1694: error: ‘YYSTYPE’ has no member named ‘node’
gram.y:1694: error: expected expression before ‘)’ token
gram.y:1700: error: ‘AT_EnableTrigUser’ undeclared (first use in this function)
gram.y:1701: error: ‘YYSTYPE’ has no member named ‘node’
gram.y:1701: error: expected expression before ‘)’ token
gram.y:1707: error: ‘AT_DisableTrig’ undeclared (first use in this function)
gram.y:1709: error: ‘YYSTYPE’ has no member named ‘node’
gram.y:1709: error: expected expression before ‘)’ token
gram.y:1715: error: ‘AT_DisableTrigAll’ undeclared (first use in this function)
gram.y:1716: error: ‘YYSTYPE’ has no member named ‘node’
gram.y:1716: error: expected expression before ‘)’ token
gram.y:1722: error: ‘AT_DisableTrigUser’ undeclared (first use in this function)
gram.y:1723: error: ‘YYSTYPE’ has no member named ‘node’
gram.y:1723: error: expected expression before ‘)’ token
gram.y:1729: error: ‘AT_EnableRule’ undeclared (first use in this function)
gram.y:1731: error: ‘YYSTYPE’ has no member named ‘node’
gram.y:1731: error: expected expression before ‘)’ token
gram.y:1737: error: ‘AT_EnableAlwaysRule’ undeclared (first use in this function)
gram.y:1739: error: ‘YYSTYPE’ has no member named ‘node’
gram.y:1739: error: expected expression before ‘)’ token
gram.y:1745: error: ‘AT_EnableReplicaRule’ undeclared (first use in this function)
gram.y:1747: error: ‘YYSTYPE’ has no member named ‘node’
gram.y:1747: error: expected expression before ‘)’ token
gram.y:1753: error: ‘AT_DisableRule’ undeclared (first use in this function)
gram.y:1755: error: ‘YYSTYPE’ has no member named ‘node’
gram.y:1755: error: expected expression before ‘)’ token
gram.y:1761: error: ‘AT_AddInherit’ undeclared (first use in this function)
gram.y:1762: error: expected expression before ‘)’ token
gram.y:1762: error: ‘YYSTYPE’ has no member named ‘range’
gram.y:1763: error: ‘YYSTYPE’ has no member named ‘node’
gram.y:1763: error: expected expression before ‘)’ token
gram.y:1769: error: ‘AT_DropInherit’ undeclared (first use in this function)
gram.y:1770: error: expected expression before ‘)’ token
gram.y:1770: error: ‘YYSTYPE’ has no member named ‘range’
gram.y:1771: error: ‘YYSTYPE’ has no member named ‘node’
gram.y:1771: error: expected expression before ‘)’ token
gram.y:1777: error: ‘AT_ChangeOwner’ undeclared (first use in this function)
gram.y:1779: error: ‘YYSTYPE’ has no member named ‘node’
gram.y:1779: error: expected expression before ‘)’ token
gram.y:1785: error: ‘AT_SetTableSpace’ undeclared (first use in this function)
gram.y:1787: error: ‘YYSTYPE’ has no member named ‘node’
gram.y:1787: error: expected expression before ‘)’ token
gram.y:1793: error: ‘AT_SetRelOptions’ undeclared (first use in this function)
gram.y:1794: error: expected expression before ‘)’ token
gram.y:1794: error: ‘YYSTYPE’ has no member named ‘list’
gram.y:1795: error: ‘YYSTYPE’ has no member named ‘node’
gram.y:1795: error: expected expression before ‘)’ token
gram.y:1801: error: ‘AT_ResetRelOptions’ undeclared (first use in this function)
gram.y:1802: error: expected expression before ‘)’ token
gram.y:1802: error: ‘YYSTYPE’ has no member named ‘list’
gram.y:1803: error: ‘YYSTYPE’ has no member named ‘node’
gram.y:1803: error: expected expression before ‘)’ token
gram.y:1808: error: ‘YYSTYPE’ has no member named ‘node’
gram.y:1808: error: ‘YYSTYPE’ has no member named ‘node’
gram.y:1809: error: ‘YYSTYPE’ has no member named ‘node’
gram.y:1813: error: ‘YYSTYPE’ has no member named ‘dbehavior’
gram.y:1813: error: ‘DROP_CASCADE’ undeclared (first use in this function)
gram.y:1814: error: ‘YYSTYPE’ has no member named ‘dbehavior’
gram.y:1814: error: ‘DROP_RESTRICT’ undeclared (first use in this function)
gram.y:1815: error: ‘YYSTYPE’ has no member named ‘dbehavior’
gram.y:1819: error: ‘YYSTYPE’ has no member named ‘node’
gram.y:1819: error: ‘YYSTYPE’ has no member named ‘node’
gram.y:1820: error: ‘YYSTYPE’ has no member named ‘node’
gram.y:1824: error: ‘YYSTYPE’ has no member named ‘list’
gram.y:1824: error: ‘YYSTYPE’ has no member named ‘list’
gram.y:1827: error: ‘YYSTYPE’ has no member named ‘list’
gram.y:1827: error: ‘YYSTYPE’ has no member named ‘list’
gram.y:1828: error: ‘YYSTYPE’ has no member named ‘list’
gram.y:1832: error: ‘YYSTYPE’ has no member named ‘list’
gram.y:1832: error: ‘YYSTYPE’ has no member named ‘defelt’
gram.y:1833: error: ‘YYSTYPE’ has no member named ‘list’
gram.y:1833: error: ‘YYSTYPE’ has no member named ‘list’
gram.y:1833: error: ‘YYSTYPE’ has no member named ‘defelt’
gram.y:1840: error: ‘YYSTYPE’ has no member named ‘defelt’
gram.y:1840: error: expected expression before ‘)’ token
gram.y:1840: error: ‘YYSTYPE’ has no member named ‘node’
gram.y:1844: error: ‘YYSTYPE’ has no member named ‘defelt’
gram.y:1848: error: ‘YYSTYPE’ has no member named ‘defelt’
gram.y:1848: error: expected expression before ‘)’ token
gram.y:1848: error: ‘YYSTYPE’ has no member named ‘node’
gram.y:1849: error: ‘DEFELEM_UNSPEC’ undeclared (first use in this function)
gram.y:1853: error: ‘YYSTYPE’ has no member named ‘defelt’
gram.y:1868: error: ‘ClosePortalStmt’ undeclared (first use in this function)
gram.y:1870: error: ‘YYSTYPE’ has no member named ‘node’
gram.y:1870: error: expected expression before ‘)’ token
gram.y:1876: error: ‘YYSTYPE’ has no member named ‘node’
gram.y:1876: error: expected expression before ‘)’ token
gram.y:1898: error: ‘CopyStmt’ undeclared (first use in this function)
gram.y:1899: error: ‘YYSTYPE’ has no member named ‘range’
gram.y:1901: error: ‘YYSTYPE’ has no member named ‘list’
gram.y:1902: error: ‘YYSTYPE’ has no member named ‘boolean’
gram.y:1907: error: ‘YYSTYPE’ has no member named ‘defelt’
gram.y:1908: error: ‘YYSTYPE’ has no member named ‘defelt’
gram.y:1909: error: ‘YYSTYPE’ has no member named ‘defelt’
gram.y:1910: error: ‘YYSTYPE’ has no member named ‘defelt’
gram.y:1911: error: ‘YYSTYPE’ has no member named ‘defelt’
gram.y:1912: error: ‘YYSTYPE’ has no member named ‘defelt’
gram.y:1913: error: ‘YYSTYPE’ has no member named ‘list’
gram.y:1914: error: ‘YYSTYPE’ has no member named ‘list’
gram.y:1915: error: ‘YYSTYPE’ has no member named ‘node’
gram.y:1915: error: expected expression before ‘)’ token
gram.y:1922: error: ‘YYSTYPE’ has no member named ‘node’
gram.y:1926: error: ‘YYSTYPE’ has no member named ‘list’
gram.y:1927: error: ‘YYSTYPE’ has no member named ‘node’
gram.y:1927: error: expected expression before ‘)’ token
gram.y:1932: error: ‘YYSTYPE’ has no member named ‘boolean’
gram.y:1933: error: ‘YYSTYPE’ has no member named ‘boolean’
gram.y:1950: error: ‘YYSTYPE’ has no member named ‘list’
gram.y:1950: error: ‘YYSTYPE’ has no member named ‘list’
gram.y:1950: error: ‘YYSTYPE’ has no member named ‘defelt’
gram.y:1951: error: ‘YYSTYPE’ has no member named ‘list’
gram.y:1958: error: ‘YYSTYPE’ has no member named ‘defelt’
gram.y:1958: error: expected expression before ‘)’ token
gram.y:1962: error: ‘YYSTYPE’ has no member named ‘defelt’
gram.y:1962: error: expected expression before ‘)’ token
gram.y:1966: error: ‘YYSTYPE’ has no member named ‘defelt’
gram.y:1966: error: expected expression before ‘)’ token
gram.y:1970: error: ‘YYSTYPE’ has no member named ‘defelt’
gram.y:1970: error: expected expression before ‘)’ token
gram.y:1974: error: ‘YYSTYPE’ has no member named ‘defelt’
gram.y:1974: error: expected expression before ‘)’ token
gram.y:1978: error: ‘YYSTYPE’ has no member named ‘defelt’
gram.y:1978: error: expected expression before ‘)’ token
gram.y:1982: error: ‘YYSTYPE’ has no member named ‘defelt’
gram.y:1982: error: expected expression before ‘)’ token
gram.y:1986: error: ‘YYSTYPE’ has no member named ‘defelt’
gram.y:1986: error: expected expression before ‘)’ token
gram.y:1990: error: ‘YYSTYPE’ has no member named ‘defelt’
gram.y:1990: error: expected expression before ‘)’ token
gram.y:1990: error: ‘YYSTYPE’ has no member named ‘list’
gram.y:1994: error: ‘YYSTYPE’ has no member named ‘defelt’
gram.y:1994: error: expected expression before ‘)’ token
gram.y:1994: error: ‘YYSTYPE’ has no member named ‘list’
gram.y:2003: error: ‘YYSTYPE’ has no member named ‘defelt’
gram.y:2003: error: expected expression before ‘)’ token
gram.y:2005: error: ‘YYSTYPE’ has no member named ‘defelt’
gram.y:2011: error: ‘YYSTYPE’ has no member named ‘defelt’
gram.y:2011: error: expected expression before ‘)’ token
gram.y:2013: error: ‘YYSTYPE’ has no member named ‘defelt’
gram.y:2020: error: ‘YYSTYPE’ has no member named ‘defelt’
gram.y:2020: error: expected expression before ‘)’ token
gram.y:2022: error: ‘YYSTYPE’ has no member named ‘defelt’
gram.y:2041: error: ‘CreateStmt’ undeclared (first use in this function)
gram.y:2042: error: ‘YYSTYPE’ has no member named ‘range’
gram.y:2042: error: ‘YYSTYPE’ has no member named ‘boolean’
gram.y:2043: error: ‘YYSTYPE’ has no member named ‘range’
gram.y:2044: error: ‘YYSTYPE’ has no member named ‘list’
gram.y:2045: error: ‘YYSTYPE’ has no member named ‘list’
gram.y:2047: error: ‘YYSTYPE’ has no member named ‘list’
gram.y:2048: error: ‘YYSTYPE’ has no member named ‘oncommit’
gram.y:2050: error: ‘YYSTYPE’ has no member named ‘node’
gram.y:2050: error: expected expression before ‘)’ token
gram.y:2059: error: ‘YYSTYPE’ has no member named ‘range’
gram.y:2059: error: ‘YYSTYPE’ has no member named ‘boolean’
gram.y:2060: error: ‘YYSTYPE’ has no member named ‘range’
gram.y:2061: error: ‘YYSTYPE’ has no member named ‘list’
gram.y:2062: error: ‘YYSTYPE’ has no member named ‘range’
gram.y:2064: error: ‘YYSTYPE’ has no member named ‘list’
gram.y:2065: error: ‘YYSTYPE’ has no member named ‘oncommit’
gram.y:2067: error: ‘YYSTYPE’ has no member named ‘node’
gram.y:2067: error: expected expression before ‘)’ token
gram.y:2078: error: ‘YYSTYPE’ has no member named ‘boolean’
gram.y:2079: error: ‘YYSTYPE’ has no member named ‘boolean’
gram.y:2080: error: ‘YYSTYPE’ has no member named ‘boolean’
gram.y:2081: error: ‘YYSTYPE’ has no member named ‘boolean’
gram.y:2082: error: ‘YYSTYPE’ has no member named ‘boolean’
gram.y:2083: error: ‘YYSTYPE’ has no member named ‘boolean’
gram.y:2084: error: ‘YYSTYPE’ has no member named ‘boolean’
gram.y:2088: error: ‘YYSTYPE’ has no member named ‘list’
gram.y:2088: error: ‘YYSTYPE’ has no member named ‘list’
gram.y:2089: error: ‘YYSTYPE’ has no member named ‘list’
gram.y:2095: error: ‘YYSTYPE’ has no member named ‘list’
gram.y:2095: error: ‘YYSTYPE’ has no member named ‘node’
gram.y:2099: error: ‘YYSTYPE’ has no member named ‘list’
gram.y:2099: error: ‘YYSTYPE’ has no member named ‘list’
gram.y:2099: error: ‘YYSTYPE’ has no member named ‘node’
gram.y:2104: error: ‘YYSTYPE’ has no member named ‘node’
gram.y:2104: error: ‘YYSTYPE’ has no member named ‘node’
gram.y:2105: error: ‘YYSTYPE’ has no member named ‘node’
gram.y:2105: error: ‘YYSTYPE’ has no member named ‘node’
gram.y:2106: error: ‘YYSTYPE’ has no member named ‘node’
gram.y:2106: error: ‘YYSTYPE’ has no member named ‘node’
gram.y:2111: error: ‘ColumnDef’ undeclared (first use in this function)
gram.y:2113: error: ‘YYSTYPE’ has no member named ‘typnam’
gram.y:2114: error: ‘YYSTYPE’ has no member named ‘list’
gram.y:2116: error: ‘YYSTYPE’ has no member named ‘node’
gram.y:2116: error: expected expression before ‘)’ token
gram.y:2121: error: ‘YYSTYPE’ has no member named ‘list’
gram.y:2121: error: ‘YYSTYPE’ has no member named ‘list’
gram.y:2121: error: ‘YYSTYPE’ has no member named ‘node’
gram.y:2122: error: ‘YYSTYPE’ has no member named ‘list’
gram.y:2128: error: ‘YYSTYPE’ has no member named ‘node’
gram.y:2130: error: ‘T_Constraint’ undeclared (first use in this function)
gram.y:2132: error: ‘Constraint’ undeclared (first use in this function)
gram.y:2132: error: expected expression before ‘)’ token
gram.y:2132: error: ‘YYSTYPE’ has no member named ‘node’
gram.y:2136: error: ‘T_FkConstraint’ undeclared (first use in this function)
gram.y:2138: error: ‘FkConstraint’ undeclared (first use in this function)
gram.y:2138: error: expected expression before ‘)’ token
gram.y:2138: error: ‘YYSTYPE’ has no member named ‘node’
gram.y:2145: error: ‘YYSTYPE’ has no member named ‘node’
gram.y:2145: error: ‘YYSTYPE’ has no member named ‘node’
gram.y:2147: error: ‘YYSTYPE’ has no member named ‘node’
gram.y:2147: error: ‘YYSTYPE’ has no member named ‘node’
gram.y:2148: error: ‘YYSTYPE’ has no member named ‘node’
gram.y:2148: error: ‘YYSTYPE’ has no member named ‘node’
gram.y:2170: error: ‘CONSTR_NOTNULL’ undeclared (first use in this function)
gram.y:2176: error: ‘YYSTYPE’ has no member named ‘node’
gram.y:2176: error: expected expression before ‘)’ token
gram.y:2181: error: ‘CONSTR_NULL’ undeclared (first use in this function)
gram.y:2187: error: ‘YYSTYPE’ has no member named ‘node’
gram.y:2187: error: expected expression before ‘)’ token
gram.y:2192: error: ‘CONSTR_UNIQUE’ undeclared (first use in this function)
gram.y:2197: error: ‘YYSTYPE’ has no member named ‘list’
gram.y:2199: error: ‘YYSTYPE’ has no member named ‘node’
gram.y:2199: error: expected expression before ‘)’ token
gram.y:2204: error: ‘CONSTR_PRIMARY’ undeclared (first use in this function)
gram.y:2209: error: ‘YYSTYPE’ has no member named ‘list’
gram.y:2211: error: ‘YYSTYPE’ has no member named ‘node’
gram.y:2211: error: expected expression before ‘)’ token
gram.y:2216: error: ‘CONSTR_CHECK’ undeclared (first use in this function)
gram.y:2218: error: ‘YYSTYPE’ has no member named ‘node’
gram.y:2222: error: ‘YYSTYPE’ has no member named ‘node’
gram.y:2222: error: expected expression before ‘)’ token
gram.y:2227: error: ‘CONSTR_DEFAULT’ undeclared (first use in this function)
gram.y:2229: error: ‘YYSTYPE’ has no member named ‘node’
gram.y:2233: error: ‘YYSTYPE’ has no member named ‘node’
gram.y:2233: error: expected expression before ‘)’ token
gram.y:2239: error: ‘YYSTYPE’ has no member named ‘range’
gram.y:2241: error: ‘YYSTYPE’ has no member named ‘list’
gram.y:2247: error: ‘YYSTYPE’ has no member named ‘node’
gram.y:2247: error: expected expression before ‘)’ token
gram.y:2267: error: ‘CONSTR_ATTR_DEFERRABLE’ undeclared (first use in this function)
gram.y:2268: error: ‘YYSTYPE’ has no member named ‘node’
gram.y:2268: error: expected expression before ‘)’ token
gram.y:2273: error: ‘CONSTR_ATTR_NOT_DEFERRABLE’ undeclared (first use in this function)
gram.y:2274: error: ‘YYSTYPE’ has no member named ‘node’
gram.y:2274: error: expected expression before ‘)’ token
gram.y:2279: error: ‘CONSTR_ATTR_DEFERRED’ undeclared (first use in this function)
gram.y:2280: error: ‘YYSTYPE’ has no member named ‘node’
gram.y:2280: error: expected expression before ‘)’ token
gram.y:2285: error: ‘CONSTR_ATTR_IMMEDIATE’ undeclared (first use in this function)
gram.y:2286: error: ‘YYSTYPE’ has no member named ‘node’
gram.y:2286: error: expected expression before ‘)’ token
gram.y:2302: error: ‘InhRelation’ undeclared (first use in this function)
gram.y:2303: error: ‘YYSTYPE’ has no member named ‘range’
gram.y:2304: error: ‘YYSTYPE’ has no member named ‘list’
gram.y:2305: error: ‘YYSTYPE’ has no member named ‘node’
gram.y:2305: error: expected expression before ‘)’ token
gram.y:2310: error: ‘YYSTYPE’ has no member named ‘list’
gram.y:2310: error: ‘YYSTYPE’ has no member named ‘list’
gram.y:2311: error: ‘YYSTYPE’ has no member named ‘list’
gram.y:2315: error: ‘CREATE_TABLE_LIKE_INCLUDING_DEFAULTS’ undeclared (first use in this function)
gram.y:2316: error: ‘CREATE_TABLE_LIKE_EXCLUDING_DEFAULTS’ undeclared (first use in this function)
gram.y:2317: error: ‘CREATE_TABLE_LIKE_INCLUDING_CONSTRAINTS’ undeclared (first use in this function)
gram.y:2318: error: ‘CREATE_TABLE_LIKE_EXCLUDING_CONSTRAINTS’ undeclared (first use in this function)
gram.y:2319: error: ‘CREATE_TABLE_LIKE_INCLUDING_INDEXES’ undeclared (first use in this function)
gram.y:2320: error: ‘CREATE_TABLE_LIKE_EXCLUDING_INDEXES’ undeclared (first use in this function)
gram.y:2331: error: ‘YYSTYPE’ has no member named ‘node’
gram.y:2335: error: expected expression before ‘)’ token
gram.y:2335: error: ‘YYSTYPE’ has no member named ‘node’
gram.y:2341: error: expected expression before ‘)’ token
gram.y:2341: error: ‘YYSTYPE’ has no member named ‘node’
gram.y:2348: error: ‘YYSTYPE’ has no member named ‘node’
gram.y:2348: error: ‘YYSTYPE’ has no member named ‘node’
gram.y:2350: error: ‘YYSTYPE’ has no member named ‘node’
gram.y:2350: error: ‘YYSTYPE’ has no member named ‘node’
gram.y:2359: error: ‘YYSTYPE’ has no member named ‘node’
gram.y:2362: error: ‘YYSTYPE’ has no member named ‘node’
gram.y:2362: error: expected expression before ‘)’ token
gram.y:2371: error: ‘YYSTYPE’ has no member named ‘list’
gram.y:2372: error: ‘YYSTYPE’ has no member named ‘list’
gram.y:2374: error: ‘YYSTYPE’ has no member named ‘node’
gram.y:2374: error: expected expression before ‘)’ token
gram.y:2383: error: ‘YYSTYPE’ has no member named ‘list’
gram.y:2384: error: ‘YYSTYPE’ has no member named ‘list’
gram.y:2386: error: ‘YYSTYPE’ has no member named ‘node’
gram.y:2386: error: expected expression before ‘)’ token
gram.y:2393: error: ‘YYSTYPE’ has no member named ‘range’
gram.y:2394: error: ‘YYSTYPE’ has no member named ‘list’
gram.y:2395: error: ‘YYSTYPE’ has no member named ‘list’
gram.y:2401: error: ‘YYSTYPE’ has no member named ‘node’
gram.y:2401: error: expected expression before ‘)’ token
gram.y:2406: error: ‘YYSTYPE’ has no member named ‘list’
gram.y:2406: error: ‘YYSTYPE’ has no member named ‘list’
gram.y:2407: error: ‘YYSTYPE’ has no member named ‘list’
gram.y:2411: error: ‘YYSTYPE’ has no member named ‘list’
gram.y:2411: error: ‘YYSTYPE’ has no member named ‘node’
gram.y:2412: error: ‘YYSTYPE’ has no member named ‘list’
gram.y:2412: error: ‘YYSTYPE’ has no member named ‘list’
gram.y:2412: error: ‘YYSTYPE’ has no member named ‘node’
gram.y:2417: error: ‘YYSTYPE’ has no member named ‘node’
gram.y:2417: error: expected expression before ‘)’ token
gram.y:2423: error: ‘FKCONSTR_MATCH_FULL’ undeclared (first use in this function)
gram.y:2431: error: ‘FKCONSTR_MATCH_PARTIAL’ undeclared (first use in this function)
gram.y:2435: error: ‘FKCONSTR_MATCH_UNSPECIFIED’ undeclared (first use in this function)
gram.y:2451: error: ‘FKCONSTR_ACTION_NOACTION’ undeclared (first use in this function)
gram.y:2470: error: ‘FKCONSTR_ACTION_RESTRICT’ undeclared (first use in this function)
gram.y:2471: error: ‘FKCONSTR_ACTION_CASCADE’ undeclared (first use in this function)
gram.y:2472: error: ‘FKCONSTR_ACTION_SETNULL’ undeclared (first use in this function)
gram.y:2473: error: ‘FKCONSTR_ACTION_SETDEFAULT’ undeclared (first use in this function)
gram.y:2476: error: ‘YYSTYPE’ has no member named ‘list’
gram.y:2476: error: ‘YYSTYPE’ has no member named ‘list’
gram.y:2477: error: ‘YYSTYPE’ has no member named ‘list’
gram.y:2482: error: ‘YYSTYPE’ has no member named ‘list’
gram.y:2482: error: ‘YYSTYPE’ has no member named ‘list’
gram.y:2483: error: ‘YYSTYPE’ has no member named ‘list’
gram.y:2484: error: ‘YYSTYPE’ has no member named ‘list’
gram.y:2485: error: ‘YYSTYPE’ has no member named ‘list’
gram.y:2488: error: ‘YYSTYPE’ has no member named ‘oncommit’
gram.y:2488: error: ‘ONCOMMIT_DROP’ undeclared (first use in this function)
gram.y:2489: error: ‘YYSTYPE’ has no member named ‘oncommit’
gram.y:2489: error: ‘ONCOMMIT_DELETE_ROWS’ undeclared (first use in this function)
gram.y:2490: error: ‘YYSTYPE’ has no member named ‘oncommit’
gram.y:2490: error: ‘ONCOMMIT_PRESERVE_ROWS’ undeclared (first use in this function)
gram.y:2491: error: ‘YYSTYPE’ has no member named ‘oncommit’
gram.y:2491: error: ‘ONCOMMIT_NOOP’ undeclared (first use in this function)
gram.y:2518: error: ‘SelectStmt’ undeclared (first use in this function)
gram.y:2518: error: expected expression before ‘)’ token
gram.y:2518: error: ‘YYSTYPE’ has no member named ‘node’
gram.y:2523: error: expected expression before ‘)’ token
gram.y:2524: error: ‘YYSTYPE’ has no member named ‘into’
gram.y:2524: error: ‘YYSTYPE’ has no member named ‘boolean’
gram.y:2525: error: ‘YYSTYPE’ has no member named ‘into’
gram.y:2527: error: ‘YYSTYPE’ has no member named ‘boolean’
gram.y:2528: error: expected expression before ‘)’ token
gram.y:2528: error: ‘YYSTYPE’ has no member named ‘node’
gram.y:2529: error: ‘YYSTYPE’ has no member named ‘node’
gram.y:2529: error: ‘YYSTYPE’ has no member named ‘node’
gram.y:2536: error: ‘YYSTYPE’ has no member named ‘into’
gram.y:2536: error: ‘IntoClause’ undeclared (first use in this function)
gram.y:2537: error: ‘YYSTYPE’ has no member named ‘into’
gram.y:2537: error: ‘YYSTYPE’ has no member named ‘range’
gram.y:2538: error: ‘YYSTYPE’ has no member named ‘into’
gram.y:2538: error: ‘YYSTYPE’ has no member named ‘list’
gram.y:2539: error: ‘YYSTYPE’ has no member named ‘into’
gram.y:2539: error: ‘YYSTYPE’ has no member named ‘list’
gram.y:2540: error: ‘YYSTYPE’ has no member named ‘into’
gram.y:2540: error: ‘YYSTYPE’ has no member named ‘oncommit’
gram.y:2541: error: ‘YYSTYPE’ has no member named ‘into’
gram.y:2546: error: ‘YYSTYPE’ has no member named ‘list’
gram.y:2546: error: ‘YYSTYPE’ has no member named ‘list’
gram.y:2547: error: ‘YYSTYPE’ has no member named ‘list’
gram.y:2551: error: ‘YYSTYPE’ has no member named ‘list’
gram.y:2551: error: ‘YYSTYPE’ has no member named ‘node’
gram.y:2552: error: ‘YYSTYPE’ has no member named ‘list’
gram.y:2552: error: ‘YYSTYPE’ has no member named ‘list’
gram.y:2552: error: ‘YYSTYPE’ has no member named ‘node’
gram.y:2567: error: ‘YYSTYPE’ has no member named ‘node’
gram.y:2567: error: expected expression before ‘)’ token
gram.y:2572: error: ‘YYSTYPE’ has no member named ‘boolean’
gram.y:2573: error: ‘YYSTYPE’ has no member named ‘boolean’
gram.y:2574: error: ‘YYSTYPE’ has no member named ‘boolean’
gram.y:2589: error: ‘CreateSeqStmt’ undeclared (first use in this function)
gram.y:2590: error: ‘YYSTYPE’ has no member named ‘range’
gram.y:2590: error: ‘YYSTYPE’ has no member named ‘boolean’
gram.y:2591: error: ‘YYSTYPE’ has no member named ‘range’
gram.y:2592: error: ‘YYSTYPE’ has no member named ‘list’
gram.y:2593: error: ‘YYSTYPE’ has no member named ‘node’
gram.y:2593: error: expected expression before ‘)’ token
gram.y:2600: error: ‘AlterSeqStmt’ undeclared (first use in this function)
gram.y:2601: error: ‘YYSTYPE’ has no member named ‘range’
gram.y:2602: error: ‘YYSTYPE’ has no member named ‘list’
gram.y:2603: error: ‘YYSTYPE’ has no member named ‘node’
gram.y:2603: error: expected expression before ‘)’ token
gram.y:2607: error: ‘YYSTYPE’ has no member named ‘list’
gram.y:2607: error: ‘YYSTYPE’ has no member named ‘list’
gram.y:2608: error: ‘YYSTYPE’ has no member named ‘list’
gram.y:2611: error: ‘YYSTYPE’ has no member named ‘list’
gram.y:2611: error: ‘YYSTYPE’ has no member named ‘defelt’
gram.y:2612: error: ‘YYSTYPE’ has no member named ‘list’
gram.y:2612: error: ‘YYSTYPE’ has no member named ‘list’
gram.y:2612: error: ‘YYSTYPE’ has no member named ‘defelt’
gram.y:2617: error: ‘YYSTYPE’ has no member named ‘defelt’
gram.y:2617: error: expected expression before ‘)’ token
gram.y:2617: error: ‘YYSTYPE’ has no member named ‘value’
gram.y:2621: error: ‘YYSTYPE’ has no member named ‘defelt’
gram.y:2621: error: expected expression before ‘)’ token
gram.y:2625: error: ‘YYSTYPE’ has no member named ‘defelt’
gram.y:2625: error: expected expression before ‘)’ token
gram.y:2629: error: ‘YYSTYPE’ has no member named ‘defelt’
gram.y:2629: error: expected expression before ‘)’ token
gram.y:2629: error: ‘YYSTYPE’ has no member named ‘value’
gram.y:2633: error: ‘YYSTYPE’ has no member named ‘defelt’
gram.y:2633: error: expected expression before ‘)’ token
gram.y:2633: error: ‘YYSTYPE’ has no member named ‘value’
gram.y:2637: error: ‘YYSTYPE’ has no member named ‘defelt’
gram.y:2637: error: expected expression before ‘)’ token
gram.y:2637: error: ‘YYSTYPE’ has no member named ‘value’
gram.y:2641: error: ‘YYSTYPE’ has no member named ‘defelt’
gram.y:2645: error: ‘YYSTYPE’ has no member named ‘defelt’
gram.y:2649: error: ‘YYSTYPE’ has no member named ‘defelt’
gram.y:2649: error: expected expression before ‘)’ token
gram.y:2649: error: ‘YYSTYPE’ has no member named ‘list’
gram.y:2653: error: ‘YYSTYPE’ has no member named ‘defelt’
gram.y:2653: error: expected expression before ‘)’ token
gram.y:2653: error: ‘YYSTYPE’ has no member named ‘value’
gram.y:2657: error: ‘YYSTYPE’ has no member named ‘defelt’
gram.y:2661: error: ‘YYSTYPE’ has no member named ‘defelt’
gram.y:2661: error: expected expression before ‘)’ token
gram.y:2661: error: ‘YYSTYPE’ has no member named ‘value’
gram.y:2670: error: ‘YYSTYPE’ has no member named ‘value’
gram.y:2673: error: ‘YYSTYPE’ has no member named ‘value’
gram.y:2674: error: ‘YYSTYPE’ has no member named ‘value’
gram.y:2676: error: ‘YYSTYPE’ has no member named ‘value’
gram.y:2690: error: ‘CreatePLangStmt’ undeclared (first use in this function)
gram.y:2696: error: ‘YYSTYPE’ has no member named ‘node’
gram.y:2696: error: expected expression before ‘)’ token
gram.y:2703: error: ‘YYSTYPE’ has no member named ‘list’
gram.y:2704: error: ‘YYSTYPE’ has no member named ‘list’
gram.y:2705: error: ‘YYSTYPE’ has no member named ‘boolean’
gram.y:2707: error: ‘YYSTYPE’ has no member named ‘node’
gram.y:2707: error: expected expression before ‘)’ token
gram.y:2712: error: ‘YYSTYPE’ has no member named ‘boolean’
gram.y:2713: error: ‘YYSTYPE’ has no member named ‘boolean’
gram.y:2721: error: ‘YYSTYPE’ has no member named ‘list’
gram.y:2722: error: ‘YYSTYPE’ has no member named ‘list’
gram.y:2722: error: ‘YYSTYPE’ has no member named ‘list’
gram.y:2726: error: ‘YYSTYPE’ has no member named ‘list’
gram.y:2726: error: ‘YYSTYPE’ has no member named ‘list’
gram.y:2727: error: ‘YYSTYPE’ has no member named ‘list’
gram.y:2731: error: ‘YYSTYPE’ has no member named ‘list’
gram.y:2731: error: ‘YYSTYPE’ has no member named ‘list’
gram.y:2732: error: ‘YYSTYPE’ has no member named ‘list’
gram.y:2743: error: ‘DropPLangStmt’ undeclared (first use in this function)
gram.y:2745: error: ‘YYSTYPE’ has no member named ‘dbehavior’
gram.y:2747: error: ‘YYSTYPE’ has no member named ‘node’
gram.y:2747: error: expected expression before ‘)’ token
gram.y:2753: error: ‘YYSTYPE’ has no member named ‘dbehavior’
gram.y:2755: error: ‘YYSTYPE’ has no member named ‘node’
gram.y:2755: error: expected expression before ‘)’ token
gram.y:2773: error: ‘CreateTableSpaceStmt’ undeclared (first use in this function)
gram.y:2777: error: ‘YYSTYPE’ has no member named ‘node’
gram.y:2777: error: expected expression before ‘)’ token
gram.y:2797: error: ‘DropTableSpaceStmt’ undeclared (first use in this function)
gram.y:2800: error: ‘YYSTYPE’ has no member named ‘node’
gram.y:2800: error: expected expression before ‘)’ token
gram.y:2807: error: ‘YYSTYPE’ has no member named ‘node’
gram.y:2807: error: expected expression before ‘)’ token
gram.y:2820: error: ‘CreateFdwStmt’ undeclared (first use in this function)
gram.y:2822: error: ‘YYSTYPE’ has no member named ‘list’
gram.y:2823: error: ‘YYSTYPE’ has no member named ‘list’
gram.y:2824: error: ‘YYSTYPE’ has no member named ‘node’
gram.y:2824: error: expected expression before ‘)’ token
gram.y:2837: error: ‘DropFdwStmt’ undeclared (first use in this function)
gram.y:2840: error: ‘YYSTYPE’ has no member named ‘dbehavior’
gram.y:2841: error: ‘YYSTYPE’ has no member named ‘node’
gram.y:2841: error: expected expression before ‘)’ token
gram.y:2848: error: ‘YYSTYPE’ has no member named ‘dbehavior’
gram.y:2849: error: ‘YYSTYPE’ has no member named ‘node’
gram.y:2849: error: expected expression before ‘)’ token
gram.y:2862: error: ‘AlterFdwStmt’ undeclared (first use in this function)
gram.y:2864: error: ‘YYSTYPE’ has no member named ‘list’
gram.y:2866: error: ‘YYSTYPE’ has no member named ‘list’
gram.y:2867: error: ‘YYSTYPE’ has no member named ‘node’
gram.y:2867: error: expected expression before ‘)’ token
gram.y:2873: error: ‘YYSTYPE’ has no member named ‘list’
gram.y:2875: error: ‘YYSTYPE’ has no member named ‘node’
gram.y:2875: error: expected expression before ‘)’ token
gram.y:2881: error: ‘YYSTYPE’ has no member named ‘list’
gram.y:2882: error: ‘YYSTYPE’ has no member named ‘node’
gram.y:2882: error: expected expression before ‘)’ token
gram.y:2888: error: ‘YYSTYPE’ has no member named ‘list’
gram.y:2888: error: ‘YYSTYPE’ has no member named ‘list’
gram.y:2889: error: ‘YYSTYPE’ has no member named ‘list’
gram.y:2895: error: ‘YYSTYPE’ has no member named ‘list’
gram.y:2895: error: ‘YYSTYPE’ has no member named ‘defelt’
gram.y:2899: error: ‘YYSTYPE’ has no member named ‘list’
gram.y:2899: error: ‘YYSTYPE’ has no member named ‘list’
gram.y:2899: error: ‘YYSTYPE’ has no member named ‘defelt’
gram.y:2905: error: ‘YYSTYPE’ has no member named ‘list’
gram.y:2905: error: ‘YYSTYPE’ has no member named ‘list’
gram.y:2911: error: ‘YYSTYPE’ has no member named ‘list’
gram.y:2911: error: ‘YYSTYPE’ has no member named ‘defelt’
gram.y:2915: error: ‘YYSTYPE’ has no member named ‘list’
gram.y:2915: error: ‘YYSTYPE’ has no member named ‘list’
gram.y:2915: error: ‘YYSTYPE’ has no member named ‘defelt’
gram.y:2922: error: ‘YYSTYPE’ has no member named ‘defelt’
gram.y:2922: error: ‘YYSTYPE’ has no member named ‘defelt’
gram.y:2926: error: ‘YYSTYPE’ has no member named ‘defelt’
gram.y:2926: error: ‘YYSTYPE’ has no member named ‘defelt’
gram.y:2927: error: ‘YYSTYPE’ has no member named ‘defelt’
gram.y:2927: error: ‘DEFELEM_SET’ undeclared (first use in this function)
gram.y:2931: error: ‘YYSTYPE’ has no member named ‘defelt’
gram.y:2931: error: ‘YYSTYPE’ has no member named ‘defelt’
gram.y:2932: error: ‘YYSTYPE’ has no member named ‘defelt’
gram.y:2932: error: ‘DEFELEM_ADD’ undeclared (first use in this function)
gram.y:2936: error: ‘YYSTYPE’ has no member named ‘defelt’
gram.y:2936: error: ‘DEFELEM_DROP’ undeclared (first use in this function)
gram.y:2943: error: ‘YYSTYPE’ has no member named ‘defelt’
gram.y:2943: error: ‘YYSTYPE’ has no member named ‘node’
gram.y:2953: error: ‘YYSTYPE’ has no member named ‘node’
gram.y:2953: error: expected expression before ‘)’ token
gram.y:2966: error: ‘CreateForeignServerStmt’ undeclared (first use in this function)
gram.y:2971: error: ‘YYSTYPE’ has no member named ‘list’
gram.y:2972: error: ‘YYSTYPE’ has no member named ‘node’
gram.y:2972: error: expected expression before ‘)’ token
gram.y:3001: error: ‘DropForeignServerStmt’ undeclared (first use in this function)
gram.y:3004: error: ‘YYSTYPE’ has no member named ‘dbehavior’
gram.y:3005: error: ‘YYSTYPE’ has no member named ‘node’
gram.y:3005: error: expected expression before ‘)’ token
gram.y:3012: error: ‘YYSTYPE’ has no member named ‘dbehavior’
gram.y:3013: error: ‘YYSTYPE’ has no member named ‘node’
gram.y:3013: error: expected expression before ‘)’ token
gram.y:3026: error: ‘AlterForeignServerStmt’ undeclared (first use in this function)
gram.y:3029: error: ‘YYSTYPE’ has no member named ‘list’
gram.y:3031: error: ‘YYSTYPE’ has no member named ‘node’
gram.y:3031: error: expected expression before ‘)’ token
gram.y:3039: error: ‘YYSTYPE’ has no member named ‘node’
gram.y:3039: error: expected expression before ‘)’ token
gram.y:3045: error: ‘YYSTYPE’ has no member named ‘list’
gram.y:3046: error: ‘YYSTYPE’ has no member named ‘node’
gram.y:3046: error: expected expression before ‘)’ token
gram.y:3059: error: ‘CreateUserMappingStmt’ undeclared (first use in this function)
gram.y:3062: error: ‘YYSTYPE’ has no member named ‘list’
gram.y:3063: error: ‘YYSTYPE’ has no member named ‘node’
gram.y:3063: error: expected expression before ‘)’ token
gram.y:3083: error: ‘DropUserMappingStmt’ undeclared (first use in this function)
gram.y:3087: error: ‘YYSTYPE’ has no member named ‘node’
gram.y:3087: error: expected expression before ‘)’ token
gram.y:3095: error: ‘YYSTYPE’ has no member named ‘node’
gram.y:3095: error: expected expression before ‘)’ token
gram.y:3108: error: ‘AlterUserMappingStmt’ undeclared (first use in this function)
gram.y:3111: error: ‘YYSTYPE’ has no member named ‘list’
gram.y:3112: error: ‘YYSTYPE’ has no member named ‘node’
gram.y:3112: error: expected expression before ‘)’ token
gram.y:3129: error: ‘CreateTrigStmt’ undeclared (first use in this function)
gram.y:3131: error: ‘YYSTYPE’ has no member named ‘range’
gram.y:3132: error: ‘YYSTYPE’ has no member named ‘list’
gram.y:3133: error: ‘YYSTYPE’ has no member named ‘list’
gram.y:3134: error: ‘YYSTYPE’ has no member named ‘boolean’
gram.y:3135: error: ‘YYSTYPE’ has no member named ‘boolean’
gram.y:3141: error: ‘YYSTYPE’ has no member named ‘node’
gram.y:3141: error: expected expression before ‘)’ token
gram.y:3151: error: ‘YYSTYPE’ has no member named ‘range’
gram.y:3152: error: ‘YYSTYPE’ has no member named ‘list’
gram.y:3153: error: ‘YYSTYPE’ has no member named ‘list’
gram.y:3160: error: ‘YYSTYPE’ has no member named ‘range’
gram.y:3161: error: ‘YYSTYPE’ has no member named ‘node’
gram.y:3161: error: expected expression before ‘)’ token
gram.y:3166: error: ‘YYSTYPE’ has no member named ‘boolean’
gram.y:3167: error: ‘YYSTYPE’ has no member named ‘boolean’
gram.y:3182: error: ‘TRIGGER_TYPE_INSERT’ undeclared (first use in this function)
gram.y:3183: error: ‘TRIGGER_TYPE_DELETE’ undeclared (first use in this function)
gram.y:3184: error: ‘TRIGGER_TYPE_UPDATE’ undeclared (first use in this function)
gram.y:3185: error: ‘TRIGGER_TYPE_TRUNCATE’ undeclared (first use in this function)
gram.y:3191: error: ‘YYSTYPE’ has no member named ‘boolean’
gram.y:3191: error: ‘YYSTYPE’ has no member named ‘boolean’
gram.y:3199: error: ‘YYSTYPE’ has no member named ‘boolean’
gram.y:3209: error: ‘YYSTYPE’ has no member named ‘boolean’
gram.y:3210: error: ‘YYSTYPE’ has no member named ‘boolean’
gram.y:3214: error: ‘YYSTYPE’ has no member named ‘list’
gram.y:3214: error: ‘YYSTYPE’ has no member named ‘value’
gram.y:3215: error: ‘YYSTYPE’ has no member named ‘list’
gram.y:3215: error: ‘YYSTYPE’ has no member named ‘list’
gram.y:3215: error: ‘YYSTYPE’ has no member named ‘value’
gram.y:3216: error: ‘YYSTYPE’ has no member named ‘list’
gram.y:3223: warning: incompatible implicit declaration of built-in function ‘snprintf’
gram.y:3224: error: ‘YYSTYPE’ has no member named ‘value’
gram.y:3226: error: ‘YYSTYPE’ has no member named ‘value’
gram.y:3227: error: ‘YYSTYPE’ has no member named ‘value’
gram.y:3228: error: ‘YYSTYPE’ has no member named ‘value’
gram.y:3229: error: ‘YYSTYPE’ has no member named ‘value’
gram.y:3230: error: ‘YYSTYPE’ has no member named ‘value’
gram.y:3234: error: ‘YYSTYPE’ has no member named ‘range’
gram.y:3234: error: ‘YYSTYPE’ has no member named ‘range’
gram.y:3235: error: ‘YYSTYPE’ has no member named ‘range’
gram.y:3284: error: ‘DropPropertyStmt’ undeclared (first use in this function)
gram.y:3285: error: ‘YYSTYPE’ has no member named ‘range’
gram.y:3287: error: ‘YYSTYPE’ has no member named ‘dbehavior’
gram.y:3288: error: ‘OBJECT_TRIGGER’ undeclared (first use in this function)
gram.y:3290: error: ‘YYSTYPE’ has no member named ‘node’
gram.y:3290: error: expected expression before ‘)’ token
gram.y:3295: error: ‘YYSTYPE’ has no member named ‘range’
gram.y:3297: error: ‘YYSTYPE’ has no member named ‘dbehavior’
gram.y:3300: error: ‘YYSTYPE’ has no member named ‘node’
gram.y:3300: error: expected expression before ‘)’ token
gram.y:3319: error: ‘YYSTYPE’ has no member named ‘node’
gram.y:3328: error: ‘YYSTYPE’ has no member named ‘node’
gram.y:3328: error: expected expression before ‘)’ token
gram.y:3338: error: ‘YYSTYPE’ has no member named ‘dbehavior’
gram.y:3343: error: ‘YYSTYPE’ has no member named ‘node’
gram.y:3343: error: expected expression before ‘)’ token
gram.y:3358: error: ‘DefineStmt’ undeclared (first use in this function)
gram.y:3359: error: ‘OBJECT_AGGREGATE’ undeclared (first use in this function)
gram.y:3361: error: ‘YYSTYPE’ has no member named ‘list’
gram.y:3362: error: ‘YYSTYPE’ has no member named ‘list’
gram.y:3363: error: ‘YYSTYPE’ has no member named ‘list’
gram.y:3364: error: ‘YYSTYPE’ has no member named ‘node’
gram.y:3364: error: expected expression before ‘)’ token
gram.y:3372: error: ‘YYSTYPE’ has no member named ‘list’
gram.y:3374: error: ‘YYSTYPE’ has no member named ‘list’
gram.y:3375: error: ‘YYSTYPE’ has no member named ‘node’
gram.y:3375: error: expected expression before ‘)’ token
gram.y:3380: error: ‘OBJECT_OPERATOR’ undeclared (first use in this function)
gram.y:3382: error: ‘YYSTYPE’ has no member named ‘list’
gram.y:3384: error: ‘YYSTYPE’ has no member named ‘list’
gram.y:3385: error: ‘YYSTYPE’ has no member named ‘node’
gram.y:3385: error: expected expression before ‘)’ token
gram.y:3390: error: ‘OBJECT_TYPE’ undeclared (first use in this function)
gram.y:3392: error: ‘YYSTYPE’ has no member named ‘list’
gram.y:3394: error: ‘YYSTYPE’ has no member named ‘list’
gram.y:3395: error: ‘YYSTYPE’ has no member named ‘node’
gram.y:3395: error: expected expression before ‘)’ token
gram.y:3403: error: ‘YYSTYPE’ has no member named ‘list’
gram.y:3406: error: ‘YYSTYPE’ has no member named ‘node’
gram.y:3406: error: expected expression before ‘)’ token
gram.y:3410: error: ‘CompositeTypeStmt’ undeclared (first use in this function)
gram.y:3411: error: ‘RangeVar’ undeclared (first use in this function)
gram.y:3411: error: ‘r’ undeclared (first use in this function)
gram.y:3414: error: ‘YYSTYPE’ has no member named ‘list’
gram.y:3419: error: ‘YYSTYPE’ has no member named ‘list’
gram.y:3423: error: ‘YYSTYPE’ has no member named ‘list’
gram.y:3424: error: ‘YYSTYPE’ has no member named ‘list’
gram.y:3427: error: ‘YYSTYPE’ has no member named ‘list’
gram.y:3428: error: ‘YYSTYPE’ has no member named ‘list’
gram.y:3429: error: ‘YYSTYPE’ has no member named ‘list’
gram.y:3435: error: ‘YYSTYPE’ has no member named ‘list’
gram.y:3441: error: ‘YYSTYPE’ has no member named ‘list’
gram.y:3442: error: ‘YYSTYPE’ has no member named ‘node’
gram.y:3442: error: expected expression before ‘)’ token
gram.y:3446: error: ‘CreateEnumStmt’ undeclared (first use in this function)
gram.y:3447: error: ‘YYSTYPE’ has no member named ‘list’
gram.y:3448: error: ‘YYSTYPE’ has no member named ‘list’
gram.y:3449: error: ‘YYSTYPE’ has no member named ‘node’
gram.y:3449: error: expected expression before ‘)’ token
gram.y:3454: error: ‘OBJECT_TSPARSER’ undeclared (first use in this function)
gram.y:3456: error: ‘YYSTYPE’ has no member named ‘list’
gram.y:3457: error: ‘YYSTYPE’ has no member named ‘list’
gram.y:3458: error: ‘YYSTYPE’ has no member named ‘node’
gram.y:3458: error: expected expression before ‘)’ token
gram.y:3463: error: ‘OBJECT_TSDICTIONARY’ undeclared (first use in this function)
gram.y:3465: error: ‘YYSTYPE’ has no member named ‘list’
gram.y:3466: error: ‘YYSTYPE’ has no member named ‘list’
gram.y:3467: error: ‘YYSTYPE’ has no member named ‘node’
gram.y:3467: error: expected expression before ‘)’ token
gram.y:3472: error: ‘OBJECT_TSTEMPLATE’ undeclared (first use in this function)
gram.y:3474: error: ‘YYSTYPE’ has no member named ‘list’
gram.y:3475: error: ‘YYSTYPE’ has no member named ‘list’
gram.y:3476: error: ‘YYSTYPE’ has no member named ‘node’
gram.y:3476: error: expected expression before ‘)’ token
gram.y:3481: error: ‘OBJECT_TSCONFIGURATION’ undeclared (first use in this function)
gram.y:3483: error: ‘YYSTYPE’ has no member named ‘list’
gram.y:3484: error: ‘YYSTYPE’ has no member named ‘list’
gram.y:3485: error: ‘YYSTYPE’ has no member named ‘node’
gram.y:3485: error: expected expression before ‘)’ token
gram.y:3489: error: ‘YYSTYPE’ has no member named ‘list’
gram.y:3489: error: ‘YYSTYPE’ has no member named ‘list’
gram.y:3492: error: ‘YYSTYPE’ has no member named ‘list’
gram.y:3492: error: ‘YYSTYPE’ has no member named ‘defelt’
gram.y:3493: error: ‘YYSTYPE’ has no member named ‘list’
gram.y:3493: error: ‘YYSTYPE’ has no member named ‘list’
gram.y:3493: error: ‘YYSTYPE’ has no member named ‘defelt’
gram.y:3498: error: ‘YYSTYPE’ has no member named ‘defelt’
gram.y:3498: error: expected expression before ‘)’ token
gram.y:3498: error: ‘YYSTYPE’ has no member named ‘node’
gram.y:3502: error: ‘YYSTYPE’ has no member named ‘defelt’
gram.y:3507: error: ‘YYSTYPE’ has no member named ‘node’
gram.y:3507: error: expected expression before ‘)’ token
gram.y:3507: error: ‘YYSTYPE’ has no member named ‘typnam’
gram.y:3508: error: ‘YYSTYPE’ has no member named ‘node’
gram.y:3508: error: expected expression before ‘)’ token
gram.y:3509: error: ‘YYSTYPE’ has no member named ‘node’
gram.y:3509: error: expected expression before ‘)’ token
gram.y:3509: error: ‘YYSTYPE’ has no member named ‘list’
gram.y:3510: error: ‘YYSTYPE’ has no member named ‘node’
gram.y:3510: error: expected expression before ‘)’ token
gram.y:3510: error: ‘YYSTYPE’ has no member named ‘value’
gram.y:3511: error: ‘YYSTYPE’ has no member named ‘node’
gram.y:3511: error: expected expression before ‘)’ token
gram.y:3514: error: ‘YYSTYPE’ has no member named ‘list’
gram.y:3514: error: ‘YYSTYPE’ has no member named ‘list’
gram.y:3515: error: ‘YYSTYPE’ has no member named ‘list’
gram.y:3518: error: ‘YYSTYPE’ has no member named ‘list’
gram.y:3518: error: ‘YYSTYPE’ has no member named ‘list’
gram.y:3521: error: ‘YYSTYPE’ has no member named ‘list’
gram.y:3521: error: ‘YYSTYPE’ has no member named ‘defelt’
gram.y:3522: error: ‘YYSTYPE’ has no member named ‘list’
gram.y:3522: error: ‘YYSTYPE’ has no member named ‘list’
gram.y:3522: error: ‘YYSTYPE’ has no member named ‘defelt’
gram.y:3532: error: ‘YYSTYPE’ has no member named ‘defelt’
gram.y:3532: error: expected expression before ‘)’ token
gram.y:3532: error: ‘YYSTYPE’ has no member named ‘node’
gram.y:3537: error: ‘YYSTYPE’ has no member named ‘list’
gram.y:3539: error: ‘YYSTYPE’ has no member named ‘list’
gram.y:3539: error: ‘YYSTYPE’ has no member named ‘list’
gram.y:3558: error: ‘CreateOpClassStmt’ undeclared (first use in this function)
gram.y:3559: error: ‘YYSTYPE’ has no member named ‘list’
gram.y:3560: error: ‘YYSTYPE’ has no member named ‘boolean’
gram.y:3561: error: ‘YYSTYPE’ has no member named ‘typnam’
gram.y:3563: error: ‘YYSTYPE’ has no member named ‘list’
gram.y:3564: error: ‘YYSTYPE’ has no member named ‘list’
gram.y:3565: error: ‘YYSTYPE’ has no member named ‘node’
gram.y:3565: error: expected expression before ‘)’ token
gram.y:3570: error: ‘YYSTYPE’ has no member named ‘list’
gram.y:3570: error: ‘YYSTYPE’ has no member named ‘node’
gram.y:3571: error: ‘YYSTYPE’ has no member named ‘list’
gram.y:3571: error: ‘YYSTYPE’ has no member named ‘list’
gram.y:3571: error: ‘YYSTYPE’ has no member named ‘node’
gram.y:3577: error: ‘CreateOpClassItem’ undeclared (first use in this function)
gram.y:3578: error: ‘OPCLASS_ITEM_OPERATOR’ undeclared (first use in this function)
gram.y:3579: error: ‘YYSTYPE’ has no member named ‘list’
gram.y:3582: error: ‘YYSTYPE’ has no member named ‘node’
gram.y:3582: error: expected expression before ‘)’ token
gram.y:3588: error: ‘YYSTYPE’ has no member named ‘list’
gram.y:3589: error: ‘YYSTYPE’ has no member named ‘list’
gram.y:3591: error: ‘YYSTYPE’ has no member named ‘node’
gram.y:3591: error: expected expression before ‘)’ token
gram.y:3596: error: ‘OPCLASS_ITEM_FUNCTION’ undeclared (first use in this function)
gram.y:3597: error: ‘YYSTYPE’ has no member named ‘list’
gram.y:3598: error: ‘YYSTYPE’ has no member named ‘list’
gram.y:3600: error: ‘YYSTYPE’ has no member named ‘node’
gram.y:3600: error: expected expression before ‘)’ token
gram.y:3606: error: ‘YYSTYPE’ has no member named ‘list’
gram.y:3607: error: ‘YYSTYPE’ has no member named ‘list’
gram.y:3609: error: ‘YYSTYPE’ has no member named ‘list’
gram.y:3610: error: ‘YYSTYPE’ has no member named ‘node’
gram.y:3610: error: expected expression before ‘)’ token
gram.y:3615: error: ‘OPCLASS_ITEM_STORAGETYPE’ undeclared (first use in this function)
gram.y:3616: error: ‘YYSTYPE’ has no member named ‘typnam’
gram.y:3617: error: ‘YYSTYPE’ has no member named ‘node’
gram.y:3617: error: expected expression before ‘)’ token
gram.y:3621: error: ‘YYSTYPE’ has no member named ‘boolean’
gram.y:3622: error: ‘YYSTYPE’ has no member named ‘boolean’
gram.y:3625: error: ‘YYSTYPE’ has no member named ‘list’
gram.y:3625: error: ‘YYSTYPE’ has no member named ‘list’
gram.y:3626: error: ‘YYSTYPE’ has no member named ‘list’
gram.y:3636: error: ‘NOTICE’ undeclared (first use in this function)
gram.y:3641: error: ‘YYSTYPE’ has no member named ‘boolean’
gram.y:3643: error: ‘YYSTYPE’ has no member named ‘boolean’
gram.y:3650: error: ‘CreateOpFamilyStmt’ undeclared (first use in this function)
gram.y:3651: error: ‘YYSTYPE’ has no member named ‘list’
gram.y:3653: error: ‘YYSTYPE’ has no member named ‘node’
gram.y:3653: error: expected expression before ‘)’ token
gram.y:3660: error: ‘AlterOpFamilyStmt’ undeclared (first use in this function)
gram.y:3661: error: ‘YYSTYPE’ has no member named ‘list’
gram.y:3664: error: ‘YYSTYPE’ has no member named ‘list’
gram.y:3665: error: ‘YYSTYPE’ has no member named ‘node’
gram.y:3665: error: expected expression before ‘)’ token
gram.y:3670: error: ‘YYSTYPE’ has no member named ‘list’
gram.y:3673: error: ‘YYSTYPE’ has no member named ‘list’
gram.y:3674: error: ‘YYSTYPE’ has no member named ‘node’
gram.y:3674: error: expected expression before ‘)’ token
gram.y:3679: error: ‘YYSTYPE’ has no member named ‘list’
gram.y:3679: error: ‘YYSTYPE’ has no member named ‘node’
gram.y:3680: error: ‘YYSTYPE’ has no member named ‘list’
gram.y:3680: error: ‘YYSTYPE’ has no member named ‘list’
gram.y:3680: error: ‘YYSTYPE’ has no member named ‘node’
gram.y:3689: error: ‘YYSTYPE’ has no member named ‘list’
gram.y:3690: error: ‘YYSTYPE’ has no member named ‘node’
gram.y:3690: error: expected expression before ‘)’ token
gram.y:3697: error: ‘YYSTYPE’ has no member named ‘list’
gram.y:3698: error: ‘YYSTYPE’ has no member named ‘node’
gram.y:3698: error: expected expression before ‘)’ token
gram.y:3706: error: ‘RemoveOpClassStmt’ undeclared (first use in this function)
gram.y:3707: error: ‘YYSTYPE’ has no member named ‘list’
gram.y:3709: error: ‘YYSTYPE’ has no member named ‘dbehavior’
gram.y:3711: error: ‘YYSTYPE’ has no member named ‘node’
gram.y:3711: error: expected expression before ‘)’ token
gram.y:3716: error: ‘YYSTYPE’ has no member named ‘list’
gram.y:3718: error: ‘YYSTYPE’ has no member named ‘dbehavior’
gram.y:3720: error: ‘YYSTYPE’ has no member named ‘node’
gram.y:3720: error: expected expression before ‘)’ token
gram.y:3727: error: ‘RemoveOpFamilyStmt’ undeclared (first use in this function)
gram.y:3728: error: ‘YYSTYPE’ has no member named ‘list’
gram.y:3730: error: ‘YYSTYPE’ has no member named ‘dbehavior’
gram.y:3732: error: ‘YYSTYPE’ has no member named ‘node’
gram.y:3732: error: expected expression before ‘)’ token
gram.y:3737: error: ‘YYSTYPE’ has no member named ‘list’
gram.y:3739: error: ‘YYSTYPE’ has no member named ‘dbehavior’
gram.y:3741: error: ‘YYSTYPE’ has no member named ‘node’
gram.y:3741: error: expected expression before ‘)’ token
gram.y:3757: error: ‘DropOwnedStmt’ undeclared (first use in this function)
gram.y:3758: error: ‘YYSTYPE’ has no member named ‘list’
gram.y:3759: error: ‘YYSTYPE’ has no member named ‘dbehavior’
gram.y:3760: error: ‘YYSTYPE’ has no member named ‘node’
gram.y:3760: error: expected expression before ‘)’ token
gram.y:3767: error: ‘ReassignOwnedStmt’ undeclared (first use in this function)
gram.y:3768: error: ‘YYSTYPE’ has no member named ‘list’
gram.y:3770: error: ‘YYSTYPE’ has no member named ‘node’
gram.y:3770: error: expected expression before ‘)’ token
gram.y:3785: error: ‘DropStmt’ undeclared (first use in this function)
gram.y:3786: error: ‘YYSTYPE’ has no member named ‘objtype’
gram.y:3788: error: ‘YYSTYPE’ has no member named ‘list’
gram.y:3789: error: ‘YYSTYPE’ has no member named ‘dbehavior’
gram.y:3790: error: ‘YYSTYPE’ has no member named ‘node’
gram.y:3790: error: expected expression before ‘)’ token
gram.y:3795: error: ‘YYSTYPE’ has no member named ‘objtype’
gram.y:3797: error: ‘YYSTYPE’ has no member named ‘list’
gram.y:3798: error: ‘YYSTYPE’ has no member named ‘dbehavior’
gram.y:3799: error: ‘YYSTYPE’ has no member named ‘node’
gram.y:3799: error: expected expression before ‘)’ token
gram.y:3804: error: ‘YYSTYPE’ has no member named ‘objtype’
gram.y:3805: error: ‘YYSTYPE’ has no member named ‘objtype’
gram.y:3806: error: ‘YYSTYPE’ has no member named ‘objtype’
gram.y:3807: error: ‘YYSTYPE’ has no member named ‘objtype’
gram.y:3808: error: ‘YYSTYPE’ has no member named ‘objtype’
gram.y:3809: error: ‘YYSTYPE’ has no member named ‘objtype’
gram.y:3809: error: ‘OBJECT_DOMAIN’ undeclared (first use in this function)
gram.y:3810: error: ‘YYSTYPE’ has no member named ‘objtype’
gram.y:3810: error: ‘OBJECT_CONVERSION’ undeclared (first use in this function)
gram.y:3811: error: ‘YYSTYPE’ has no member named ‘objtype’
gram.y:3811: error: ‘OBJECT_SCHEMA’ undeclared (first use in this function)
gram.y:3812: error: ‘YYSTYPE’ has no member named ‘objtype’
gram.y:3813: error: ‘YYSTYPE’ has no member named ‘objtype’
gram.y:3814: error: ‘YYSTYPE’ has no member named ‘objtype’
gram.y:3815: error: ‘YYSTYPE’ has no member named ‘objtype’
gram.y:3819: error: ‘YYSTYPE’ has no member named ‘list’
gram.y:3819: error: ‘YYSTYPE’ has no member named ‘list’
gram.y:3820: error: ‘YYSTYPE’ has no member named ‘list’
gram.y:3820: error: ‘YYSTYPE’ has no member named ‘list’
gram.y:3820: error: ‘YYSTYPE’ has no member named ‘list’
gram.y:3823: error: ‘YYSTYPE’ has no member named ‘list’
gram.y:3824: error: ‘YYSTYPE’ has no member named ‘list’
gram.y:3824: error: ‘YYSTYPE’ has no member named ‘list’
gram.y:3828: error: ‘YYSTYPE’ has no member named ‘list’
gram.y:3830: error: ‘YYSTYPE’ has no member named ‘list’
gram.y:3830: error: ‘YYSTYPE’ has no member named ‘list’
gram.y:3844: error: ‘TruncateStmt’ undeclared (first use in this function)
gram.y:3845: error: ‘YYSTYPE’ has no member named ‘list’
gram.y:3846: error: ‘YYSTYPE’ has no member named ‘boolean’
gram.y:3847: error: ‘YYSTYPE’ has no member named ‘dbehavior’
gram.y:3848: error: ‘YYSTYPE’ has no member named ‘node’
gram.y:3848: error: expected expression before ‘)’ token
gram.y:3853: error: ‘YYSTYPE’ has no member named ‘boolean’
gram.y:3854: error: ‘YYSTYPE’ has no member named ‘boolean’
gram.y:3855: error: ‘YYSTYPE’ has no member named ‘boolean’
gram.y:3882: error: ‘CommentStmt’ undeclared (first use in this function)
gram.y:3883: error: ‘YYSTYPE’ has no member named ‘objtype’
gram.y:3884: error: ‘YYSTYPE’ has no member named ‘list’
gram.y:3887: error: ‘YYSTYPE’ has no member named ‘node’
gram.y:3887: error: expected expression before ‘)’ token
gram.y:3893: error: ‘YYSTYPE’ has no member named ‘list’
gram.y:3894: error: ‘YYSTYPE’ has no member named ‘list’
gram.y:3896: error: ‘YYSTYPE’ has no member named ‘node’
gram.y:3896: error: expected expression before ‘)’ token
gram.y:3901: error: ‘OBJECT_FUNCTION’ undeclared (first use in this function)
gram.y:3902: error: ‘YYSTYPE’ has no member named ‘list’
gram.y:3903: error: ‘YYSTYPE’ has no member named ‘list’
gram.y:3905: error: ‘YYSTYPE’ has no member named ‘node’
gram.y:3905: error: expected expression before ‘)’ token
gram.y:3911: error: ‘YYSTYPE’ has no member named ‘list’
gram.y:3912: error: ‘YYSTYPE’ has no member named ‘list’
gram.y:3914: error: ‘YYSTYPE’ has no member named ‘node’
gram.y:3914: error: expected expression before ‘)’ token
gram.y:3919: error: ‘OBJECT_CONSTRAINT’ undeclared (first use in this function)
gram.y:3920: error: ‘YYSTYPE’ has no member named ‘list’
gram.y:3923: error: ‘YYSTYPE’ has no member named ‘node’
gram.y:3923: error: expected expression before ‘)’ token
gram.y:3928: error: ‘OBJECT_RULE’ undeclared (first use in this function)
gram.y:3929: error: ‘YYSTYPE’ has no member named ‘list’
gram.y:3932: error: ‘YYSTYPE’ has no member named ‘node’
gram.y:3932: error: expected expression before ‘)’ token
gram.y:3942: error: ‘YYSTYPE’ has no member named ‘node’
gram.y:3942: error: expected expression before ‘)’ token
gram.y:3948: error: ‘YYSTYPE’ has no member named ‘list’
gram.y:3951: error: ‘YYSTYPE’ has no member named ‘node’
gram.y:3951: error: expected expression before ‘)’ token
gram.y:3956: error: ‘OBJECT_OPCLASS’ undeclared (first use in this function)
gram.y:3957: error: ‘YYSTYPE’ has no member named ‘list’
gram.y:3960: error: ‘YYSTYPE’ has no member named ‘node’
gram.y:3960: error: expected expression before ‘)’ token
gram.y:3965: error: ‘OBJECT_OPFAMILY’ undeclared (first use in this function)
gram.y:3966: error: ‘YYSTYPE’ has no member named ‘list’
gram.y:3969: error: ‘YYSTYPE’ has no member named ‘node’
gram.y:3969: error: expected expression before ‘)’ token
gram.y:3974: error: ‘OBJECT_LARGEOBJECT’ undeclared (first use in this function)
gram.y:3975: error: ‘YYSTYPE’ has no member named ‘value’
gram.y:3978: error: ‘YYSTYPE’ has no member named ‘node’
gram.y:3978: error: expected expression before ‘)’ token
gram.y:3983: error: ‘OBJECT_CAST’ undeclared (first use in this function)
gram.y:3984: error: ‘YYSTYPE’ has no member named ‘typnam’
gram.y:3985: error: ‘YYSTYPE’ has no member named ‘typnam’
gram.y:3987: error: ‘YYSTYPE’ has no member named ‘node’
gram.y:3987: error: expected expression before ‘)’ token
gram.y:3992: error: ‘OBJECT_LANGUAGE’ undeclared (first use in this function)
gram.y:3993: error: ‘YYSTYPE’ has no member named ‘list’
gram.y:3996: error: ‘YYSTYPE’ has no member named ‘node’
gram.y:3996: error: expected expression before ‘)’ token
gram.y:4002: error: ‘YYSTYPE’ has no member named ‘list’
gram.y:4004: error: ‘YYSTYPE’ has no member named ‘node’
gram.y:4004: error: expected expression before ‘)’ token
gram.y:4010: error: ‘YYSTYPE’ has no member named ‘list’
gram.y:4012: error: ‘YYSTYPE’ has no member named ‘node’
gram.y:4012: error: expected expression before ‘)’ token
gram.y:4018: error: ‘YYSTYPE’ has no member named ‘list’
gram.y:4020: error: ‘YYSTYPE’ has no member named ‘node’
gram.y:4020: error: expected expression before ‘)’ token
gram.y:4026: error: ‘YYSTYPE’ has no member named ‘list’
gram.y:4028: error: ‘YYSTYPE’ has no member named ‘node’
gram.y:4028: error: expected expression before ‘)’ token
gram.y:4033: error: ‘YYSTYPE’ has no member named ‘objtype’
gram.y:4033: error: ‘OBJECT_COLUMN’ undeclared (first use in this function)
gram.y:4034: error: ‘YYSTYPE’ has no member named ‘objtype’
gram.y:4034: error: ‘OBJECT_DATABASE’ undeclared (first use in this function)
gram.y:4035: error: ‘YYSTYPE’ has no member named ‘objtype’
gram.y:4036: error: ‘YYSTYPE’ has no member named ‘objtype’
gram.y:4037: error: ‘YYSTYPE’ has no member named ‘objtype’
gram.y:4038: error: ‘YYSTYPE’ has no member named ‘objtype’
gram.y:4039: error: ‘YYSTYPE’ has no member named ‘objtype’
gram.y:4040: error: ‘YYSTYPE’ has no member named ‘objtype’
gram.y:4041: error: ‘YYSTYPE’ has no member named ‘objtype’
gram.y:4042: error: ‘YYSTYPE’ has no member named ‘objtype’
gram.y:4043: error: ‘YYSTYPE’ has no member named ‘objtype’
gram.y:4043: error: ‘OBJECT_TABLESPACE’ undeclared (first use in this function)
gram.y:4044: error: ‘YYSTYPE’ has no member named ‘objtype’
gram.y:4044: error: ‘OBJECT_ROLE’ undeclared (first use in this function)
gram.y:4061: error: ‘FetchStmt’ undeclared (first use in this function)
gram.y:4061: error: expected expression before ‘)’ token
gram.y:4061: error: ‘YYSTYPE’ has no member named ‘node’
gram.y:4064: error: ‘YYSTYPE’ has no member named ‘node’
gram.y:4064: error: expected expression before ‘)’ token
gram.y:4069: error: ‘FETCH_FORWARD’ undeclared (first use in this function)
gram.y:4073: error: ‘YYSTYPE’ has no member named ‘node’
gram.y:4073: error: expected expression before ‘)’ token
gram.y:4077: error: expected expression before ‘)’ token
gram.y:4077: error: ‘YYSTYPE’ has no member named ‘node’
gram.y:4080: error: ‘YYSTYPE’ has no member named ‘node’
gram.y:4080: error: expected expression before ‘)’ token
gram.y:4089: error: ‘YYSTYPE’ has no member named ‘node’
gram.y:4089: error: expected expression before ‘)’ token
gram.y:4099: error: ‘YYSTYPE’ has no member named ‘node’
gram.y:4099: error: expected expression before ‘)’ token
gram.y:4106: error: ‘YYSTYPE’ has no member named ‘node’
gram.y:4106: error: expected expression before ‘)’ token
gram.y:4111: error: ‘FETCH_BACKWARD’ undeclared (first use in this function)
gram.y:4113: error: ‘YYSTYPE’ has no member named ‘node’
gram.y:4113: error: expected expression before ‘)’ token
gram.y:4118: error: ‘FETCH_ABSOLUTE’ undeclared (first use in this function)
gram.y:4120: error: ‘YYSTYPE’ has no member named ‘node’
gram.y:4120: error: expected expression before ‘)’ token
gram.y:4127: error: ‘YYSTYPE’ has no member named ‘node’
gram.y:4127: error: expected expression before ‘)’ token
gram.y:4134: error: ‘YYSTYPE’ has no member named ‘node’
gram.y:4134: error: expected expression before ‘)’ token
gram.y:4139: error: ‘FETCH_RELATIVE’ undeclared (first use in this function)
gram.y:4141: error: ‘YYSTYPE’ has no member named ‘node’
gram.y:4141: error: expected expression before ‘)’ token
gram.y:4148: error: ‘YYSTYPE’ has no member named ‘node’
gram.y:4148: error: expected expression before ‘)’ token
gram.y:4154: error: ‘FETCH_ALL’ undeclared (first use in this function)
gram.y:4155: error: ‘YYSTYPE’ has no member named ‘node’
gram.y:4155: error: expected expression before ‘)’ token
gram.y:4162: error: ‘YYSTYPE’ has no member named ‘node’
gram.y:4162: error: expected expression before ‘)’ token
gram.y:4169: error: ‘YYSTYPE’ has no member named ‘node’
gram.y:4169: error: expected expression before ‘)’ token
gram.y:4176: error: ‘YYSTYPE’ has no member named ‘node’
gram.y:4176: error: expected expression before ‘)’ token
gram.y:4183: error: ‘YYSTYPE’ has no member named ‘node’
gram.y:4183: error: expected expression before ‘)’ token
gram.y:4190: error: ‘YYSTYPE’ has no member named ‘node’
gram.y:4190: error: expected expression before ‘)’ token
gram.y:4197: error: ‘YYSTYPE’ has no member named ‘node’
gram.y:4197: error: expected expression before ‘)’ token
gram.y:4215: error: ‘GrantStmt’ undeclared (first use in this function)
gram.y:4217: error: ‘YYSTYPE’ has no member named ‘list’
gram.y:4218: error: ‘YYSTYPE’ has no member named ‘privtarget’
gram.y:4219: error: ‘YYSTYPE’ has no member named ‘privtarget’
gram.y:4220: error: ‘YYSTYPE’ has no member named ‘list’
gram.y:4221: error: ‘YYSTYPE’ has no member named ‘boolean’
gram.y:4222: error: ‘YYSTYPE’ has no member named ‘node’
gram.y:4222: error: expected expression before ‘)’ token
gram.y:4233: error: ‘YYSTYPE’ has no member named ‘list’
gram.y:4234: error: ‘YYSTYPE’ has no member named ‘privtarget’
gram.y:4235: error: ‘YYSTYPE’ has no member named ‘privtarget’
gram.y:4236: error: ‘YYSTYPE’ has no member named ‘list’
gram.y:4237: error: ‘YYSTYPE’ has no member named ‘dbehavior’
gram.y:4238: error: ‘YYSTYPE’ has no member named ‘node’
gram.y:4238: error: expected expression before ‘)’ token
gram.y:4246: error: ‘YYSTYPE’ has no member named ‘list’
gram.y:4247: error: ‘YYSTYPE’ has no member named ‘privtarget’
gram.y:4248: error: ‘YYSTYPE’ has no member named ‘privtarget’
gram.y:4249: error: ‘YYSTYPE’ has no member named ‘list’
gram.y:4250: error: ‘YYSTYPE’ has no member named ‘dbehavior’
gram.y:4251: error: ‘YYSTYPE’ has no member named ‘node’
gram.y:4251: error: expected expression before ‘)’ token
gram.y:4266: error: ‘YYSTYPE’ has no member named ‘list’
gram.y:4266: error: ‘YYSTYPE’ has no member named ‘list’
gram.y:4268: error: ‘YYSTYPE’ has no member named ‘list’
gram.y:4270: error: ‘YYSTYPE’ has no member named ‘list’
gram.y:4273: error: ‘AccessPriv’ undeclared (first use in this function)
gram.y:4275: error: ‘YYSTYPE’ has no member named ‘list’
gram.y:4276: error: ‘YYSTYPE’ has no member named ‘list’
gram.y:4282: error: ‘YYSTYPE’ has no member named ‘list’
gram.y:4283: error: ‘YYSTYPE’ has no member named ‘list’
gram.y:4287: error: ‘YYSTYPE’ has no member named ‘list’
gram.y:4287: error: ‘YYSTYPE’ has no member named ‘accesspriv’
gram.y:4288: error: ‘YYSTYPE’ has no member named ‘list’
gram.y:4288: error: ‘YYSTYPE’ has no member named ‘list’
gram.y:4288: error: ‘YYSTYPE’ has no member named ‘accesspriv’
gram.y:4295: error: ‘YYSTYPE’ has no member named ‘list’
gram.y:4296: error: ‘YYSTYPE’ has no member named ‘accesspriv’
gram.y:4302: error: ‘YYSTYPE’ has no member named ‘list’
gram.y:4303: error: ‘YYSTYPE’ has no member named ‘accesspriv’
gram.y:4309: error: ‘YYSTYPE’ has no member named ‘list’
gram.y:4310: error: ‘YYSTYPE’ has no member named ‘accesspriv’
gram.y:4316: error: ‘YYSTYPE’ has no member named ‘list’
gram.y:4317: error: ‘YYSTYPE’ has no member named ‘accesspriv’
gram.y:4329: error: ‘PrivTarget’ has no member named ‘objtype’
gram.y:4329: error: ‘ACL_OBJECT_RELATION’ undeclared (first use in this function)
gram.y:4330: error: ‘PrivTarget’ has no member named ‘objs’
gram.y:4330: error: ‘YYSTYPE’ has no member named ‘list’
gram.y:4331: error: ‘YYSTYPE’ has no member named ‘privtarget’
gram.y:4336: error: ‘PrivTarget’ has no member named ‘objtype’
gram.y:4337: error: ‘PrivTarget’ has no member named ‘objs’
gram.y:4337: error: ‘YYSTYPE’ has no member named ‘list’
gram.y:4338: error: ‘YYSTYPE’ has no member named ‘privtarget’
gram.y:4343: error: ‘PrivTarget’ has no member named ‘objtype’
gram.y:4343: error: ‘ACL_OBJECT_SEQUENCE’ undeclared (first use in this function)
gram.y:4344: error: ‘PrivTarget’ has no member named ‘objs’
gram.y:4344: error: ‘YYSTYPE’ has no member named ‘list’
gram.y:4345: error: ‘YYSTYPE’ has no member named ‘privtarget’
gram.y:4350: error: ‘PrivTarget’ has no member named ‘objtype’
gram.y:4350: error: ‘ACL_OBJECT_FDW’ undeclared (first use in this function)
gram.y:4351: error: ‘PrivTarget’ has no member named ‘objs’
gram.y:4351: error: ‘YYSTYPE’ has no member named ‘list’
gram.y:4352: error: ‘YYSTYPE’ has no member named ‘privtarget’
gram.y:4357: error: ‘PrivTarget’ has no member named ‘objtype’
gram.y:4357: error: ‘ACL_OBJECT_FOREIGN_SERVER’ undeclared (first use in this function)
gram.y:4358: error: ‘PrivTarget’ has no member named ‘objs’
gram.y:4358: error: ‘YYSTYPE’ has no member named ‘list’
gram.y:4359: error: ‘YYSTYPE’ has no member named ‘privtarget’
gram.y:4364: error: ‘PrivTarget’ has no member named ‘objtype’
gram.y:4364: error: ‘ACL_OBJECT_FUNCTION’ undeclared (first use in this function)
gram.y:4365: error: ‘PrivTarget’ has no member named ‘objs’
gram.y:4365: error: ‘YYSTYPE’ has no member named ‘list’
gram.y:4366: error: ‘YYSTYPE’ has no member named ‘privtarget’
gram.y:4371: error: ‘PrivTarget’ has no member named ‘objtype’
gram.y:4371: error: ‘ACL_OBJECT_DATABASE’ undeclared (first use in this function)
gram.y:4372: error: ‘PrivTarget’ has no member named ‘objs’
gram.y:4372: error: ‘YYSTYPE’ has no member named ‘list’
gram.y:4373: error: ‘YYSTYPE’ has no member named ‘privtarget’
gram.y:4378: error: ‘PrivTarget’ has no member named ‘objtype’
gram.y:4378: error: ‘ACL_OBJECT_LANGUAGE’ undeclared (first use in this function)
gram.y:4379: error: ‘PrivTarget’ has no member named ‘objs’
gram.y:4379: error: ‘YYSTYPE’ has no member named ‘list’
gram.y:4380: error: ‘YYSTYPE’ has no member named ‘privtarget’
gram.y:4385: error: ‘PrivTarget’ has no member named ‘objtype’
gram.y:4385: error: ‘ACL_OBJECT_NAMESPACE’ undeclared (first use in this function)
gram.y:4386: error: ‘PrivTarget’ has no member named ‘objs’
gram.y:4386: error: ‘YYSTYPE’ has no member named ‘list’
gram.y:4387: error: ‘YYSTYPE’ has no member named ‘privtarget’
gram.y:4392: error: ‘PrivTarget’ has no member named ‘objtype’
gram.y:4392: error: ‘ACL_OBJECT_TABLESPACE’ undeclared (first use in this function)
gram.y:4393: error: ‘PrivTarget’ has no member named ‘objs’
gram.y:4393: error: ‘YYSTYPE’ has no member named ‘list’
gram.y:4394: error: ‘YYSTYPE’ has no member named ‘privtarget’
gram.y:4400: error: ‘YYSTYPE’ has no member named ‘list’
gram.y:4400: error: ‘YYSTYPE’ has no member named ‘node’
gram.y:4401: error: ‘YYSTYPE’ has no member named ‘list’
gram.y:4401: error: ‘YYSTYPE’ has no member named ‘list’
gram.y:4401: error: ‘YYSTYPE’ has no member named ‘node’
gram.y:4406: error: ‘PrivGrantee’ undeclared (first use in this function)
gram.y:4412: error: ‘YYSTYPE’ has no member named ‘node’
gram.y:4412: error: expected expression before ‘)’ token
gram.y:4422: error: ‘YYSTYPE’ has no member named ‘node’
gram.y:4422: error: expected expression before ‘)’ token
gram.y:4428: error: ‘YYSTYPE’ has no member named ‘boolean’
gram.y:4429: error: ‘YYSTYPE’ has no member named ‘boolean’
gram.y:4433: error: ‘YYSTYPE’ has no member named ‘list’
gram.y:4433: error: ‘YYSTYPE’ has no member named ‘funwithargs’
gram.y:4435: error: ‘YYSTYPE’ has no member named ‘list’
gram.y:4435: error: ‘YYSTYPE’ has no member named ‘list’
gram.y:4435: error: ‘YYSTYPE’ has no member named ‘funwithargs’
gram.y:4441: error: ‘FuncWithArgs’ undeclared (first use in this function)
gram.y:4442: error: ‘YYSTYPE’ has no member named ‘list’
gram.y:4443: error: ‘YYSTYPE’ has no member named ‘list’
gram.y:4444: error: ‘YYSTYPE’ has no member named ‘funwithargs’
gram.y:4457: error: ‘GrantRoleStmt’ undeclared (first use in this function)
gram.y:4459: error: ‘YYSTYPE’ has no member named ‘list’
gram.y:4460: error: ‘YYSTYPE’ has no member named ‘list’
gram.y:4461: error: ‘YYSTYPE’ has no member named ‘boolean’
gram.y:4463: error: ‘YYSTYPE’ has no member named ‘node’
gram.y:4463: error: expected expression before ‘)’ token
gram.y:4473: error: ‘YYSTYPE’ has no member named ‘list’
gram.y:4474: error: ‘YYSTYPE’ has no member named ‘list’
gram.y:4475: error: ‘YYSTYPE’ has no member named ‘dbehavior’
gram.y:4476: error: ‘YYSTYPE’ has no member named ‘node’
gram.y:4476: error: expected expression before ‘)’ token
gram.y:4483: error: ‘YYSTYPE’ has no member named ‘list’
gram.y:4484: error: ‘YYSTYPE’ has no member named ‘list’
gram.y:4485: error: ‘YYSTYPE’ has no member named ‘dbehavior’
gram.y:4486: error: ‘YYSTYPE’ has no member named ‘node’
gram.y:4486: error: expected expression before ‘)’ token
gram.y:4490: error: ‘YYSTYPE’ has no member named ‘boolean’
gram.y:4491: error: ‘YYSTYPE’ has no member named ‘boolean’
gram.y:4514: error: ‘IndexStmt’ undeclared (first use in this function)
gram.y:4515: error: ‘YYSTYPE’ has no member named ‘boolean’
gram.y:4518: error: ‘YYSTYPE’ has no member named ‘range’
gram.y:4520: error: ‘YYSTYPE’ has no member named ‘list’
gram.y:4521: error: ‘YYSTYPE’ has no member named ‘list’
gram.y:4523: error: ‘YYSTYPE’ has no member named ‘node’
gram.y:4524: error: ‘YYSTYPE’ has no member named ‘node’
gram.y:4524: error: expected expression before ‘)’ token
gram.y:4531: error: ‘YYSTYPE’ has no member named ‘boolean’
gram.y:4534: error: ‘YYSTYPE’ has no member named ‘range’
gram.y:4536: error: ‘YYSTYPE’ has no member named ‘list’
gram.y:4537: error: ‘YYSTYPE’ has no member named ‘list’
gram.y:4539: error: ‘YYSTYPE’ has no member named ‘node’
gram.y:4540: error: ‘YYSTYPE’ has no member named ‘node’
gram.y:4540: error: expected expression before ‘)’ token
gram.y:4545: error: ‘YYSTYPE’ has no member named ‘boolean’
gram.y:4546: error: ‘YYSTYPE’ has no member named ‘boolean’
gram.y:4551: error: ‘DEFAULT_INDEX_TYPE’ undeclared (first use in this function)
gram.y:4554: error: ‘YYSTYPE’ has no member named ‘list’
gram.y:4554: error: ‘YYSTYPE’ has no member named ‘ielem’
gram.y:4555: error: ‘YYSTYPE’ has no member named ‘list’
gram.y:4555: error: ‘YYSTYPE’ has no member named ‘list’
gram.y:4555: error: ‘YYSTYPE’ has no member named ‘ielem’
gram.y:4565: error: ‘YYSTYPE’ has no member named ‘ielem’
gram.y:4565: error: ‘IndexElem’ undeclared (first use in this function)
gram.y:4566: error: ‘YYSTYPE’ has no member named ‘ielem’
gram.y:4567: error: ‘YYSTYPE’ has no member named ‘ielem’
gram.y:4568: error: ‘YYSTYPE’ has no member named ‘ielem’
gram.y:4568: error: ‘YYSTYPE’ has no member named ‘list’
gram.y:4569: error: ‘YYSTYPE’ has no member named ‘ielem’
gram.y:4570: error: ‘YYSTYPE’ has no member named ‘ielem’
gram.y:4574: error: ‘YYSTYPE’ has no member named ‘ielem’
gram.y:4575: error: ‘YYSTYPE’ has no member named ‘ielem’
gram.y:4576: error: ‘YYSTYPE’ has no member named ‘ielem’
gram.y:4576: error: ‘YYSTYPE’ has no member named ‘node’
gram.y:4577: error: ‘YYSTYPE’ has no member named ‘ielem’
gram.y:4577: error: ‘YYSTYPE’ has no member named ‘list’
gram.y:4578: error: ‘YYSTYPE’ has no member named ‘ielem’
gram.y:4579: error: ‘YYSTYPE’ has no member named ‘ielem’
gram.y:4583: error: ‘YYSTYPE’ has no member named ‘ielem’
gram.y:4584: error: ‘YYSTYPE’ has no member named ‘ielem’
gram.y:4585: error: ‘YYSTYPE’ has no member named ‘ielem’
gram.y:4585: error: ‘YYSTYPE’ has no member named ‘node’
gram.y:4586: error: ‘YYSTYPE’ has no member named ‘ielem’
gram.y:4586: error: ‘YYSTYPE’ has no member named ‘list’
gram.y:4587: error: ‘YYSTYPE’ has no member named ‘ielem’
gram.y:4588: error: ‘YYSTYPE’ has no member named ‘ielem’
gram.y:4592: error: ‘YYSTYPE’ has no member named ‘list’
gram.y:4592: error: ‘YYSTYPE’ has no member named ‘list’
gram.y:4593: error: ‘YYSTYPE’ has no member named ‘list’
gram.y:4593: error: ‘YYSTYPE’ has no member named ‘list’
gram.y:4594: error: ‘YYSTYPE’ has no member named ‘list’
gram.y:4597: error: ‘SORTBY_ASC’ undeclared (first use in this function)
gram.y:4598: error: ‘SORTBY_DESC’ undeclared (first use in this function)
gram.y:4599: error: ‘SORTBY_DEFAULT’ undeclared (first use in this function)
gram.y:4602: error: ‘SORTBY_NULLS_FIRST’ undeclared (first use in this function)
gram.y:4603: error: ‘SORTBY_NULLS_LAST’ undeclared (first use in this function)
gram.y:4604: error: ‘SORTBY_NULLS_DEFAULT’ undeclared (first use in this function)
gram.y:4623: error: ‘CreateFunctionStmt’ undeclared (first use in this function)
gram.y:4624: error: ‘YYSTYPE’ has no member named ‘boolean’
gram.y:4625: error: ‘YYSTYPE’ has no member named ‘list’
gram.y:4626: error: ‘YYSTYPE’ has no member named ‘list’
gram.y:4627: error: ‘YYSTYPE’ has no member named ‘typnam’
gram.y:4628: error: ‘YYSTYPE’ has no member named ‘list’
gram.y:4629: error: ‘YYSTYPE’ has no member named ‘list’
gram.y:4630: error: ‘YYSTYPE’ has no member named ‘node’
gram.y:4630: error: expected expression before ‘)’ token
gram.y:4636: error: ‘YYSTYPE’ has no member named ‘boolean’
gram.y:4637: error: ‘YYSTYPE’ has no member named ‘list’
gram.y:4638: error: ‘YYSTYPE’ has no member named ‘list’
gram.y:4638: error: ‘YYSTYPE’ has no member named ‘list’
gram.y:4639: error: ‘YYSTYPE’ has no member named ‘list’
gram.y:4641: error: ‘YYSTYPE’ has no member named ‘list’
gram.y:4642: error: ‘YYSTYPE’ has no member named ‘list’
gram.y:4643: error: ‘YYSTYPE’ has no member named ‘node’
gram.y:4643: error: expected expression before ‘)’ token
gram.y:4649: error: ‘YYSTYPE’ has no member named ‘boolean’
gram.y:4650: error: ‘YYSTYPE’ has no member named ‘list’
gram.y:4651: error: ‘YYSTYPE’ has no member named ‘list’
gram.y:4653: error: ‘YYSTYPE’ has no member named ‘list’
gram.y:4654: error: ‘YYSTYPE’ has no member named ‘list’
gram.y:4655: error: ‘YYSTYPE’ has no member named ‘node’
gram.y:4655: error: expected expression before ‘)’ token
gram.y:4660: error: ‘YYSTYPE’ has no member named ‘boolean’
gram.y:4661: error: ‘YYSTYPE’ has no member named ‘boolean’
gram.y:4664: error: ‘YYSTYPE’ has no member named ‘list’
gram.y:4664: error: ‘YYSTYPE’ has no member named ‘list’
gram.y:4665: error: ‘YYSTYPE’ has no member named ‘list’
gram.y:4669: error: ‘YYSTYPE’ has no member named ‘list’
gram.y:4669: error: ‘YYSTYPE’ has no member named ‘fun_param’
gram.y:4670: error: ‘YYSTYPE’ has no member named ‘list’
gram.y:4670: error: ‘YYSTYPE’ has no member named ‘list’
gram.y:4670: error: ‘YYSTYPE’ has no member named ‘fun_param’
gram.y:4678: error: ‘YYSTYPE’ has no member named ‘list’
gram.y:4678: error: ‘YYSTYPE’ has no member named ‘list’
gram.y:4679: error: ‘YYSTYPE’ has no member named ‘list’
gram.y:4683: error: ‘YYSTYPE’ has no member named ‘list’
gram.y:4683: error: ‘YYSTYPE’ has no member named ‘fun_param’
gram.y:4685: error: ‘YYSTYPE’ has no member named ‘list’
gram.y:4685: error: ‘YYSTYPE’ has no member named ‘list’
gram.y:4685: error: ‘YYSTYPE’ has no member named ‘fun_param’
gram.y:4701: error: ‘FunctionParameter’ undeclared (first use in this function)
gram.y:4703: error: ‘YYSTYPE’ has no member named ‘typnam’
gram.y:4704: error: ‘YYSTYPE’ has no member named ‘fun_param_mode’
gram.y:4706: error: ‘YYSTYPE’ has no member named ‘fun_param’
gram.y:4712: error: ‘YYSTYPE’ has no member named ‘typnam’
gram.y:4713: error: ‘YYSTYPE’ has no member named ‘fun_param_mode’
gram.y:4715: error: ‘YYSTYPE’ has no member named ‘fun_param’
gram.y:4721: error: ‘YYSTYPE’ has no member named ‘typnam’
gram.y:4722: error: ‘FUNC_PARAM_IN’ undeclared (first use in this function)
gram.y:4724: error: ‘YYSTYPE’ has no member named ‘fun_param’
gram.y:4730: error: ‘YYSTYPE’ has no member named ‘typnam’
gram.y:4731: error: ‘YYSTYPE’ has no member named ‘fun_param_mode’
gram.y:4733: error: ‘YYSTYPE’ has no member named ‘fun_param’
gram.y:4739: error: ‘YYSTYPE’ has no member named ‘typnam’
gram.y:4742: error: ‘YYSTYPE’ has no member named ‘fun_param’
gram.y:4747: error: ‘YYSTYPE’ has no member named ‘fun_param_mode’
gram.y:4748: error: ‘YYSTYPE’ has no member named ‘fun_param_mode’
gram.y:4748: error: ‘FUNC_PARAM_OUT’ undeclared (first use in this function)
gram.y:4749: error: ‘YYSTYPE’ has no member named ‘fun_param_mode’
gram.y:4749: error: ‘FUNC_PARAM_INOUT’ undeclared (first use in this function)
gram.y:4750: error: ‘YYSTYPE’ has no member named ‘fun_param_mode’
gram.y:4751: error: ‘YYSTYPE’ has no member named ‘fun_param_mode’
gram.y:4751: error: ‘FUNC_PARAM_VARIADIC’ undeclared (first use in this function)
gram.y:4767: error: ‘YYSTYPE’ has no member named ‘typnam’
gram.y:4767: error: ‘YYSTYPE’ has no member named ‘typnam’
gram.y:4776: error: ‘YYSTYPE’ has no member named ‘typnam’
gram.y:4776: error: ‘YYSTYPE’ has no member named ‘typnam’
gram.y:4779: error: ‘YYSTYPE’ has no member named ‘typnam’
gram.y:4779: error: ‘YYSTYPE’ has no member named ‘list’
gram.y:4780: error: ‘YYSTYPE’ has no member named ‘typnam’
gram.y:4781: error: ‘YYSTYPE’ has no member named ‘typnam’
gram.y:4785: error: ‘YYSTYPE’ has no member named ‘typnam’
gram.y:4785: error: ‘YYSTYPE’ has no member named ‘list’
gram.y:4786: error: ‘YYSTYPE’ has no member named ‘typnam’
gram.y:4787: error: ‘YYSTYPE’ has no member named ‘typnam’
gram.y:4788: error: ‘YYSTYPE’ has no member named ‘typnam’
gram.y:4795: error: ‘YYSTYPE’ has no member named ‘fun_param’
gram.y:4795: error: ‘YYSTYPE’ has no member named ‘fun_param’
gram.y:4799: error: ‘YYSTYPE’ has no member named ‘fun_param’
gram.y:4799: error: ‘YYSTYPE’ has no member named ‘fun_param’
gram.y:4800: error: ‘YYSTYPE’ has no member named ‘fun_param’
gram.y:4800: error: ‘YYSTYPE’ has no member named ‘node’
gram.y:4804: error: ‘YYSTYPE’ has no member named ‘fun_param’
gram.y:4804: error: ‘YYSTYPE’ has no member named ‘fun_param’
gram.y:4805: error: ‘YYSTYPE’ has no member named ‘fun_param’
gram.y:4805: error: ‘YYSTYPE’ has no member named ‘node’
gram.y:4812: error: ‘YYSTYPE’ has no member named ‘list’
gram.y:4812: error: ‘YYSTYPE’ has no member named ‘defelt’
gram.y:4813: error: ‘YYSTYPE’ has no member named ‘list’
gram.y:4813: error: ‘YYSTYPE’ has no member named ‘list’
gram.y:4813: error: ‘YYSTYPE’ has no member named ‘defelt’
gram.y:4822: error: ‘YYSTYPE’ has no member named ‘defelt’
gram.y:4822: error: expected expression before ‘)’ token
gram.y:4826: error: ‘YYSTYPE’ has no member named ‘defelt’
gram.y:4826: error: expected expression before ‘)’ token
gram.y:4830: error: ‘YYSTYPE’ has no member named ‘defelt’
gram.y:4830: error: expected expression before ‘)’ token
gram.y:4834: error: ‘YYSTYPE’ has no member named ‘defelt’
gram.y:4834: error: expected expression before ‘)’ token
gram.y:4838: error: ‘YYSTYPE’ has no member named ‘defelt’
gram.y:4838: error: expected expression before ‘)’ token
gram.y:4842: error: ‘YYSTYPE’ has no member named ‘defelt’
gram.y:4842: error: expected expression before ‘)’ token
gram.y:4846: error: ‘YYSTYPE’ has no member named ‘defelt’
gram.y:4846: error: expected expression before ‘)’ token
gram.y:4850: error: ‘YYSTYPE’ has no member named ‘defelt’
gram.y:4850: error: expected expression before ‘)’ token
gram.y:4854: error: ‘YYSTYPE’ has no member named ‘defelt’
gram.y:4854: error: expected expression before ‘)’ token
gram.y:4858: error: ‘YYSTYPE’ has no member named ‘defelt’
gram.y:4858: error: expected expression before ‘)’ token
gram.y:4862: error: ‘YYSTYPE’ has no member named ‘defelt’
gram.y:4862: error: expected expression before ‘)’ token
gram.y:4862: error: ‘YYSTYPE’ has no member named ‘value’
gram.y:4866: error: ‘YYSTYPE’ has no member named ‘defelt’
gram.y:4866: error: expected expression before ‘)’ token
gram.y:4866: error: ‘YYSTYPE’ has no member named ‘value’
gram.y:4871: error: ‘YYSTYPE’ has no member named ‘defelt’
gram.y:4871: error: expected expression before ‘)’ token
gram.y:4871: error: ‘YYSTYPE’ has no member named ‘vsetstmt’
gram.y:4878: error: ‘YYSTYPE’ has no member named ‘defelt’
gram.y:4878: error: expected expression before ‘)’ token
gram.y:4878: error: ‘YYSTYPE’ has no member named ‘list’
gram.y:4882: error: ‘YYSTYPE’ has no member named ‘defelt’
gram.y:4882: error: expected expression before ‘)’ token
gram.y:4886: error: ‘YYSTYPE’ has no member named ‘defelt’
gram.y:4886: error: expected expression before ‘)’ token
gram.y:4890: error: ‘YYSTYPE’ has no member named ‘defelt’
gram.y:4890: error: ‘YYSTYPE’ has no member named ‘defelt’
gram.y:4894: error: ‘YYSTYPE’ has no member named ‘list’
gram.y:4897: error: ‘YYSTYPE’ has no member named ‘list’
gram.y:4902: error: ‘YYSTYPE’ has no member named ‘list’
gram.y:4902: error: ‘YYSTYPE’ has no member named ‘list’
gram.y:4903: error: ‘YYSTYPE’ has no member named ‘list’
gram.y:4910: error: ‘YYSTYPE’ has no member named ‘typnam’
gram.y:4911: error: ‘FUNC_PARAM_TABLE’ undeclared (first use in this function)
gram.y:4913: error: ‘YYSTYPE’ has no member named ‘fun_param’
gram.y:4920: error: ‘YYSTYPE’ has no member named ‘list’
gram.y:4920: error: ‘YYSTYPE’ has no member named ‘fun_param’
gram.y:4924: error: ‘YYSTYPE’ has no member named ‘list’
gram.y:4924: error: ‘YYSTYPE’ has no member named ‘list’
gram.y:4924: error: ‘YYSTYPE’ has no member named ‘fun_param’
gram.y:4939: error: ‘AlterFunctionStmt’ undeclared (first use in this function)
gram.y:4940: error: ‘YYSTYPE’ has no member named ‘funwithargs’
gram.y:4941: error: ‘YYSTYPE’ has no member named ‘list’
gram.y:4942: error: ‘YYSTYPE’ has no member named ‘node’
gram.y:4942: error: expected expression before ‘)’ token
gram.y:4948: error: ‘YYSTYPE’ has no member named ‘list’
gram.y:4948: error: ‘YYSTYPE’ has no member named ‘defelt’
gram.y:4949: error: ‘YYSTYPE’ has no member named ‘list’
gram.y:4949: error: ‘YYSTYPE’ has no member named ‘list’
gram.y:4949: error: ‘YYSTYPE’ has no member named ‘defelt’
gram.y:4972: error: ‘RemoveFuncStmt’ undeclared (first use in this function)
gram.y:4974: error: ‘YYSTYPE’ has no member named ‘list’
gram.y:4975: error: ‘YYSTYPE’ has no member named ‘list’
gram.y:4976: error: ‘YYSTYPE’ has no member named ‘dbehavior’
gram.y:4978: error: ‘YYSTYPE’ has no member named ‘node’
gram.y:4978: error: expected expression before ‘)’ token
gram.y:4984: error: ‘YYSTYPE’ has no member named ‘list’
gram.y:4985: error: ‘YYSTYPE’ has no member named ‘list’
gram.y:4986: error: ‘YYSTYPE’ has no member named ‘dbehavior’
gram.y:4988: error: ‘YYSTYPE’ has no member named ‘node’
gram.y:4988: error: expected expression before ‘)’ token
gram.y:4997: error: ‘YYSTYPE’ has no member named ‘list’
gram.y:4998: error: ‘YYSTYPE’ has no member named ‘list’
gram.y:4999: error: ‘YYSTYPE’ has no member named ‘dbehavior’
gram.y:5001: error: ‘YYSTYPE’ has no member named ‘node’
gram.y:5001: error: expected expression before ‘)’ token
gram.y:5007: error: ‘YYSTYPE’ has no member named ‘list’
gram.y:5008: error: ‘YYSTYPE’ has no member named ‘list’
gram.y:5009: error: ‘YYSTYPE’ has no member named ‘dbehavior’
gram.y:5011: error: ‘YYSTYPE’ has no member named ‘node’
gram.y:5011: error: expected expression before ‘)’ token
gram.y:5020: error: ‘YYSTYPE’ has no member named ‘list’
gram.y:5021: error: ‘YYSTYPE’ has no member named ‘list’
gram.y:5022: error: ‘YYSTYPE’ has no member named ‘dbehavior’
gram.y:5024: error: ‘YYSTYPE’ has no member named ‘node’
gram.y:5024: error: expected expression before ‘)’ token
gram.y:5030: error: ‘YYSTYPE’ has no member named ‘list’
gram.y:5031: error: ‘YYSTYPE’ has no member named ‘list’
gram.y:5032: error: ‘YYSTYPE’ has no member named ‘dbehavior’
gram.y:5034: error: ‘YYSTYPE’ has no member named ‘node’
gram.y:5034: error: expected expression before ‘)’ token
gram.y:5048: error: ‘YYSTYPE’ has no member named ‘list’
gram.y:5048: error: ‘YYSTYPE’ has no member named ‘typnam’
gram.y:5048: error: ‘YYSTYPE’ has no member named ‘typnam’
gram.y:5050: error: ‘YYSTYPE’ has no member named ‘list’
gram.y:5050: error: ‘YYSTYPE’ has no member named ‘typnam’
gram.y:5052: error: ‘YYSTYPE’ has no member named ‘list’
gram.y:5052: error: ‘YYSTYPE’ has no member named ‘typnam’
gram.y:5057: error: ‘YYSTYPE’ has no member named ‘list’
gram.y:5059: error: ‘YYSTYPE’ has no member named ‘list’
gram.y:5059: error: ‘YYSTYPE’ has no member named ‘list’
gram.y:5072: error: ‘CreateCastStmt’ undeclared (first use in this function)
gram.y:5073: error: ‘YYSTYPE’ has no member named ‘typnam’
gram.y:5074: error: ‘YYSTYPE’ has no member named ‘typnam’
gram.y:5075: error: ‘YYSTYPE’ has no member named ‘funwithargs’
gram.y:5076: error: ‘CoercionContext’ undeclared (first use in this function)
gram.y:5078: error: ‘YYSTYPE’ has no member named ‘node’
gram.y:5078: error: expected expression before ‘)’ token
gram.y:5084: error: ‘YYSTYPE’ has no member named ‘typnam’
gram.y:5085: error: ‘YYSTYPE’ has no member named ‘typnam’
gram.y:5089: error: ‘YYSTYPE’ has no member named ‘node’
gram.y:5089: error: expected expression before ‘)’ token
gram.y:5095: error: ‘YYSTYPE’ has no member named ‘typnam’
gram.y:5096: error: ‘YYSTYPE’ has no member named ‘typnam’
gram.y:5100: error: ‘YYSTYPE’ has no member named ‘node’
gram.y:5100: error: expected expression before ‘)’ token
gram.y:5104: error: ‘COERCION_IMPLICIT’ undeclared (first use in this function)
gram.y:5105: error: ‘COERCION_ASSIGNMENT’ undeclared (first use in this function)
gram.y:5106: error: ‘COERCION_EXPLICIT’ undeclared (first use in this function)
gram.y:5112: error: ‘DropCastStmt’ undeclared (first use in this function)
gram.y:5113: error: ‘YYSTYPE’ has no member named ‘typnam’
gram.y:5114: error: ‘YYSTYPE’ has no member named ‘typnam’
gram.y:5115: error: ‘YYSTYPE’ has no member named ‘dbehavior’
gram.y:5116: error: ‘YYSTYPE’ has no member named ‘boolean’
gram.y:5117: error: ‘YYSTYPE’ has no member named ‘node’
gram.y:5117: error: expected expression before ‘)’ token
gram.y:5121: error: ‘YYSTYPE’ has no member named ‘boolean’
gram.y:5122: error: ‘YYSTYPE’ has no member named ‘boolean’
gram.y:5138: error: ‘ReindexStmt’ undeclared (first use in this function)
gram.y:5139: error: ‘YYSTYPE’ has no member named ‘objtype’
gram.y:5140: error: ‘YYSTYPE’ has no member named ‘range’
gram.y:5142: error: ‘YYSTYPE’ has no member named ‘node’
gram.y:5142: error: expected expression before ‘)’ token
gram.y:5152: error: ‘YYSTYPE’ has no member named ‘node’
gram.y:5152: error: expected expression before ‘)’ token
gram.y:5162: error: ‘YYSTYPE’ has no member named ‘node’
gram.y:5162: error: expected expression before ‘)’ token
gram.y:5167: error: ‘YYSTYPE’ has no member named ‘objtype’
gram.y:5168: error: ‘YYSTYPE’ has no member named ‘objtype’
gram.y:5171: error: ‘YYSTYPE’ has no member named ‘boolean’
gram.y:5172: error: ‘YYSTYPE’ has no member named ‘boolean’
gram.y:5184: error: ‘RenameStmt’ undeclared (first use in this function)
gram.y:5186: error: ‘YYSTYPE’ has no member named ‘list’
gram.y:5187: error: ‘YYSTYPE’ has no member named ‘list’
gram.y:5189: error: ‘YYSTYPE’ has no member named ‘node’
gram.y:5189: error: expected expression before ‘)’ token
gram.y:5195: error: ‘YYSTYPE’ has no member named ‘list’
gram.y:5197: error: ‘YYSTYPE’ has no member named ‘node’
gram.y:5197: error: expected expression before ‘)’ token
gram.y:5205: error: ‘YYSTYPE’ has no member named ‘node’
gram.y:5205: error: expected expression before ‘)’ token
gram.y:5211: error: ‘YYSTYPE’ has no member named ‘funwithargs’
gram.y:5212: error: ‘YYSTYPE’ has no member named ‘funwithargs’
gram.y:5214: error: ‘YYSTYPE’ has no member named ‘node’
gram.y:5214: error: expected expression before ‘)’ token
gram.y:5222: error: ‘YYSTYPE’ has no member named ‘node’
gram.y:5222: error: expected expression before ‘)’ token
gram.y:5230: error: ‘YYSTYPE’ has no member named ‘node’
gram.y:5230: error: expected expression before ‘)’ token
gram.y:5236: error: ‘YYSTYPE’ has no member named ‘list’
gram.y:5239: error: ‘YYSTYPE’ has no member named ‘node’
gram.y:5239: error: expected expression before ‘)’ token
gram.y:5245: error: ‘YYSTYPE’ has no member named ‘list’
gram.y:5248: error: ‘YYSTYPE’ has no member named ‘node’
gram.y:5248: error: expected expression before ‘)’ token
gram.y:5256: error: ‘YYSTYPE’ has no member named ‘node’
gram.y:5256: error: expected expression before ‘)’ token
gram.y:5262: error: ‘YYSTYPE’ has no member named ‘range’
gram.y:5265: error: ‘YYSTYPE’ has no member named ‘node’
gram.y:5265: error: expected expression before ‘)’ token
gram.y:5271: error: ‘YYSTYPE’ has no member named ‘range’
gram.y:5274: error: ‘YYSTYPE’ has no member named ‘node’
gram.y:5274: error: expected expression before ‘)’ token
gram.y:5280: error: ‘YYSTYPE’ has no member named ‘range’
gram.y:5283: error: ‘YYSTYPE’ has no member named ‘node’
gram.y:5283: error: expected expression before ‘)’ token
gram.y:5289: error: ‘YYSTYPE’ has no member named ‘range’
gram.y:5292: error: ‘YYSTYPE’ has no member named ‘node’
gram.y:5292: error: expected expression before ‘)’ token
gram.y:5298: error: ‘YYSTYPE’ has no member named ‘range’
gram.y:5301: error: ‘YYSTYPE’ has no member named ‘node’
gram.y:5301: error: expected expression before ‘)’ token
gram.y:5307: error: ‘YYSTYPE’ has no member named ‘range’
gram.y:5310: error: ‘YYSTYPE’ has no member named ‘node’
gram.y:5310: error: expected expression before ‘)’ token
gram.y:5318: error: ‘YYSTYPE’ has no member named ‘node’
gram.y:5318: error: expected expression before ‘)’ token
gram.y:5326: error: ‘YYSTYPE’ has no member named ‘node’
gram.y:5326: error: expected expression before ‘)’ token
gram.y:5334: error: ‘YYSTYPE’ has no member named ‘node’
gram.y:5334: error: expected expression before ‘)’ token
gram.y:5340: error: ‘YYSTYPE’ has no member named ‘list’
gram.y:5342: error: ‘YYSTYPE’ has no member named ‘node’
gram.y:5342: error: expected expression before ‘)’ token
gram.y:5348: error: ‘YYSTYPE’ has no member named ‘list’
gram.y:5350: error: ‘YYSTYPE’ has no member named ‘node’
gram.y:5350: error: expected expression before ‘)’ token
gram.y:5356: error: ‘YYSTYPE’ has no member named ‘list’
gram.y:5358: error: ‘YYSTYPE’ has no member named ‘node’
gram.y:5358: error: expected expression before ‘)’ token
gram.y:5364: error: ‘YYSTYPE’ has no member named ‘list’
gram.y:5366: error: ‘YYSTYPE’ has no member named ‘node’
gram.y:5366: error: expected expression before ‘)’ token
gram.y:5372: error: ‘YYSTYPE’ has no member named ‘list’
gram.y:5374: error: ‘YYSTYPE’ has no member named ‘node’
gram.y:5374: error: expected expression before ‘)’ token
gram.y:5395: error: ‘AlterObjectSchemaStmt’ undeclared (first use in this function)
gram.y:5397: error: ‘YYSTYPE’ has no member named ‘list’
gram.y:5398: error: ‘YYSTYPE’ has no member named ‘list’
gram.y:5400: error: ‘YYSTYPE’ has no member named ‘node’
gram.y:5400: error: expected expression before ‘)’ token
gram.y:5406: error: ‘YYSTYPE’ has no member named ‘list’
gram.y:5408: error: ‘YYSTYPE’ has no member named ‘node’
gram.y:5408: error: expected expression before ‘)’ token
gram.y:5414: error: ‘YYSTYPE’ has no member named ‘funwithargs’
gram.y:5415: error: ‘YYSTYPE’ has no member named ‘funwithargs’
gram.y:5417: error: ‘YYSTYPE’ has no member named ‘node’
gram.y:5417: error: expected expression before ‘)’ token
gram.y:5423: error: ‘YYSTYPE’ has no member named ‘range’
gram.y:5425: error: ‘YYSTYPE’ has no member named ‘node’
gram.y:5425: error: expected expression before ‘)’ token
gram.y:5431: error: ‘YYSTYPE’ has no member named ‘range’
gram.y:5433: error: ‘YYSTYPE’ has no member named ‘node’
gram.y:5433: error: expected expression before ‘)’ token
gram.y:5439: error: ‘YYSTYPE’ has no member named ‘range’
gram.y:5441: error: ‘YYSTYPE’ has no member named ‘node’
gram.y:5441: error: expected expression before ‘)’ token
gram.y:5447: error: ‘YYSTYPE’ has no member named ‘list’
gram.y:5449: error: ‘YYSTYPE’ has no member named ‘node’
gram.y:5449: error: expected expression before ‘)’ token
gram.y:5461: error: ‘AlterOwnerStmt’ undeclared (first use in this function)
gram.y:5463: error: ‘YYSTYPE’ has no member named ‘list’
gram.y:5464: error: ‘YYSTYPE’ has no member named ‘list’
gram.y:5466: error: ‘YYSTYPE’ has no member named ‘node’
gram.y:5466: error: expected expression before ‘)’ token
gram.y:5472: error: ‘YYSTYPE’ has no member named ‘list’
gram.y:5474: error: ‘YYSTYPE’ has no member named ‘node’
gram.y:5474: error: expected expression before ‘)’ token
gram.y:5482: error: ‘YYSTYPE’ has no member named ‘node’
gram.y:5482: error: expected expression before ‘)’ token
gram.y:5488: error: ‘YYSTYPE’ has no member named ‘list’
gram.y:5490: error: ‘YYSTYPE’ has no member named ‘node’
gram.y:5490: error: expected expression before ‘)’ token
gram.y:5496: error: ‘YYSTYPE’ has no member named ‘funwithargs’
gram.y:5497: error: ‘YYSTYPE’ has no member named ‘funwithargs’
gram.y:5499: error: ‘YYSTYPE’ has no member named ‘node’
gram.y:5499: error: expected expression before ‘)’ token
gram.y:5507: error: ‘YYSTYPE’ has no member named ‘node’
gram.y:5507: error: expected expression before ‘)’ token
gram.y:5513: error: ‘YYSTYPE’ has no member named ‘list’
gram.y:5514: error: ‘YYSTYPE’ has no member named ‘list’
gram.y:5516: error: ‘YYSTYPE’ has no member named ‘node’
gram.y:5516: error: expected expression before ‘)’ token
gram.y:5522: error: ‘YYSTYPE’ has no member named ‘list’
gram.y:5525: error: ‘YYSTYPE’ has no member named ‘node’
gram.y:5525: error: expected expression before ‘)’ token
gram.y:5531: error: ‘YYSTYPE’ has no member named ‘list’
gram.y:5534: error: ‘YYSTYPE’ has no member named ‘node’
gram.y:5534: error: expected expression before ‘)’ token
gram.y:5542: error: ‘YYSTYPE’ has no member named ‘node’
gram.y:5542: error: expected expression before ‘)’ token
gram.y:5548: error: ‘YYSTYPE’ has no member named ‘list’
gram.y:5550: error: ‘YYSTYPE’ has no member named ‘node’
gram.y:5550: error: expected expression before ‘)’ token
gram.y:5558: error: ‘YYSTYPE’ has no member named ‘node’
gram.y:5558: error: expected expression before ‘)’ token
gram.y:5564: error: ‘YYSTYPE’ has no member named ‘list’
gram.y:5566: error: ‘YYSTYPE’ has no member named ‘node’
gram.y:5566: error: expected expression before ‘)’ token
gram.y:5572: error: ‘YYSTYPE’ has no member named ‘list’
gram.y:5574: error: ‘YYSTYPE’ has no member named ‘node’
gram.y:5574: error: expected expression before ‘)’ token
gram.y:5579: error: ‘OBJECT_FDW’ undeclared (first use in this function)
gram.y:5582: error: ‘YYSTYPE’ has no member named ‘node’
gram.y:5582: error: expected expression before ‘)’ token
gram.y:5587: error: ‘OBJECT_FOREIGN_SERVER’ undeclared (first use in this function)
gram.y:5590: error: ‘YYSTYPE’ has no member named ‘node’
gram.y:5590: error: expected expression before ‘)’ token
gram.y:5602: error: ‘QueryIsRule’ undeclared (first use in this function)
gram.y:5606: error: ‘RuleStmt’ undeclared (first use in this function)
gram.y:5607: error: ‘YYSTYPE’ has no member named ‘boolean’
gram.y:5608: error: ‘YYSTYPE’ has no member named ‘range’
gram.y:5610: error: ‘YYSTYPE’ has no member named ‘node’
gram.y:5612: error: ‘YYSTYPE’ has no member named ‘boolean’
gram.y:5613: error: ‘YYSTYPE’ has no member named ‘list’
gram.y:5614: error: ‘YYSTYPE’ has no member named ‘node’
gram.y:5614: error: expected expression before ‘)’ token
gram.y:5620: error: ‘YYSTYPE’ has no member named ‘list’
gram.y:5621: error: ‘YYSTYPE’ has no member named ‘list’
gram.y:5621: error: ‘YYSTYPE’ has no member named ‘node’
gram.y:5622: error: ‘YYSTYPE’ has no member named ‘list’
gram.y:5622: error: ‘YYSTYPE’ has no member named ‘list’
gram.y:5628: error: ‘YYSTYPE’ has no member named ‘node’
gram.y:5629: error: ‘YYSTYPE’ has no member named ‘list’
gram.y:5629: error: ‘YYSTYPE’ has no member named ‘list’
gram.y:5629: error: ‘YYSTYPE’ has no member named ‘node’
gram.y:5631: error: ‘YYSTYPE’ has no member named ‘list’
gram.y:5631: error: ‘YYSTYPE’ has no member named ‘list’
gram.y:5634: error: ‘YYSTYPE’ has no member named ‘node’
gram.y:5635: error: ‘YYSTYPE’ has no member named ‘list’
gram.y:5635: error: ‘YYSTYPE’ has no member named ‘node’
gram.y:5637: error: ‘YYSTYPE’ has no member named ‘list’
gram.y:5650: error: ‘YYSTYPE’ has no member named ‘node’
gram.y:5650: error: ‘YYSTYPE’ has no member named ‘node’
gram.y:5651: error: ‘YYSTYPE’ has no member named ‘node’
gram.y:5654: error: ‘CMD_SELECT’ undeclared (first use in this function)
gram.y:5655: error: ‘CMD_UPDATE’ undeclared (first use in this function)
gram.y:5656: error: ‘CMD_DELETE’ undeclared (first use in this function)
gram.y:5657: error: ‘CMD_INSERT’ undeclared (first use in this function)
gram.y:5661: error: ‘YYSTYPE’ has no member named ‘boolean’
gram.y:5662: error: ‘YYSTYPE’ has no member named ‘boolean’
gram.y:5663: error: ‘YYSTYPE’ has no member named ‘boolean’
gram.y:5671: error: ‘YYSTYPE’ has no member named ‘range’
gram.y:5673: error: ‘YYSTYPE’ has no member named ‘dbehavior’
gram.y:5676: error: ‘YYSTYPE’ has no member named ‘node’
gram.y:5676: error: expected expression before ‘)’ token
gram.y:5681: error: ‘YYSTYPE’ has no member named ‘range’
gram.y:5683: error: ‘YYSTYPE’ has no member named ‘dbehavior’
gram.y:5686: error: ‘YYSTYPE’ has no member named ‘node’
gram.y:5686: error: expected expression before ‘)’ token
gram.y:5701: error: ‘NotifyStmt’ undeclared (first use in this function)
gram.y:5703: error: ‘YYSTYPE’ has no member named ‘node’
gram.y:5703: error: expected expression before ‘)’ token
gram.y:5709: error: ‘ListenStmt’ undeclared (first use in this function)
gram.y:5711: error: ‘YYSTYPE’ has no member named ‘node’
gram.y:5711: error: expected expression before ‘)’ token
gram.y:5718: error: ‘UnlistenStmt’ undeclared (first use in this function)
gram.y:5720: error: ‘YYSTYPE’ has no member named ‘node’
gram.y:5720: error: expected expression before ‘)’ token
gram.y:5726: error: ‘YYSTYPE’ has no member named ‘node’
gram.y:5726: error: expected expression before ‘)’ token
gram.y:5743: error: ‘TransactionStmt’ undeclared (first use in this function)
gram.y:5744: error: ‘TRANS_STMT_ROLLBACK’ undeclared (first use in this function)
gram.y:5746: error: ‘YYSTYPE’ has no member named ‘node’
gram.y:5746: error: expected expression before ‘)’ token
gram.y:5751: error: ‘TRANS_STMT_BEGIN’ undeclared (first use in this function)
gram.y:5752: error: ‘YYSTYPE’ has no member named ‘list’
gram.y:5753: error: ‘YYSTYPE’ has no member named ‘node’
gram.y:5753: error: expected expression before ‘)’ token
gram.y:5758: error: ‘TRANS_STMT_START’ undeclared (first use in this function)
gram.y:5759: error: ‘YYSTYPE’ has no member named ‘list’
gram.y:5760: error: ‘YYSTYPE’ has no member named ‘node’
gram.y:5760: error: expected expression before ‘)’ token
gram.y:5765: error: ‘TRANS_STMT_COMMIT’ undeclared (first use in this function)
gram.y:5767: error: ‘YYSTYPE’ has no member named ‘node’
gram.y:5767: error: expected expression before ‘)’ token
gram.y:5774: error: ‘YYSTYPE’ has no member named ‘node’
gram.y:5774: error: expected expression before ‘)’ token
gram.y:5781: error: ‘YYSTYPE’ has no member named ‘node’
gram.y:5781: error: expected expression before ‘)’ token
gram.y:5786: error: ‘TRANS_STMT_SAVEPOINT’ undeclared (first use in this function)
gram.y:5788: error: expected expression before ‘)’ token
gram.y:5789: error: ‘YYSTYPE’ has no member named ‘node’
gram.y:5789: error: expected expression before ‘)’ token
gram.y:5794: error: ‘TRANS_STMT_RELEASE’ undeclared (first use in this function)
gram.y:5796: error: expected expression before ‘)’ token
gram.y:5797: error: ‘YYSTYPE’ has no member named ‘node’
gram.y:5797: error: expected expression before ‘)’ token
gram.y:5804: error: expected expression before ‘)’ token
gram.y:5805: error: ‘YYSTYPE’ has no member named ‘node’
gram.y:5805: error: expected expression before ‘)’ token
gram.y:5810: error: ‘TRANS_STMT_ROLLBACK_TO’ undeclared (first use in this function)
gram.y:5812: error: expected expression before ‘)’ token
gram.y:5813: error: ‘YYSTYPE’ has no member named ‘node’
gram.y:5813: error: expected expression before ‘)’ token
gram.y:5820: error: expected expression before ‘)’ token
gram.y:5821: error: ‘YYSTYPE’ has no member named ‘node’
gram.y:5821: error: expected expression before ‘)’ token
gram.y:5826: error: ‘TRANS_STMT_PREPARE’ undeclared (first use in this function)
gram.y:5828: error: ‘YYSTYPE’ has no member named ‘node’
gram.y:5828: error: expected expression before ‘)’ token
gram.y:5833: error: ‘TRANS_STMT_COMMIT_PREPARED’ undeclared (first use in this function)
gram.y:5835: error: ‘YYSTYPE’ has no member named ‘node’
gram.y:5835: error: expected expression before ‘)’ token
gram.y:5840: error: ‘TRANS_STMT_ROLLBACK_PREPARED’ undeclared (first use in this function)
gram.y:5842: error: ‘YYSTYPE’ has no member named ‘node’
gram.y:5842: error: expected expression before ‘)’ token
gram.y:5853: error: ‘YYSTYPE’ has no member named ‘defelt’
gram.y:5856: error: ‘YYSTYPE’ has no member named ‘defelt’
gram.y:5859: error: ‘YYSTYPE’ has no member named ‘defelt’
gram.y:5866: error: ‘YYSTYPE’ has no member named ‘list’
gram.y:5866: error: ‘YYSTYPE’ has no member named ‘defelt’
gram.y:5868: error: ‘YYSTYPE’ has no member named ‘list’
gram.y:5868: error: ‘YYSTYPE’ has no member named ‘list’
gram.y:5868: error: ‘YYSTYPE’ has no member named ‘defelt’
gram.y:5870: error: ‘YYSTYPE’ has no member named ‘list’
gram.y:5870: error: ‘YYSTYPE’ has no member named ‘list’
gram.y:5870: error: ‘YYSTYPE’ has no member named ‘defelt’
gram.y:5876: error: ‘YYSTYPE’ has no member named ‘list’
gram.y:5891: error: ‘ViewStmt’ undeclared (first use in this function)
gram.y:5892: error: ‘YYSTYPE’ has no member named ‘range’
gram.y:5893: error: ‘YYSTYPE’ has no member named ‘boolean’
gram.y:5894: error: ‘YYSTYPE’ has no member named ‘list’
gram.y:5895: error: ‘YYSTYPE’ has no member named ‘node’
gram.y:5897: error: ‘YYSTYPE’ has no member named ‘node’
gram.y:5897: error: expected expression before ‘)’ token
gram.y:5903: error: ‘YYSTYPE’ has no member named ‘range’
gram.y:5904: error: ‘YYSTYPE’ has no member named ‘boolean’
gram.y:5905: error: ‘YYSTYPE’ has no member named ‘list’
gram.y:5906: error: ‘YYSTYPE’ has no member named ‘node’
gram.y:5908: error: ‘YYSTYPE’ has no member named ‘node’
gram.y:5908: error: expected expression before ‘)’ token
gram.y:5931: error: ‘YYSTYPE’ has no member named ‘list’
gram.y:5943: error: ‘LoadStmt’ undeclared (first use in this function)
gram.y:5945: error: ‘YYSTYPE’ has no member named ‘node’
gram.y:5945: error: expected expression before ‘)’ token
gram.y:5959: error: ‘CreatedbStmt’ undeclared (first use in this function)
gram.y:5961: error: ‘YYSTYPE’ has no member named ‘list’
gram.y:5962: error: ‘YYSTYPE’ has no member named ‘node’
gram.y:5962: error: expected expression before ‘)’ token
gram.y:5967: error: ‘YYSTYPE’ has no member named ‘list’
gram.y:5967: error: ‘YYSTYPE’ has no member named ‘list’
gram.y:5967: error: ‘YYSTYPE’ has no member named ‘defelt’
gram.y:5968: error: ‘YYSTYPE’ has no member named ‘list’
gram.y:5974: error: ‘YYSTYPE’ has no member named ‘defelt’
gram.y:5974: error: expected expression before ‘)’ token
gram.y:5978: error: ‘YYSTYPE’ has no member named ‘defelt’
gram.y:5982: error: ‘YYSTYPE’ has no member named ‘defelt’
gram.y:5982: error: expected expression before ‘)’ token
gram.y:5986: error: ‘YYSTYPE’ has no member named ‘defelt’
gram.y:5990: error: ‘YYSTYPE’ has no member named ‘defelt’
gram.y:5990: error: expected expression before ‘)’ token
gram.y:5994: error: ‘YYSTYPE’ has no member named ‘defelt’
gram.y:5998: error: ‘YYSTYPE’ has no member named ‘defelt’
gram.y:5998: error: expected expression before ‘)’ token
gram.y:6002: error: ‘YYSTYPE’ has no member named ‘defelt’
gram.y:6002: error: expected expression before ‘)’ token
gram.y:6006: error: ‘YYSTYPE’ has no member named ‘defelt’
gram.y:6010: error: ‘YYSTYPE’ has no member named ‘defelt’
gram.y:6010: error: expected expression before ‘)’ token
gram.y:6014: error: ‘YYSTYPE’ has no member named ‘defelt’
gram.y:6018: error: ‘YYSTYPE’ has no member named ‘defelt’
gram.y:6018: error: expected expression before ‘)’ token
gram.y:6022: error: ‘YYSTYPE’ has no member named ‘defelt’
gram.y:6026: error: ‘YYSTYPE’ has no member named ‘defelt’
gram.y:6026: error: expected expression before ‘)’ token
gram.y:6030: error: ‘YYSTYPE’ has no member named ‘defelt’
gram.y:6030: error: expected expression before ‘)’ token
gram.y:6034: error: ‘YYSTYPE’ has no member named ‘defelt’
gram.y:6056: error: ‘AlterDatabaseStmt’ undeclared (first use in this function)
gram.y:6058: error: ‘YYSTYPE’ has no member named ‘list’
gram.y:6059: error: ‘YYSTYPE’ has no member named ‘node’
gram.y:6059: error: expected expression before ‘)’ token
gram.y:6066: error: expected expression before ‘)’ token
gram.y:6067: error: ‘YYSTYPE’ has no member named ‘node’
gram.y:6067: error: expected expression before ‘)’ token
gram.y:6074: error: ‘AlterDatabaseSetStmt’ undeclared (first use in this function)
gram.y:6076: error: ‘YYSTYPE’ has no member named ‘vsetstmt’
gram.y:6077: error: ‘YYSTYPE’ has no member named ‘node’
gram.y:6077: error: expected expression before ‘)’ token
gram.y:6083: error: ‘YYSTYPE’ has no member named ‘list’
gram.y:6083: error: ‘YYSTYPE’ has no member named ‘list’
gram.y:6083: error: ‘YYSTYPE’ has no member named ‘defelt’
gram.y:6084: error: ‘YYSTYPE’ has no member named ‘list’
gram.y:6090: error: ‘YYSTYPE’ has no member named ‘defelt’
gram.y:6090: error: expected expression before ‘)’ token
gram.y:6104: error: ‘DropdbStmt’ undeclared (first use in this function)
gram.y:6107: error: ‘YYSTYPE’ has no member named ‘node’
gram.y:6107: error: expected expression before ‘)’ token
gram.y:6114: error: ‘YYSTYPE’ has no member named ‘node’
gram.y:6114: error: expected expression before ‘)’ token
gram.y:6128: error: ‘CreateDomainStmt’ undeclared (first use in this function)
gram.y:6129: error: ‘YYSTYPE’ has no member named ‘list’
gram.y:6130: error: ‘YYSTYPE’ has no member named ‘typnam’
gram.y:6131: error: ‘YYSTYPE’ has no member named ‘list’
gram.y:6132: error: ‘YYSTYPE’ has no member named ‘node’
gram.y:6132: error: expected expression before ‘)’ token
gram.y:6140: error: ‘AlterDomainStmt’ undeclared (first use in this function)
gram.y:6142: error: ‘YYSTYPE’ has no member named ‘list’
gram.y:6143: error: ‘YYSTYPE’ has no member named ‘node’
gram.y:6144: error: ‘YYSTYPE’ has no member named ‘node’
gram.y:6144: error: expected expression before ‘)’ token
gram.y:6151: error: ‘YYSTYPE’ has no member named ‘list’
gram.y:6152: error: ‘YYSTYPE’ has no member named ‘node’
gram.y:6152: error: expected expression before ‘)’ token
gram.y:6159: error: ‘YYSTYPE’ has no member named ‘list’
gram.y:6160: error: ‘YYSTYPE’ has no member named ‘node’
gram.y:6160: error: expected expression before ‘)’ token
gram.y:6167: error: ‘YYSTYPE’ has no member named ‘list’
gram.y:6168: error: ‘YYSTYPE’ has no member named ‘node’
gram.y:6169: error: ‘YYSTYPE’ has no member named ‘node’
gram.y:6169: error: expected expression before ‘)’ token
gram.y:6176: error: ‘YYSTYPE’ has no member named ‘list’
gram.y:6178: error: ‘YYSTYPE’ has no member named ‘dbehavior’
gram.y:6179: error: ‘YYSTYPE’ has no member named ‘node’
gram.y:6179: error: expected expression before ‘)’ token
gram.y:6197: error: ‘AlterTSDictionaryStmt’ undeclared (first use in this function)
gram.y:6198: error: ‘YYSTYPE’ has no member named ‘list’
gram.y:6199: error: ‘YYSTYPE’ has no member named ‘list’
gram.y:6200: error: ‘YYSTYPE’ has no member named ‘node’
gram.y:6200: error: expected expression before ‘)’ token
gram.y:6207: error: ‘AlterTSConfigurationStmt’ undeclared (first use in this function)
gram.y:6208: error: ‘YYSTYPE’ has no member named ‘list’
gram.y:6209: error: ‘YYSTYPE’ has no member named ‘list’
gram.y:6210: error: ‘YYSTYPE’ has no member named ‘list’
gram.y:6213: error: ‘YYSTYPE’ has no member named ‘node’
gram.y:6213: error: expected expression before ‘)’ token
gram.y:6218: error: ‘YYSTYPE’ has no member named ‘list’
gram.y:6219: error: ‘YYSTYPE’ has no member named ‘list’
gram.y:6220: error: ‘YYSTYPE’ has no member named ‘list’
gram.y:6223: error: ‘YYSTYPE’ has no member named ‘node’
gram.y:6223: error: expected expression before ‘)’ token
gram.y:6228: error: ‘YYSTYPE’ has no member named ‘list’
gram.y:6230: error: ‘YYSTYPE’ has no member named ‘list’
gram.y:6230: error: ‘YYSTYPE’ has no member named ‘list’
gram.y:6233: error: ‘YYSTYPE’ has no member named ‘node’
gram.y:6233: error: expected expression before ‘)’ token
gram.y:6238: error: ‘YYSTYPE’ has no member named ‘list’
gram.y:6239: error: ‘YYSTYPE’ has no member named ‘list’
gram.y:6240: error: ‘YYSTYPE’ has no member named ‘list’
gram.y:6240: error: ‘YYSTYPE’ has no member named ‘list’
gram.y:6243: error: ‘YYSTYPE’ has no member named ‘node’
gram.y:6243: error: expected expression before ‘)’ token
gram.y:6248: error: ‘YYSTYPE’ has no member named ‘list’
gram.y:6249: error: ‘YYSTYPE’ has no member named ‘list’
gram.y:6251: error: ‘YYSTYPE’ has no member named ‘node’
gram.y:6251: error: expected expression before ‘)’ token
gram.y:6256: error: ‘YYSTYPE’ has no member named ‘list’
gram.y:6257: error: ‘YYSTYPE’ has no member named ‘list’
gram.y:6259: error: ‘YYSTYPE’ has no member named ‘node’
gram.y:6259: error: expected expression before ‘)’ token
gram.y:6277: error: ‘CreateConversionStmt’ undeclared (first use in this function)
gram.y:6278: error: ‘YYSTYPE’ has no member named ‘list’
gram.y:6281: error: ‘YYSTYPE’ has no member named ‘list’
gram.y:6282: error: ‘YYSTYPE’ has no member named ‘boolean’
gram.y:6283: error: ‘YYSTYPE’ has no member named ‘node’
gram.y:6283: error: expected expression before ‘)’ token
gram.y:6299: error: ‘ClusterStmt’ undeclared (first use in this function)
gram.y:6300: error: ‘YYSTYPE’ has no member named ‘range’
gram.y:6302: error: ‘YYSTYPE’ has no member named ‘boolean’
gram.y:6303: error: ‘YYSTYPE’ has no member named ‘node’
gram.y:6303: error: expected expression before ‘)’ token
gram.y:6310: error: ‘YYSTYPE’ has no member named ‘boolean’
gram.y:6311: error: ‘YYSTYPE’ has no member named ‘node’
gram.y:6311: error: expected expression before ‘)’ token
gram.y:6317: error: ‘YYSTYPE’ has no member named ‘range’
gram.y:6319: error: ‘YYSTYPE’ has no member named ‘boolean’
gram.y:6320: error: ‘YYSTYPE’ has no member named ‘node’
gram.y:6320: error: expected expression before ‘)’ token
gram.y:6340: error: ‘VacuumStmt’ undeclared (first use in this function)
gram.y:6343: error: ‘YYSTYPE’ has no member named ‘boolean’
gram.y:6344: error: ‘YYSTYPE’ has no member named ‘boolean’
gram.y:6345: error: ‘YYSTYPE’ has no member named ‘boolean’
gram.y:6346: error: ‘YYSTYPE’ has no member named ‘boolean’
gram.y:6349: error: ‘YYSTYPE’ has no member named ‘node’
gram.y:6349: error: expected expression before ‘)’ token
gram.y:6356: error: ‘YYSTYPE’ has no member named ‘boolean’
gram.y:6357: error: ‘YYSTYPE’ has no member named ‘boolean’
gram.y:6358: error: ‘YYSTYPE’ has no member named ‘boolean’
gram.y:6359: error: ‘YYSTYPE’ has no member named ‘boolean’
gram.y:6360: error: ‘YYSTYPE’ has no member named ‘range’
gram.y:6362: error: ‘YYSTYPE’ has no member named ‘node’
gram.y:6362: error: expected expression before ‘)’ token
gram.y:6366: error: expected expression before ‘)’ token
gram.y:6366: error: ‘YYSTYPE’ has no member named ‘node’
gram.y:6368: error: ‘YYSTYPE’ has no member named ‘boolean’
gram.y:6369: error: ‘YYSTYPE’ has no member named ‘boolean’
gram.y:6370: error: ‘YYSTYPE’ has no member named ‘boolean’
gram.y:6371: error: ‘YYSTYPE’ has no member named ‘boolean’
gram.y:6372: error: ‘YYSTYPE’ has no member named ‘node’
gram.y:6372: error: expected expression before ‘)’ token
gram.y:6385: error: ‘YYSTYPE’ has no member named ‘boolean’
gram.y:6388: error: ‘YYSTYPE’ has no member named ‘node’
gram.y:6388: error: expected expression before ‘)’ token
gram.y:6398: error: ‘YYSTYPE’ has no member named ‘boolean’
gram.y:6399: error: ‘YYSTYPE’ has no member named ‘range’
gram.y:6400: error: ‘YYSTYPE’ has no member named ‘list’
gram.y:6401: error: ‘YYSTYPE’ has no member named ‘node’
gram.y:6401: error: expected expression before ‘)’ token
gram.y:6411: error: ‘YYSTYPE’ has no member named ‘boolean’
gram.y:6412: error: ‘YYSTYPE’ has no member named ‘boolean’
gram.y:6415: error: ‘YYSTYPE’ has no member named ‘boolean’
gram.y:6416: error: ‘YYSTYPE’ has no member named ‘boolean’
gram.y:6419: error: ‘YYSTYPE’ has no member named ‘boolean’
gram.y:6420: error: ‘YYSTYPE’ has no member named ‘boolean’
gram.y:6424: error: ‘YYSTYPE’ has no member named ‘list’
gram.y:6424: error: ‘YYSTYPE’ has no member named ‘list’
gram.y:6425: error: ‘YYSTYPE’ has no member named ‘list’
gram.y:6438: error: ‘ExplainStmt’ undeclared (first use in this function)
gram.y:6439: error: ‘YYSTYPE’ has no member named ‘boolean’
gram.y:6440: error: ‘YYSTYPE’ has no member named ‘boolean’
gram.y:6441: error: ‘YYSTYPE’ has no member named ‘node’
gram.y:6442: error: ‘YYSTYPE’ has no member named ‘node’
gram.y:6442: error: expected expression before ‘)’ token
gram.y:6457: error: ‘YYSTYPE’ has no member named ‘boolean’
gram.y:6458: error: ‘YYSTYPE’ has no member named ‘boolean’
gram.y:6470: error: ‘PrepareStmt’ undeclared (first use in this function)
gram.y:6472: error: ‘YYSTYPE’ has no member named ‘list’
gram.y:6473: error: ‘YYSTYPE’ has no member named ‘node’
gram.y:6474: error: ‘YYSTYPE’ has no member named ‘node’
gram.y:6474: error: expected expression before ‘)’ token
gram.y:6478: error: ‘YYSTYPE’ has no member named ‘list’
gram.y:6478: error: ‘YYSTYPE’ has no member named ‘list’
gram.y:6479: error: ‘YYSTYPE’ has no member named ‘list’
gram.y:6498: error: ‘ExecuteStmt’ undeclared (first use in this function)
gram.y:6500: error: ‘YYSTYPE’ has no member named ‘list’
gram.y:6502: error: ‘YYSTYPE’ has no member named ‘node’
gram.y:6502: error: expected expression before ‘)’ token
gram.y:6509: error: ‘YYSTYPE’ has no member named ‘list’
gram.y:6510: error: ‘YYSTYPE’ has no member named ‘into’
gram.y:6510: error: ‘YYSTYPE’ has no member named ‘boolean’
gram.y:6511: error: ‘YYSTYPE’ has no member named ‘into’
gram.y:6512: error: ‘YYSTYPE’ has no member named ‘into’
gram.y:6517: error: ‘YYSTYPE’ has no member named ‘node’
gram.y:6517: error: expected expression before ‘)’ token
gram.y:6521: error: ‘YYSTYPE’ has no member named ‘list’
gram.y:6521: error: ‘YYSTYPE’ has no member named ‘list’
gram.y:6522: error: ‘YYSTYPE’ has no member named ‘list’
gram.y:6534: error: ‘DeallocateStmt’ undeclared (first use in this function)
gram.y:6536: error: ‘YYSTYPE’ has no member named ‘node’
gram.y:6536: error: expected expression before ‘)’ token
gram.y:6542: error: ‘YYSTYPE’ has no member named ‘node’
gram.y:6542: error: expected expression before ‘)’ token
gram.y:6548: error: ‘YYSTYPE’ has no member named ‘node’
gram.y:6548: error: expected expression before ‘)’ token
gram.y:6554: error: ‘YYSTYPE’ has no member named ‘node’
gram.y:6554: error: expected expression before ‘)’ token
gram.y:6568: error: ‘YYSTYPE’ has no member named ‘istmt’
gram.y:6568: error: ‘YYSTYPE’ has no member named ‘range’
gram.y:6569: error: ‘YYSTYPE’ has no member named ‘istmt’
gram.y:6569: error: ‘YYSTYPE’ has no member named ‘list’
gram.y:6570: error: ‘YYSTYPE’ has no member named ‘node’
gram.y:6570: error: expected expression before ‘)’ token
gram.y:6570: error: ‘YYSTYPE’ has no member named ‘istmt’
gram.y:6577: error: ‘YYSTYPE’ has no member named ‘istmt’
gram.y:6577: error: ‘InsertStmt’ undeclared (first use in this function)
gram.y:6578: error: ‘YYSTYPE’ has no member named ‘istmt’
gram.y:6579: error: ‘YYSTYPE’ has no member named ‘istmt’
gram.y:6579: error: ‘YYSTYPE’ has no member named ‘node’
gram.y:6583: error: ‘YYSTYPE’ has no member named ‘istmt’
gram.y:6584: error: ‘YYSTYPE’ has no member named ‘istmt’
gram.y:6584: error: ‘YYSTYPE’ has no member named ‘list’
gram.y:6585: error: ‘YYSTYPE’ has no member named ‘istmt’
gram.y:6585: error: ‘YYSTYPE’ has no member named ‘node’
gram.y:6589: error: ‘YYSTYPE’ has no member named ‘istmt’
gram.y:6590: error: ‘YYSTYPE’ has no member named ‘istmt’
gram.y:6591: error: ‘YYSTYPE’ has no member named ‘istmt’
gram.y:6597: error: ‘YYSTYPE’ has no member named ‘list’
gram.y:6597: error: ‘YYSTYPE’ has no member named ‘target’
gram.y:6599: error: ‘YYSTYPE’ has no member named ‘list’
gram.y:6599: error: ‘YYSTYPE’ has no member named ‘list’
gram.y:6599: error: ‘YYSTYPE’ has no member named ‘target’
gram.y:6605: error: ‘YYSTYPE’ has no member named ‘target’
gram.y:6605: error: ‘ResTarget’ undeclared (first use in this function)
gram.y:6606: error: ‘YYSTYPE’ has no member named ‘target’
gram.y:6607: error: ‘YYSTYPE’ has no member named ‘target’
gram.y:6607: error: ‘YYSTYPE’ has no member named ‘list’
gram.y:6608: error: ‘YYSTYPE’ has no member named ‘target’
gram.y:6609: error: ‘YYSTYPE’ has no member named ‘target’
gram.y:6614: error: ‘YYSTYPE’ has no member named ‘list’
gram.y:6614: error: ‘YYSTYPE’ has no member named ‘list’
gram.y:6615: error: ‘YYSTYPE’ has no member named ‘list’
gram.y:6629: error: ‘DeleteStmt’ undeclared (first use in this function)
gram.y:6630: error: ‘YYSTYPE’ has no member named ‘range’
gram.y:6631: error: ‘YYSTYPE’ has no member named ‘list’
gram.y:6632: error: ‘YYSTYPE’ has no member named ‘node’
gram.y:6633: error: ‘YYSTYPE’ has no member named ‘list’
gram.y:6634: error: ‘YYSTYPE’ has no member named ‘node’
gram.y:6634: error: expected expression before ‘)’ token
gram.y:6639: error: ‘YYSTYPE’ has no member named ‘list’
gram.y:6639: error: ‘YYSTYPE’ has no member named ‘list’
gram.y:6640: error: ‘YYSTYPE’ has no member named ‘list’
gram.y:6653: error: ‘LockStmt’ undeclared (first use in this function)
gram.y:6655: error: ‘YYSTYPE’ has no member named ‘list’
gram.y:6657: error: ‘YYSTYPE’ has no member named ‘boolean’
gram.y:6658: error: ‘YYSTYPE’ has no member named ‘node’
gram.y:6658: error: expected expression before ‘)’ token
gram.y:6663: error: ‘AccessExclusiveLock’ undeclared (first use in this function)
gram.y:6666: error: ‘AccessShareLock’ undeclared (first use in this function)
gram.y:6667: error: ‘RowShareLock’ undeclared (first use in this function)
gram.y:6668: error: ‘RowExclusiveLock’ undeclared (first use in this function)
gram.y:6669: error: ‘ShareUpdateExclusiveLock’ undeclared (first use in this function)
gram.y:6670: error: ‘ShareLock’ undeclared (first use in this function)
gram.y:6671: error: ‘ShareRowExclusiveLock’ undeclared (first use in this function)
gram.y:6672: error: ‘ExclusiveLock’ undeclared (first use in this function)
gram.y:6676: error: ‘YYSTYPE’ has no member named ‘boolean’
gram.y:6677: error: ‘YYSTYPE’ has no member named ‘boolean’
gram.y:6694: error: ‘UpdateStmt’ undeclared (first use in this function)
gram.y:6695: error: ‘YYSTYPE’ has no member named ‘range’
gram.y:6696: error: ‘YYSTYPE’ has no member named ‘list’
gram.y:6697: error: ‘YYSTYPE’ has no member named ‘list’
gram.y:6698: error: ‘YYSTYPE’ has no member named ‘node’
gram.y:6699: error: ‘YYSTYPE’ has no member named ‘list’
gram.y:6700: error: ‘YYSTYPE’ has no member named ‘node’
gram.y:6700: error: expected expression before ‘)’ token
gram.y:6705: error: ‘YYSTYPE’ has no member named ‘list’
gram.y:6705: error: ‘YYSTYPE’ has no member named ‘list’
gram.y:6706: error: ‘YYSTYPE’ has no member named ‘list’
gram.y:6706: error: ‘YYSTYPE’ has no member named ‘list’
gram.y:6706: error: ‘YYSTYPE’ has no member named ‘list’
gram.y:6710: error: ‘YYSTYPE’ has no member named ‘list’
gram.y:6710: error: ‘YYSTYPE’ has no member named ‘target’
gram.y:6711: error: ‘YYSTYPE’ has no member named ‘list’
gram.y:6711: error: ‘YYSTYPE’ has no member named ‘list’
gram.y:6717: error: ‘YYSTYPE’ has no member named ‘target’
gram.y:6717: error: ‘YYSTYPE’ has no member named ‘target’
gram.y:6718: error: ‘YYSTYPE’ has no member named ‘target’
gram.y:6718: error: expected expression before ‘)’ token
gram.y:6718: error: ‘YYSTYPE’ has no member named ‘node’
gram.y:6725: error: ‘ListCell’ undeclared (first use in this function)
gram.y:6725: error: ‘col_cell’ undeclared (first use in this function)
gram.y:6726: error: ‘val_cell’ undeclared (first use in this function)
gram.y:6733: error: ‘YYSTYPE’ has no member named ‘list’
gram.y:6733: error: ‘YYSTYPE’ has no member named ‘list’
gram.y:6738: error: ‘YYSTYPE’ has no member named ‘list’
gram.y:6738: error: ‘YYSTYPE’ has no member named ‘list’
gram.y:6739: error: expected ‘;’ before ‘{’ token
gram.y:6753: error: ‘YYSTYPE’ has no member named ‘target’
gram.y:6754: error: ‘YYSTYPE’ has no member named ‘target’
gram.y:6755: error: ‘YYSTYPE’ has no member named ‘target’
gram.y:6755: error: ‘YYSTYPE’ has no member named ‘list’
gram.y:6756: error: ‘YYSTYPE’ has no member named ‘target’
gram.y:6757: error: ‘YYSTYPE’ has no member named ‘target’
gram.y:6762: error: ‘YYSTYPE’ has no member named ‘list’
gram.y:6762: error: ‘YYSTYPE’ has no member named ‘target’
gram.y:6763: error: ‘YYSTYPE’ has no member named ‘list’
gram.y:6763: error: ‘YYSTYPE’ has no member named ‘list’
gram.y:6763: error: ‘YYSTYPE’ has no member named ‘target’
gram.y:6775: error: ‘DeclareCursorStmt’ undeclared (first use in this function)
gram.y:6778: error: ‘CURSOR_OPT_FAST_PLAN’ undeclared (first use in this function)
gram.y:6779: error: ‘YYSTYPE’ has no member named ‘node’
gram.y:6780: error: ‘YYSTYPE’ has no member named ‘node’
gram.y:6780: error: expected expression before ‘)’ token
gram.y:6785: error: ‘CURSOR_OPT_NO_SCROLL’ undeclared (first use in this function)
gram.y:6786: error: ‘CURSOR_OPT_SCROLL’ undeclared (first use in this function)
gram.y:6787: error: ‘CURSOR_OPT_BINARY’ undeclared (first use in this function)
gram.y:6788: error: ‘CURSOR_OPT_INSENSITIVE’ undeclared (first use in this function)
gram.y:6792: error: ‘CURSOR_OPT_HOLD’ undeclared (first use in this function)
gram.y:6846: error: ‘YYSTYPE’ has no member named ‘node’
gram.y:6846: error: ‘YYSTYPE’ has no member named ‘node’
gram.y:6847: error: ‘YYSTYPE’ has no member named ‘node’
gram.y:6847: error: ‘YYSTYPE’ has no member named ‘node’
gram.y:6861: error: ‘YYSTYPE’ has no member named ‘node’
gram.y:6861: error: ‘YYSTYPE’ has no member named ‘node’
gram.y:6864: error: expected expression before ‘)’ token
gram.y:6864: error: ‘YYSTYPE’ has no member named ‘node’
gram.y:6864: error: ‘YYSTYPE’ has no member named ‘list’
gram.y:6866: error: ‘YYSTYPE’ has no member named ‘node’
gram.y:6866: error: ‘YYSTYPE’ has no member named ‘node’
gram.y:6870: error: expected expression before ‘)’ token
gram.y:6870: error: ‘YYSTYPE’ has no member named ‘node’
gram.y:6870: error: ‘YYSTYPE’ has no member named ‘list’
gram.y:6870: error: ‘YYSTYPE’ has no member named ‘list’
gram.y:6871: error: ‘YYSTYPE’ has no member named ‘list’
gram.y:6871: error: ‘YYSTYPE’ has no member named ‘list’
gram.y:6873: error: ‘YYSTYPE’ has no member named ‘node’
gram.y:6873: error: ‘YYSTYPE’ has no member named ‘node’
gram.y:6877: error: expected expression before ‘)’ token
gram.y:6877: error: ‘YYSTYPE’ has no member named ‘node’
gram.y:6877: error: ‘YYSTYPE’ has no member named ‘list’
gram.y:6877: error: ‘YYSTYPE’ has no member named ‘list’
gram.y:6878: error: ‘YYSTYPE’ has no member named ‘list’
gram.y:6878: error: ‘YYSTYPE’ has no member named ‘list’
gram.y:6880: error: ‘YYSTYPE’ has no member named ‘node’
gram.y:6880: error: ‘YYSTYPE’ has no member named ‘node’
gram.y:6884: error: expected expression before ‘)’ token
gram.y:6884: error: ‘YYSTYPE’ has no member named ‘node’
gram.y:6886: error: ‘YYSTYPE’ has no member named ‘with’
gram.y:6887: error: ‘YYSTYPE’ has no member named ‘node’
gram.y:6887: error: ‘YYSTYPE’ has no member named ‘node’
gram.y:6891: error: expected expression before ‘)’ token
gram.y:6891: error: ‘YYSTYPE’ has no member named ‘node’
gram.y:6891: error: ‘YYSTYPE’ has no member named ‘list’
gram.y:6893: error: ‘YYSTYPE’ has no member named ‘with’
gram.y:6894: error: ‘YYSTYPE’ has no member named ‘node’
gram.y:6894: error: ‘YYSTYPE’ has no member named ‘node’
gram.y:6898: error: expected expression before ‘)’ token
gram.y:6898: error: ‘YYSTYPE’ has no member named ‘node’
gram.y:6898: error: ‘YYSTYPE’ has no member named ‘list’
gram.y:6898: error: ‘YYSTYPE’ has no member named ‘list’
gram.y:6899: error: ‘YYSTYPE’ has no member named ‘list’
gram.y:6899: error: ‘YYSTYPE’ has no member named ‘list’
gram.y:6900: error: ‘YYSTYPE’ has no member named ‘with’
gram.y:6901: error: ‘YYSTYPE’ has no member named ‘node’
gram.y:6901: error: ‘YYSTYPE’ has no member named ‘node’
gram.y:6905: error: expected expression before ‘)’ token
gram.y:6905: error: ‘YYSTYPE’ has no member named ‘node’
gram.y:6905: error: ‘YYSTYPE’ has no member named ‘list’
gram.y:6905: error: ‘YYSTYPE’ has no member named ‘list’
gram.y:6906: error: ‘YYSTYPE’ has no member named ‘list’
gram.y:6906: error: ‘YYSTYPE’ has no member named ‘list’
gram.y:6907: error: ‘YYSTYPE’ has no member named ‘with’
gram.y:6908: error: ‘YYSTYPE’ has no member named ‘node’
gram.y:6908: error: ‘YYSTYPE’ has no member named ‘node’
gram.y:6913: error: ‘YYSTYPE’ has no member named ‘node’
gram.y:6913: error: ‘YYSTYPE’ has no member named ‘node’
gram.y:6914: error: ‘YYSTYPE’ has no member named ‘node’
gram.y:6914: error: ‘YYSTYPE’ has no member named ‘node’
gram.y:6946: error: ‘YYSTYPE’ has no member named ‘list’
gram.y:6947: error: ‘YYSTYPE’ has no member named ‘list’
gram.y:6948: error: ‘YYSTYPE’ has no member named ‘into’
gram.y:6949: error: ‘YYSTYPE’ has no member named ‘list’
gram.y:6950: error: ‘YYSTYPE’ has no member named ‘node’
gram.y:6951: error: ‘YYSTYPE’ has no member named ‘list’
gram.y:6952: error: ‘YYSTYPE’ has no member named ‘node’
gram.y:6953: error: ‘YYSTYPE’ has no member named ‘list’
gram.y:6954: error: ‘YYSTYPE’ has no member named ‘node’
gram.y:6954: error: expected expression before ‘)’ token
gram.y:6956: error: ‘YYSTYPE’ has no member named ‘node’
gram.y:6956: error: ‘YYSTYPE’ has no member named ‘node’
gram.y:6960: error: ‘ColumnRef’ undeclared (first use in this function)
gram.y:6960: error: ‘cr’ undeclared (first use in this function)
gram.y:6961: error: ‘rt’ undeclared (first use in this function)
gram.y:6964: error: ‘A_Star’ undeclared (first use in this function)
gram.y:6969: error: expected expression before ‘)’ token
gram.y:6973: error: ‘YYSTYPE’ has no member named ‘range’
gram.y:6974: error: ‘YYSTYPE’ has no member named ‘node’
gram.y:6974: error: expected expression before ‘)’ token
gram.y:6978: error: ‘YYSTYPE’ has no member named ‘node’
gram.y:6978: error: ‘SETOP_UNION’ undeclared (first use in this function)
gram.y:6978: error: ‘YYSTYPE’ has no member named ‘boolean’
gram.y:6978: error: ‘YYSTYPE’ has no member named ‘node’
gram.y:6978: error: ‘YYSTYPE’ has no member named ‘node’
gram.y:6982: error: ‘YYSTYPE’ has no member named ‘node’
gram.y:6982: error: ‘SETOP_INTERSECT’ undeclared (first use in this function)
gram.y:6982: error: ‘YYSTYPE’ has no member named ‘boolean’
gram.y:6982: error: ‘YYSTYPE’ has no member named ‘node’
gram.y:6982: error: ‘YYSTYPE’ has no member named ‘node’
gram.y:6986: error: ‘YYSTYPE’ has no member named ‘node’
gram.y:6986: error: ‘SETOP_EXCEPT’ undeclared (first use in this function)
gram.y:6986: error: ‘YYSTYPE’ has no member named ‘boolean’
gram.y:6986: error: ‘YYSTYPE’ has no member named ‘node’
gram.y:6986: error: ‘YYSTYPE’ has no member named ‘node’
gram.y:7001: error: ‘YYSTYPE’ has no member named ‘with’
gram.y:7001: error: ‘WithClause’ undeclared (first use in this function)
gram.y:7002: error: ‘YYSTYPE’ has no member named ‘with’
gram.y:7002: error: ‘YYSTYPE’ has no member named ‘list’
gram.y:7003: error: ‘YYSTYPE’ has no member named ‘with’
gram.y:7004: error: ‘YYSTYPE’ has no member named ‘with’
gram.y:7008: error: ‘YYSTYPE’ has no member named ‘with’
gram.y:7009: error: ‘YYSTYPE’ has no member named ‘with’
gram.y:7009: error: ‘YYSTYPE’ has no member named ‘list’
gram.y:7010: error: ‘YYSTYPE’ has no member named ‘with’
gram.y:7011: error: ‘YYSTYPE’ has no member named ‘with’
gram.y:7016: error: ‘YYSTYPE’ has no member named ‘list’
gram.y:7016: error: ‘YYSTYPE’ has no member named ‘node’
gram.y:7017: error: ‘YYSTYPE’ has no member named ‘list’
gram.y:7017: error: ‘YYSTYPE’ has no member named ‘list’
gram.y:7017: error: ‘YYSTYPE’ has no member named ‘node’
gram.y:7022: error: ‘CommonTableExpr’ undeclared (first use in this function)
gram.y:7024: error: ‘YYSTYPE’ has no member named ‘list’
gram.y:7025: error: ‘YYSTYPE’ has no member named ‘node’
gram.y:7027: error: ‘YYSTYPE’ has no member named ‘node’
gram.y:7027: error: expected expression before ‘)’ token
gram.y:7034: error: ‘YYSTYPE’ has no member named ‘into’
gram.y:7035: error: ‘YYSTYPE’ has no member named ‘into’
gram.y:7035: error: ‘YYSTYPE’ has no member named ‘range’
gram.y:7036: error: ‘YYSTYPE’ has no member named ‘into’
gram.y:7037: error: ‘YYSTYPE’ has no member named ‘into’
gram.y:7038: error: ‘YYSTYPE’ has no member named ‘into’
gram.y:7039: error: ‘YYSTYPE’ has no member named ‘into’
gram.y:7042: error: ‘YYSTYPE’ has no member named ‘into’
gram.y:7052: error: ‘YYSTYPE’ has no member named ‘range’
gram.y:7052: error: ‘YYSTYPE’ has no member named ‘range’
gram.y:7053: error: ‘YYSTYPE’ has no member named ‘range’
gram.y:7057: error: ‘YYSTYPE’ has no member named ‘range’
gram.y:7057: error: ‘YYSTYPE’ has no member named ‘range’
gram.y:7058: error: ‘YYSTYPE’ has no member named ‘range’
gram.y:7062: error: ‘YYSTYPE’ has no member named ‘range’
gram.y:7062: error: ‘YYSTYPE’ has no member named ‘range’
gram.y:7063: error: ‘YYSTYPE’ has no member named ‘range’
gram.y:7067: error: ‘YYSTYPE’ has no member named ‘range’
gram.y:7067: error: ‘YYSTYPE’ has no member named ‘range’
gram.y:7068: error: ‘YYSTYPE’ has no member named ‘range’
gram.y:7072: error: ‘YYSTYPE’ has no member named ‘range’
gram.y:7072: error: ‘YYSTYPE’ has no member named ‘range’
gram.y:7073: error: ‘YYSTYPE’ has no member named ‘range’
gram.y:7077: error: ‘YYSTYPE’ has no member named ‘range’
gram.y:7077: error: ‘YYSTYPE’ has no member named ‘range’
gram.y:7078: error: ‘YYSTYPE’ has no member named ‘range’
gram.y:7082: error: ‘YYSTYPE’ has no member named ‘range’
gram.y:7082: error: ‘YYSTYPE’ has no member named ‘range’
gram.y:7083: error: ‘YYSTYPE’ has no member named ‘range’
gram.y:7087: error: ‘YYSTYPE’ has no member named ‘range’
gram.y:7087: error: ‘YYSTYPE’ has no member named ‘range’
gram.y:7088: error: ‘YYSTYPE’ has no member named ‘range’
gram.y:7096: error: ‘YYSTYPE’ has no member named ‘boolean’
gram.y:7097: error: ‘YYSTYPE’ has no member named ‘boolean’
gram.y:7098: error: ‘YYSTYPE’ has no member named ‘boolean’
gram.y:7105: error: ‘YYSTYPE’ has no member named ‘list’
gram.y:7106: error: ‘YYSTYPE’ has no member named ‘list’
gram.y:7106: error: ‘YYSTYPE’ has no member named ‘list’
gram.y:7107: error: ‘YYSTYPE’ has no member named ‘list’
gram.y:7108: error: ‘YYSTYPE’ has no member named ‘list’
gram.y:7112: error: ‘YYSTYPE’ has no member named ‘list’
gram.y:7112: error: ‘YYSTYPE’ has no member named ‘list’
gram.y:7113: error: ‘YYSTYPE’ has no member named ‘list’
gram.y:7117: error: ‘YYSTYPE’ has no member named ‘list’
gram.y:7117: error: ‘YYSTYPE’ has no member named ‘list’
gram.y:7121: error: ‘YYSTYPE’ has no member named ‘list’
gram.y:7121: error: ‘YYSTYPE’ has no member named ‘sortby’
gram.y:7122: error: ‘YYSTYPE’ has no member named ‘list’
gram.y:7122: error: ‘YYSTYPE’ has no member named ‘list’
gram.y:7122: error: ‘YYSTYPE’ has no member named ‘sortby’
gram.y:7127: error: ‘YYSTYPE’ has no member named ‘sortby’
gram.y:7127: error: ‘SortBy’ undeclared (first use in this function)
gram.y:7128: error: ‘YYSTYPE’ has no member named ‘sortby’
gram.y:7128: error: ‘YYSTYPE’ has no member named ‘node’
gram.y:7129: error: ‘YYSTYPE’ has no member named ‘sortby’
gram.y:7129: error: ‘SORTBY_USING’ undeclared (first use in this function)
gram.y:7130: error: ‘YYSTYPE’ has no member named ‘sortby’
gram.y:7131: error: ‘YYSTYPE’ has no member named ‘sortby’
gram.y:7131: error: ‘YYSTYPE’ has no member named ‘list’
gram.y:7132: error: ‘YYSTYPE’ has no member named ‘sortby’
gram.y:7136: error: ‘YYSTYPE’ has no member named ‘sortby’
gram.y:7137: error: ‘YYSTYPE’ has no member named ‘sortby’
gram.y:7137: error: ‘YYSTYPE’ has no member named ‘node’
gram.y:7138: error: ‘YYSTYPE’ has no member named ‘sortby’
gram.y:7139: error: ‘YYSTYPE’ has no member named ‘sortby’
gram.y:7140: error: ‘YYSTYPE’ has no member named ‘sortby’
gram.y:7141: error: ‘YYSTYPE’ has no member named ‘sortby’
gram.y:7148: error: ‘YYSTYPE’ has no member named ‘list’
gram.y:7148: error: ‘YYSTYPE’ has no member named ‘node’
gram.y:7148: error: ‘YYSTYPE’ has no member named ‘node’
gram.y:7150: error: ‘YYSTYPE’ has no member named ‘list’
gram.y:7150: error: ‘YYSTYPE’ has no member named ‘node’
gram.y:7150: error: ‘YYSTYPE’ has no member named ‘node’
gram.y:7152: error: ‘YYSTYPE’ has no member named ‘list’
gram.y:7152: error: ‘YYSTYPE’ has no member named ‘node’
gram.y:7154: error: ‘YYSTYPE’ has no member named ‘list’
gram.y:7154: error: ‘YYSTYPE’ has no member named ‘node’
gram.y:7166: error: ‘YYSTYPE’ has no member named ‘list’
gram.y:7166: error: ‘YYSTYPE’ has no member named ‘node’
gram.y:7168: error: ‘YYSTYPE’ has no member named ‘list’
gram.y:7168: error: ‘YYSTYPE’ has no member named ‘node’
gram.y:7170: error: ‘YYSTYPE’ has no member named ‘list’
gram.y:7170: error: ‘YYSTYPE’ has no member named ‘node’
gram.y:7170: error: ‘YYSTYPE’ has no member named ‘node’
gram.y:7174: error: ‘YYSTYPE’ has no member named ‘list’
gram.y:7174: error: ‘YYSTYPE’ has no member named ‘list’
gram.y:7176: error: ‘YYSTYPE’ has no member named ‘list’
gram.y:7180: error: ‘YYSTYPE’ has no member named ‘node’
gram.y:7180: error: ‘YYSTYPE’ has no member named ‘node’
gram.y:7184: error: ‘YYSTYPE’ has no member named ‘node’
gram.y:7194: error: ‘YYSTYPE’ has no member named ‘node’
gram.y:7195: error: ‘YYSTYPE’ has no member named ‘node’
gram.y:7195: error: ‘YYSTYPE’ has no member named ‘node’
gram.y:7196: error: ‘YYSTYPE’ has no member named ‘node’
gram.y:7200: error: ‘YYSTYPE’ has no member named ‘node’
gram.y:7200: error: ‘YYSTYPE’ has no member named ‘node’
gram.y:7208: error: ‘YYSTYPE’ has no member named ‘node’
gram.y:7208: error: ‘YYSTYPE’ has no member named ‘node’
gram.y:7224: error: ‘YYSTYPE’ has no member named ‘list’
gram.y:7224: error: ‘YYSTYPE’ has no member named ‘list’
gram.y:7225: error: ‘YYSTYPE’ has no member named ‘list’
gram.y:7229: error: ‘YYSTYPE’ has no member named ‘node’
gram.y:7229: error: ‘YYSTYPE’ has no member named ‘node’
gram.y:7230: error: ‘YYSTYPE’ has no member named ‘node’
gram.y:7234: error: ‘YYSTYPE’ has no member named ‘list’
gram.y:7234: error: ‘YYSTYPE’ has no member named ‘list’
gram.y:7235: error: ‘YYSTYPE’ has no member named ‘list’
gram.y:7239: error: ‘YYSTYPE’ has no member named ‘list’
gram.y:7239: error: ‘YYSTYPE’ has no member named ‘list’
gram.y:7240: error: ‘YYSTYPE’ has no member named ‘list’
gram.y:7244: error: ‘YYSTYPE’ has no member named ‘list’
gram.y:7244: error: ‘YYSTYPE’ has no member named ‘node’
gram.y:7245: error: ‘YYSTYPE’ has no member named ‘list’
gram.y:7245: error: ‘YYSTYPE’ has no member named ‘list’
gram.y:7245: error: ‘YYSTYPE’ has no member named ‘node’
gram.y:7251: error: ‘LockingClause’ undeclared (first use in this function)
gram.y:7252: error: ‘YYSTYPE’ has no member named ‘list’
gram.y:7254: error: ‘YYSTYPE’ has no member named ‘boolean’
gram.y:7255: error: ‘YYSTYPE’ has no member named ‘node’
gram.y:7255: error: expected expression before ‘)’ token
gram.y:7260: error: ‘YYSTYPE’ has no member named ‘list’
gram.y:7262: error: ‘YYSTYPE’ has no member named ‘boolean’
gram.y:7263: error: ‘YYSTYPE’ has no member named ‘node’
gram.y:7263: error: expected expression before ‘)’ token
gram.y:7268: error: ‘YYSTYPE’ has no member named ‘list’
gram.y:7268: error: ‘YYSTYPE’ has no member named ‘list’
gram.y:7269: error: ‘YYSTYPE’ has no member named ‘list’
gram.y:7277: error: ‘YYSTYPE’ has no member named ‘list’
gram.y:7278: error: ‘YYSTYPE’ has no member named ‘node’
gram.y:7278: error: expected expression before ‘)’ token
gram.y:7282: error: expected expression before ‘)’ token
gram.y:7282: error: ‘YYSTYPE’ has no member named ‘node’
gram.y:7283: error: ‘YYSTYPE’ has no member named ‘list’
gram.y:7284: error: ‘YYSTYPE’ has no member named ‘node’
gram.y:7284: error: expected expression before ‘)’ token
gram.y:7298: error: ‘YYSTYPE’ has no member named ‘list’
gram.y:7298: error: ‘YYSTYPE’ has no member named ‘list’
gram.y:7299: error: ‘YYSTYPE’ has no member named ‘list’
gram.y:7303: error: ‘YYSTYPE’ has no member named ‘list’
gram.y:7303: error: ‘YYSTYPE’ has no member named ‘node’
gram.y:7304: error: ‘YYSTYPE’ has no member named ‘list’
gram.y:7304: error: ‘YYSTYPE’ has no member named ‘list’
gram.y:7304: error: ‘YYSTYPE’ has no member named ‘node’
gram.y:7316: error: ‘YYSTYPE’ has no member named ‘node’
gram.y:7316: error: expected expression before ‘)’ token
gram.y:7316: error: ‘YYSTYPE’ has no member named ‘range’
gram.y:7320: error: ‘YYSTYPE’ has no member named ‘range’
gram.y:7320: error: ‘YYSTYPE’ has no member named ‘alias’
gram.y:7321: error: ‘YYSTYPE’ has no member named ‘node’
gram.y:7321: error: expected expression before ‘)’ token
gram.y:7321: error: ‘YYSTYPE’ has no member named ‘range’
gram.y:7325: error: ‘RangeFunction’ undeclared (first use in this function)
gram.y:7326: error: ‘YYSTYPE’ has no member named ‘node’
gram.y:7328: error: ‘YYSTYPE’ has no member named ‘node’
gram.y:7328: error: expected expression before ‘)’ token
gram.y:7333: error: ‘YYSTYPE’ has no member named ‘node’
gram.y:7334: error: ‘YYSTYPE’ has no member named ‘alias’
gram.y:7336: error: ‘YYSTYPE’ has no member named ‘node’
gram.y:7336: error: expected expression before ‘)’ token
gram.y:7341: error: ‘YYSTYPE’ has no member named ‘node’
gram.y:7342: error: ‘YYSTYPE’ has no member named ‘list’
gram.y:7343: error: ‘YYSTYPE’ has no member named ‘node’
gram.y:7343: error: expected expression before ‘)’ token
gram.y:7348: error: ‘Alias’ undeclared (first use in this function)
gram.y:7348: error: ‘a’ undeclared (first use in this function)
gram.y:7349: error: ‘YYSTYPE’ has no member named ‘node’
gram.y:7352: error: ‘YYSTYPE’ has no member named ‘list’
gram.y:7353: error: ‘YYSTYPE’ has no member named ‘node’
gram.y:7353: error: expected expression before ‘)’ token
gram.y:7359: error: ‘YYSTYPE’ has no member named ‘node’
gram.y:7362: error: ‘YYSTYPE’ has no member named ‘list’
gram.y:7363: error: ‘YYSTYPE’ has no member named ‘node’
gram.y:7363: error: expected expression before ‘)’ token
gram.y:7378: error: ‘YYSTYPE’ has no member named ‘node’
gram.y:7379: error: expected expression before ‘)’ token
gram.y:7379: error: ‘YYSTYPE’ has no member named ‘node’
gram.y:7391: error: ‘YYSTYPE’ has no member named ‘node’
gram.y:7395: error: ‘RangeSubselect’ undeclared (first use in this function)
gram.y:7396: error: ‘YYSTYPE’ has no member named ‘node’
gram.y:7397: error: ‘YYSTYPE’ has no member named ‘alias’
gram.y:7398: error: ‘YYSTYPE’ has no member named ‘node’
gram.y:7398: error: expected expression before ‘)’ token
gram.y:7402: error: ‘YYSTYPE’ has no member named ‘node’
gram.y:7402: error: expected expression before ‘)’ token
gram.y:7402: error: ‘YYSTYPE’ has no member named ‘jexpr’
gram.y:7406: error: ‘YYSTYPE’ has no member named ‘jexpr’
gram.y:7406: error: ‘YYSTYPE’ has no member named ‘alias’
gram.y:7407: error: ‘YYSTYPE’ has no member named ‘node’
gram.y:7407: error: expected expression before ‘)’ token
gram.y:7407: error: ‘YYSTYPE’ has no member named ‘jexpr’
gram.y:7432: error: ‘YYSTYPE’ has no member named ‘jexpr’
gram.y:7432: error: ‘YYSTYPE’ has no member named ‘jexpr’
gram.y:7437: error: ‘JoinExpr’ undeclared (first use in this function)
gram.y:7438: error: ‘JOIN_INNER’ undeclared (first use in this function)
gram.y:7440: error: ‘YYSTYPE’ has no member named ‘node’
gram.y:7441: error: ‘YYSTYPE’ has no member named ‘node’
gram.y:7444: error: ‘YYSTYPE’ has no member named ‘jexpr’
gram.y:7449: error: ‘YYSTYPE’ has no member named ‘jtype’
gram.y:7451: error: ‘YYSTYPE’ has no member named ‘node’
gram.y:7452: error: ‘YYSTYPE’ has no member named ‘node’
gram.y:7453: error: ‘YYSTYPE’ has no member named ‘node’
gram.y:7453: error: ‘YYSTYPE’ has no member named ‘node’
gram.y:7453: error: ‘List’ undeclared (first use in this function)
gram.y:7454: error: expected expression before ‘)’ token
gram.y:7454: error: ‘YYSTYPE’ has no member named ‘node’
gram.y:7456: error: ‘YYSTYPE’ has no member named ‘node’
gram.y:7457: error: ‘YYSTYPE’ has no member named ‘jexpr’
gram.y:7465: error: ‘YYSTYPE’ has no member named ‘node’
gram.y:7466: error: ‘YYSTYPE’ has no member named ‘node’
gram.y:7467: error: ‘YYSTYPE’ has no member named ‘node’
gram.y:7467: error: ‘YYSTYPE’ has no member named ‘node’
gram.y:7468: error: expected expression before ‘)’ token
gram.y:7468: error: ‘YYSTYPE’ has no member named ‘node’
gram.y:7470: error: ‘YYSTYPE’ has no member named ‘node’
gram.y:7471: error: ‘YYSTYPE’ has no member named ‘jexpr’
gram.y:7476: error: ‘YYSTYPE’ has no member named ‘jtype’
gram.y:7478: error: ‘YYSTYPE’ has no member named ‘node’
gram.y:7479: error: ‘YYSTYPE’ has no member named ‘node’
gram.y:7482: error: ‘YYSTYPE’ has no member named ‘jexpr’
gram.y:7490: error: ‘YYSTYPE’ has no member named ‘node’
gram.y:7491: error: ‘YYSTYPE’ has no member named ‘node’
gram.y:7494: error: ‘YYSTYPE’ has no member named ‘jexpr’
gram.y:7501: error: ‘YYSTYPE’ has no member named ‘alias’
gram.y:7502: error: ‘YYSTYPE’ has no member named ‘alias’
gram.y:7503: error: ‘YYSTYPE’ has no member named ‘alias’
gram.y:7503: error: ‘YYSTYPE’ has no member named ‘list’
gram.y:7507: error: ‘YYSTYPE’ has no member named ‘alias’
gram.y:7508: error: ‘YYSTYPE’ has no member named ‘alias’
gram.y:7512: error: ‘YYSTYPE’ has no member named ‘alias’
gram.y:7513: error: ‘YYSTYPE’ has no member named ‘alias’
gram.y:7514: error: ‘YYSTYPE’ has no member named ‘alias’
gram.y:7514: error: ‘YYSTYPE’ has no member named ‘list’
gram.y:7518: error: ‘YYSTYPE’ has no member named ‘alias’
gram.y:7519: error: ‘YYSTYPE’ has no member named ‘alias’
gram.y:7523: error: ‘YYSTYPE’ has no member named ‘jtype’
gram.y:7523: error: ‘JOIN_FULL’ undeclared (first use in this function)
gram.y:7524: error: ‘YYSTYPE’ has no member named ‘jtype’
gram.y:7524: error: ‘JOIN_LEFT’ undeclared (first use in this function)
gram.y:7525: error: ‘YYSTYPE’ has no member named ‘jtype’
gram.y:7525: error: ‘JOIN_RIGHT’ undeclared (first use in this function)
gram.y:7526: error: ‘YYSTYPE’ has no member named ‘jtype’
gram.y:7530: error: ‘YYSTYPE’ has no member named ‘node’
gram.y:7531: error: ‘YYSTYPE’ has no member named ‘node’
gram.y:7543: error: ‘YYSTYPE’ has no member named ‘node’
gram.y:7543: error: expected expression before ‘)’ token
gram.y:7543: error: ‘YYSTYPE’ has no member named ‘list’
gram.y:7544: error: ‘YYSTYPE’ has no member named ‘node’
gram.y:7544: error: ‘YYSTYPE’ has no member named ‘node’
gram.y:7552: error: ‘YYSTYPE’ has no member named ‘range’
gram.y:7552: error: ‘YYSTYPE’ has no member named ‘range’
gram.y:7553: error: ‘YYSTYPE’ has no member named ‘range’
gram.y:7553: error: ‘INH_DEFAULT’ undeclared (first use in this function)
gram.y:7554: error: ‘YYSTYPE’ has no member named ‘range’
gram.y:7559: error: ‘YYSTYPE’ has no member named ‘range’
gram.y:7559: error: ‘YYSTYPE’ has no member named ‘range’
gram.y:7560: error: ‘YYSTYPE’ has no member named ‘range’
gram.y:7560: error: ‘INH_YES’ undeclared (first use in this function)
gram.y:7561: error: ‘YYSTYPE’ has no member named ‘range’
gram.y:7566: error: ‘YYSTYPE’ has no member named ‘range’
gram.y:7566: error: ‘YYSTYPE’ has no member named ‘range’
gram.y:7567: error: ‘YYSTYPE’ has no member named ‘range’
gram.y:7567: error: ‘INH_NO’ undeclared (first use in this function)
gram.y:7568: error: ‘YYSTYPE’ has no member named ‘range’
gram.y:7573: error: ‘YYSTYPE’ has no member named ‘range’
gram.y:7573: error: ‘YYSTYPE’ has no member named ‘range’
gram.y:7574: error: ‘YYSTYPE’ has no member named ‘range’
gram.y:7575: error: ‘YYSTYPE’ has no member named ‘range’
gram.y:7581: error: ‘YYSTYPE’ has no member named ‘list’
gram.y:7581: error: ‘YYSTYPE’ has no member named ‘range’
gram.y:7582: error: ‘YYSTYPE’ has no member named ‘list’
gram.y:7582: error: ‘YYSTYPE’ has no member named ‘list’
gram.y:7582: error: ‘YYSTYPE’ has no member named ‘range’
gram.y:7597: error: ‘YYSTYPE’ has no member named ‘range’
gram.y:7597: error: ‘YYSTYPE’ has no member named ‘range’
gram.y:7601: error: ‘alias’ undeclared (first use in this function)
gram.y:7603: error: ‘YYSTYPE’ has no member named ‘range’
gram.y:7604: error: ‘YYSTYPE’ has no member named ‘range’
gram.y:7604: error: ‘YYSTYPE’ has no member named ‘range’
gram.y:7610: error: ‘YYSTYPE’ has no member named ‘range’
gram.y:7611: error: ‘YYSTYPE’ has no member named ‘range’
gram.y:7611: error: ‘YYSTYPE’ has no member named ‘range’
gram.y:7616: error: ‘YYSTYPE’ has no member named ‘node’
gram.y:7616: error: ‘YYSTYPE’ has no member named ‘node’
gram.y:7621: error: ‘YYSTYPE’ has no member named ‘node’
gram.y:7621: error: ‘YYSTYPE’ has no member named ‘node’
gram.y:7622: error: ‘YYSTYPE’ has no member named ‘node’
gram.y:7627: error: ‘YYSTYPE’ has no member named ‘node’
gram.y:7627: error: ‘YYSTYPE’ has no member named ‘node’
gram.y:7630: error: ‘CurrentOfExpr’ undeclared (first use in this function)
gram.y:7634: error: ‘YYSTYPE’ has no member named ‘node’
gram.y:7634: error: expected expression before ‘)’ token
gram.y:7642: error: ‘YYSTYPE’ has no member named ‘node’
gram.y:7642: error: expected expression before ‘)’ token
gram.y:7644: error: ‘YYSTYPE’ has no member named ‘node’
gram.y:7651: error: ‘YYSTYPE’ has no member named ‘list’
gram.y:7651: error: ‘YYSTYPE’ has no member named ‘node’
gram.y:7655: error: ‘YYSTYPE’ has no member named ‘list’
gram.y:7655: error: ‘YYSTYPE’ has no member named ‘list’
gram.y:7655: error: ‘YYSTYPE’ has no member named ‘node’
gram.y:7663: error: ‘YYSTYPE’ has no member named ‘typnam’
gram.y:7666: error: ‘YYSTYPE’ has no member named ‘node’
gram.y:7666: error: expected expression before ‘)’ token
gram.y:7682: error: ‘YYSTYPE’ has no member named ‘typnam’
gram.y:7682: error: ‘YYSTYPE’ has no member named ‘typnam’
gram.y:7683: error: ‘YYSTYPE’ has no member named ‘typnam’
gram.y:7683: error: ‘YYSTYPE’ has no member named ‘list’
gram.y:7687: error: ‘YYSTYPE’ has no member named ‘typnam’
gram.y:7687: error: ‘YYSTYPE’ has no member named ‘typnam’
gram.y:7688: error: ‘YYSTYPE’ has no member named ‘typnam’
gram.y:7688: error: ‘YYSTYPE’ has no member named ‘list’
gram.y:7689: error: ‘YYSTYPE’ has no member named ‘typnam’
gram.y:7694: error: ‘YYSTYPE’ has no member named ‘typnam’
gram.y:7694: error: ‘YYSTYPE’ has no member named ‘typnam’
gram.y:7695: error: ‘YYSTYPE’ has no member named ‘typnam’
gram.y:7699: error: ‘YYSTYPE’ has no member named ‘typnam’
gram.y:7699: error: ‘YYSTYPE’ has no member named ‘typnam’
gram.y:7700: error: ‘YYSTYPE’ has no member named ‘typnam’
gram.y:7701: error: ‘YYSTYPE’ has no member named ‘typnam’
gram.y:7705: error: ‘YYSTYPE’ has no member named ‘typnam’
gram.y:7705: error: ‘YYSTYPE’ has no member named ‘typnam’
gram.y:7706: error: ‘YYSTYPE’ has no member named ‘typnam’
gram.y:7710: error: ‘YYSTYPE’ has no member named ‘typnam’
gram.y:7710: error: ‘YYSTYPE’ has no member named ‘typnam’
gram.y:7711: error: ‘YYSTYPE’ has no member named ‘typnam’
gram.y:7712: error: ‘YYSTYPE’ has no member named ‘typnam’
gram.y:7718: error: ‘YYSTYPE’ has no member named ‘list’
gram.y:7718: error: ‘YYSTYPE’ has no member named ‘list’
gram.y:7720: error: ‘YYSTYPE’ has no member named ‘list’
gram.y:7720: error: ‘YYSTYPE’ has no member named ‘list’
gram.y:7722: error: ‘YYSTYPE’ has no member named ‘list’
gram.y:7726: error: ‘YYSTYPE’ has no member named ‘typnam’
gram.y:7726: error: ‘YYSTYPE’ has no member named ‘typnam’
gram.y:7727: error: ‘YYSTYPE’ has no member named ‘typnam’
gram.y:7727: error: ‘YYSTYPE’ has no member named ‘typnam’
gram.y:7728: error: ‘YYSTYPE’ has no member named ‘typnam’
gram.y:7728: error: ‘YYSTYPE’ has no member named ‘typnam’
gram.y:7729: error: ‘YYSTYPE’ has no member named ‘typnam’
gram.y:7729: error: ‘YYSTYPE’ has no member named ‘typnam’
gram.y:7730: error: ‘YYSTYPE’ has no member named ‘typnam’
gram.y:7730: error: ‘YYSTYPE’ has no member named ‘typnam’
gram.y:7733: error: ‘YYSTYPE’ has no member named ‘typnam’
gram.y:7733: error: ‘YYSTYPE’ has no member named ‘typnam’
gram.y:7734: error: ‘YYSTYPE’ has no member named ‘typnam’
gram.y:7734: error: ‘YYSTYPE’ has no member named ‘list’
gram.y:7738: error: ‘YYSTYPE’ has no member named ‘typnam’
gram.y:7738: error: ‘YYSTYPE’ has no member named ‘typnam’
gram.y:7739: error: ‘YYSTYPE’ has no member named ‘list’
gram.y:7741: error: ‘YYSTYPE’ has no member named ‘list’
gram.y:7746: error: ‘YYSTYPE’ has no member named ‘typnam’
gram.y:7746: error: ‘YYSTYPE’ has no member named ‘list’
gram.y:7749: error: ‘YYSTYPE’ has no member named ‘typnam’
gram.y:7766: error: ‘YYSTYPE’ has no member named ‘typnam’
gram.y:7766: error: ‘YYSTYPE’ has no member named ‘typnam’
gram.y:7767: error: ‘YYSTYPE’ has no member named ‘typnam’
gram.y:7767: error: ‘YYSTYPE’ has no member named ‘typnam’
gram.y:7768: error: ‘YYSTYPE’ has no member named ‘typnam’
gram.y:7768: error: ‘YYSTYPE’ has no member named ‘typnam’
gram.y:7769: error: ‘YYSTYPE’ has no member named ‘typnam’
gram.y:7769: error: ‘YYSTYPE’ has no member named ‘typnam’
gram.y:7782: error: ‘YYSTYPE’ has no member named ‘typnam’
gram.y:7783: error: ‘YYSTYPE’ has no member named ‘typnam’
gram.y:7783: error: ‘YYSTYPE’ has no member named ‘list’
gram.y:7784: error: ‘YYSTYPE’ has no member named ‘typnam’
gram.y:7788: error: ‘YYSTYPE’ has no member named ‘typnam’
gram.y:7788: error: ‘YYSTYPE’ has no member named ‘list’
gram.y:7789: error: ‘YYSTYPE’ has no member named ‘typnam’
gram.y:7789: error: ‘YYSTYPE’ has no member named ‘list’
gram.y:7790: error: ‘YYSTYPE’ has no member named ‘typnam’
gram.y:7794: error: ‘YYSTYPE’ has no member named ‘list’
gram.y:7794: error: ‘YYSTYPE’ has no member named ‘list’
gram.y:7795: error: ‘YYSTYPE’ has no member named ‘list’
gram.y:7803: error: ‘YYSTYPE’ has no member named ‘typnam’
gram.y:7804: error: ‘YYSTYPE’ has no member named ‘typnam’
gram.y:7808: error: ‘YYSTYPE’ has no member named ‘typnam’
gram.y:7809: error: ‘YYSTYPE’ has no member named ‘typnam’
gram.y:7813: error: ‘YYSTYPE’ has no member named ‘typnam’
gram.y:7814: error: ‘YYSTYPE’ has no member named ‘typnam’
gram.y:7818: error: ‘YYSTYPE’ has no member named ‘typnam’
gram.y:7819: error: ‘YYSTYPE’ has no member named ‘typnam’
gram.y:7823: error: ‘YYSTYPE’ has no member named ‘typnam’
gram.y:7824: error: ‘YYSTYPE’ has no member named ‘typnam’
gram.y:7828: error: ‘YYSTYPE’ has no member named ‘typnam’
gram.y:7828: error: ‘YYSTYPE’ has no member named ‘typnam’
gram.y:7829: error: ‘YYSTYPE’ has no member named ‘typnam’
gram.y:7833: error: ‘YYSTYPE’ has no member named ‘typnam’
gram.y:7834: error: ‘YYSTYPE’ has no member named ‘typnam’
gram.y:7838: error: ‘YYSTYPE’ has no member named ‘typnam’
gram.y:7839: error: ‘YYSTYPE’ has no member named ‘typnam’
gram.y:7839: error: ‘YYSTYPE’ has no member named ‘list’
gram.y:7840: error: ‘YYSTYPE’ has no member named ‘typnam’
gram.y:7844: error: ‘YYSTYPE’ has no member named ‘typnam’
gram.y:7845: error: ‘YYSTYPE’ has no member named ‘typnam’
gram.y:7845: error: ‘YYSTYPE’ has no member named ‘list’
gram.y:7846: error: ‘YYSTYPE’ has no member named ‘typnam’
gram.y:7850: error: ‘YYSTYPE’ has no member named ‘typnam’
gram.y:7851: error: ‘YYSTYPE’ has no member named ‘typnam’
gram.y:7851: error: ‘YYSTYPE’ has no member named ‘list’
gram.y:7852: error: ‘YYSTYPE’ has no member named ‘typnam’
gram.y:7856: error: ‘YYSTYPE’ has no member named ‘typnam’
gram.y:7857: error: ‘YYSTYPE’ has no member named ‘typnam’
gram.y:7869: error: ‘ERRCODE_INVALID_PARAMETER_VALUE’ undeclared (first use in this function)
gram.y:7873: error: ‘YYSTYPE’ has no member named ‘typnam’
gram.y:7875: error: ‘YYSTYPE’ has no member named ‘typnam’
gram.y:7884: error: ‘YYSTYPE’ has no member named ‘typnam’
gram.y:7894: error: ‘YYSTYPE’ has no member named ‘typnam’
gram.y:7894: error: ‘YYSTYPE’ has no member named ‘typnam’
gram.y:7898: error: ‘YYSTYPE’ has no member named ‘typnam’
gram.y:7898: error: ‘YYSTYPE’ has no member named ‘typnam’
gram.y:7906: error: ‘YYSTYPE’ has no member named ‘typnam’
gram.y:7906: error: ‘YYSTYPE’ has no member named ‘typnam’
gram.y:7910: error: ‘YYSTYPE’ has no member named ‘typnam’
gram.y:7910: error: ‘YYSTYPE’ has no member named ‘typnam’
gram.y:7911: error: ‘YYSTYPE’ has no member named ‘typnam’
gram.y:7920: error: ‘YYSTYPE’ has no member named ‘boolean’
gram.y:7921: error: ‘YYSTYPE’ has no member named ‘typnam’
gram.y:7922: error: ‘YYSTYPE’ has no member named ‘typnam’
gram.y:7922: error: ‘YYSTYPE’ has no member named ‘list’
gram.y:7923: error: ‘YYSTYPE’ has no member named ‘typnam’
gram.y:7931: error: ‘YYSTYPE’ has no member named ‘boolean’
gram.y:7933: error: ‘YYSTYPE’ has no member named ‘typnam’
gram.y:7937: error: ‘YYSTYPE’ has no member named ‘typnam’
gram.y:7938: error: ‘YYSTYPE’ has no member named ‘typnam’
gram.y:7940: error: ‘YYSTYPE’ has no member named ‘typnam’
gram.y:7951: error: ‘YYSTYPE’ has no member named ‘typnam’
gram.y:7951: error: ‘YYSTYPE’ has no member named ‘typnam’
gram.y:7955: error: ‘YYSTYPE’ has no member named ‘typnam’
gram.y:7955: error: ‘YYSTYPE’ has no member named ‘typnam’
gram.y:7961: error: ‘YYSTYPE’ has no member named ‘typnam’
gram.y:7961: error: ‘YYSTYPE’ has no member named ‘typnam’
gram.y:7971: error: ‘YYSTYPE’ has no member named ‘typnam’
gram.y:7971: error: ‘YYSTYPE’ has no member named ‘typnam’
gram.y:7972: error: ‘YYSTYPE’ has no member named ‘typnam’
gram.y:7982: warning: incompatible implicit declaration of built-in function ‘strlen’
gram.y:7982: warning: assignment makes pointer from integer without a cast
gram.y:7983: warning: incompatible implicit declaration of built-in function ‘strcpy’
gram.y:7984: warning: incompatible implicit declaration of built-in function ‘strcat’
gram.y:7989: error: ‘YYSTYPE’ has no member named ‘typnam’
gram.y:7990: error: ‘YYSTYPE’ has no member named ‘typnam’
gram.y:7991: error: ‘YYSTYPE’ has no member named ‘typnam’
gram.y:8001: warning: incompatible implicit declaration of built-in function ‘strlen’
gram.y:8001: warning: assignment makes pointer from integer without a cast
gram.y:8002: warning: incompatible implicit declaration of built-in function ‘strcpy’
gram.y:8003: warning: incompatible implicit declaration of built-in function ‘strcat’
gram.y:8008: error: ‘YYSTYPE’ has no member named ‘typnam’
gram.y:8012: error: ‘YYSTYPE’ has no member named ‘typnam’
gram.y:8014: error: ‘YYSTYPE’ has no member named ‘typnam’
gram.y:8019: error: ‘YYSTYPE’ has no member named ‘boolean’
gram.y:8021: error: ‘YYSTYPE’ has no member named ‘boolean’
gram.y:8025: error: ‘YYSTYPE’ has no member named ‘boolean’
gram.y:8027: error: ‘YYSTYPE’ has no member named ‘boolean’
gram.y:8029: error: ‘YYSTYPE’ has no member named ‘boolean’
gram.y:8033: error: ‘YYSTYPE’ has no member named ‘boolean’
gram.y:8034: error: ‘YYSTYPE’ has no member named ‘boolean’
gram.y:8048: error: ‘YYSTYPE’ has no member named ‘boolean’
gram.y:8049: error: ‘YYSTYPE’ has no member named ‘typnam’
gram.y:8051: error: ‘YYSTYPE’ has no member named ‘typnam’
gram.y:8052: error: ‘YYSTYPE’ has no member named ‘typnam’
gram.y:8053: error: ‘YYSTYPE’ has no member named ‘typnam’
gram.y:8057: error: ‘YYSTYPE’ has no member named ‘boolean’
gram.y:8058: error: ‘YYSTYPE’ has no member named ‘typnam’
gram.y:8060: error: ‘YYSTYPE’ has no member named ‘typnam’
gram.y:8061: error: ‘YYSTYPE’ has no member named ‘typnam’
gram.y:8065: error: ‘YYSTYPE’ has no member named ‘boolean’
gram.y:8066: error: ‘YYSTYPE’ has no member named ‘typnam’
gram.y:8068: error: ‘YYSTYPE’ has no member named ‘typnam’
gram.y:8069: error: ‘YYSTYPE’ has no member named ‘typnam’
gram.y:8070: error: ‘YYSTYPE’ has no member named ‘typnam’
gram.y:8074: error: ‘YYSTYPE’ has no member named ‘boolean’
gram.y:8075: error: ‘YYSTYPE’ has no member named ‘typnam’
gram.y:8077: error: ‘YYSTYPE’ has no member named ‘typnam’
gram.y:8078: error: ‘YYSTYPE’ has no member named ‘typnam’
gram.y:8085: error: ‘YYSTYPE’ has no member named ‘typnam’
gram.y:8086: error: ‘YYSTYPE’ has no member named ‘typnam’
gram.y:8091: error: ‘YYSTYPE’ has no member named ‘boolean’
gram.y:8092: error: ‘YYSTYPE’ has no member named ‘boolean’
gram.y:8093: error: ‘YYSTYPE’ has no member named ‘boolean’
gram.y:8098: error: ‘YYSTYPE’ has no member named ‘list’
gram.y:8098: error: ‘YEAR’ undeclared (first use in this function)
gram.y:8100: error: ‘YYSTYPE’ has no member named ‘list’
gram.y:8100: error: ‘MONTH’ undeclared (first use in this function)
gram.y:8102: error: ‘YYSTYPE’ has no member named ‘list’
gram.y:8102: error: ‘DAY’ undeclared (first use in this function)
gram.y:8104: error: ‘YYSTYPE’ has no member named ‘list’
gram.y:8106: error: ‘YYSTYPE’ has no member named ‘list’
gram.y:8108: error: ‘YYSTYPE’ has no member named ‘list’
gram.y:8108: error: ‘YYSTYPE’ has no member named ‘list’
gram.y:8111: error: ‘YYSTYPE’ has no member named ‘list’
gram.y:8116: error: ‘YYSTYPE’ has no member named ‘list’
gram.y:8121: error: ‘YYSTYPE’ has no member named ‘list’
gram.y:8127: error: ‘YYSTYPE’ has no member named ‘list’
gram.y:8127: error: ‘YYSTYPE’ has no member named ‘list’
gram.y:8128: error: ‘YYSTYPE’ has no member named ‘list’
gram.y:8131: error: ‘SECOND’ undeclared (first use in this function)
gram.y:8131: error: lvalue required as left operand of assignment
gram.y:8135: error: ‘YYSTYPE’ has no member named ‘list’
gram.y:8140: error: ‘YYSTYPE’ has no member named ‘list’
gram.y:8140: error: ‘YYSTYPE’ has no member named ‘list’
gram.y:8141: error: ‘YYSTYPE’ has no member named ‘list’
gram.y:8143: error: lvalue required as left operand of assignment
gram.y:8147: error: ‘YYSTYPE’ has no member named ‘list’
gram.y:8147: error: ‘YYSTYPE’ has no member named ‘list’
gram.y:8148: error: ‘YYSTYPE’ has no member named ‘list’
gram.y:8149: error: lvalue required as left operand of assignment
gram.y:8152: error: ‘YYSTYPE’ has no member named ‘list’
gram.y:8158: error: ‘YYSTYPE’ has no member named ‘list’
gram.y:8162: error: ‘YYSTYPE’ has no member named ‘list’
gram.y:8190: error: ‘YYSTYPE’ has no member named ‘node’
gram.y:8190: error: ‘YYSTYPE’ has no member named ‘node’
gram.y:8192: error: ‘YYSTYPE’ has no member named ‘node’
gram.y:8192: error: ‘YYSTYPE’ has no member named ‘node’
gram.y:8192: error: ‘YYSTYPE’ has no member named ‘typnam’
gram.y:8195: error: ‘FuncCall’ undeclared (first use in this function)
gram.y:8197: error: ‘YYSTYPE’ has no member named ‘node’
gram.y:8197: error: ‘YYSTYPE’ has no member named ‘node’
gram.y:8203: error: ‘YYSTYPE’ has no member named ‘node’
gram.y:8203: error: expected expression before ‘)’ token
gram.y:8215: error: ‘YYSTYPE’ has no member named ‘node’
gram.y:8215: error: expected expression before ‘)’ token
gram.y:8217: error: ‘YYSTYPE’ has no member named ‘node’
gram.y:8217: error: ‘YYSTYPE’ has no member named ‘node’
gram.y:8219: error: ‘YYSTYPE’ has no member named ‘node’
gram.y:8219: error: expected expression before ‘)’ token
gram.y:8221: error: ‘YYSTYPE’ has no member named ‘node’
gram.y:8221: error: expected expression before ‘)’ token
gram.y:8223: error: ‘YYSTYPE’ has no member named ‘node’
gram.y:8223: error: expected expression before ‘)’ token
gram.y:8225: error: ‘YYSTYPE’ has no member named ‘node’
gram.y:8225: error: expected expression before ‘)’ token
gram.y:8227: error: ‘YYSTYPE’ has no member named ‘node’
gram.y:8227: error: expected expression before ‘)’ token
gram.y:8229: error: ‘YYSTYPE’ has no member named ‘node’
gram.y:8229: error: expected expression before ‘)’ token
gram.y:8231: error: ‘YYSTYPE’ has no member named ‘node’
gram.y:8231: error: expected expression before ‘)’ token
gram.y:8233: error: ‘YYSTYPE’ has no member named ‘node’
gram.y:8233: error: expected expression before ‘)’ token
gram.y:8235: error: ‘YYSTYPE’ has no member named ‘node’
gram.y:8235: error: expected expression before ‘)’ token
gram.y:8238: error: ‘YYSTYPE’ has no member named ‘node’
gram.y:8238: error: expected expression before ‘)’ token
gram.y:8240: error: ‘YYSTYPE’ has no member named ‘node’
gram.y:8240: error: expected expression before ‘)’ token
gram.y:8242: error: ‘YYSTYPE’ has no member named ‘node’
gram.y:8242: error: expected expression before ‘)’ token
gram.y:8245: error: ‘YYSTYPE’ has no member named ‘node’
gram.y:8245: error: expected expression before ‘)’ token
gram.y:8247: error: ‘YYSTYPE’ has no member named ‘node’
gram.y:8247: error: expected expression before ‘)’ token
gram.y:8249: error: ‘YYSTYPE’ has no member named ‘node’
gram.y:8249: error: expected expression before ‘)’ token
gram.y:8252: error: ‘YYSTYPE’ has no member named ‘node’
gram.y:8252: error: expected expression before ‘)’ token
gram.y:8257: error: ‘YYSTYPE’ has no member named ‘node’
gram.y:8257: error: ‘YYSTYPE’ has no member named ‘node’
gram.y:8263: error: ‘YYSTYPE’ has no member named ‘node’
gram.y:8263: error: expected expression before ‘)’ token
gram.y:8266: error: ‘YYSTYPE’ has no member named ‘node’
gram.y:8266: error: expected expression before ‘)’ token
gram.y:8271: error: ‘YYSTYPE’ has no member named ‘node’
gram.y:8271: error: ‘YYSTYPE’ has no member named ‘node’
gram.y:8277: error: ‘YYSTYPE’ has no member named ‘node’
gram.y:8277: error: expected expression before ‘)’ token
gram.y:8280: error: ‘YYSTYPE’ has no member named ‘node’
gram.y:8280: error: expected expression before ‘)’ token
gram.y:8285: error: ‘YYSTYPE’ has no member named ‘node’
gram.y:8285: error: ‘YYSTYPE’ has no member named ‘node’
gram.y:8291: error: ‘YYSTYPE’ has no member named ‘node’
gram.y:8291: error: expected expression before ‘)’ token
gram.y:8294: error: ‘YYSTYPE’ has no member named ‘node’
gram.y:8294: error: expected expression before ‘)’ token
gram.y:8299: error: ‘YYSTYPE’ has no member named ‘node’
gram.y:8299: error: ‘YYSTYPE’ has no member named ‘node’
gram.y:8305: error: ‘YYSTYPE’ has no member named ‘node’
gram.y:8305: error: expected expression before ‘)’ token
gram.y:8312: error: ‘YYSTYPE’ has no member named ‘node’
gram.y:8318: error: ‘YYSTYPE’ has no member named ‘node’
gram.y:8318: error: expected expression before ‘)’ token
gram.y:8324: error: ‘YYSTYPE’ has no member named ‘node’
gram.y:8324: error: ‘YYSTYPE’ has no member named ‘node’
gram.y:8330: error: ‘YYSTYPE’ has no member named ‘node’
gram.y:8330: error: expected expression before ‘)’ token
gram.y:8336: error: ‘YYSTYPE’ has no member named ‘node’
gram.y:8342: error: ‘YYSTYPE’ has no member named ‘node’
gram.y:8342: error: expected expression before ‘)’ token
gram.y:8348: error: ‘YYSTYPE’ has no member named ‘node’
gram.y:8348: error: ‘YYSTYPE’ has no member named ‘node’
gram.y:8354: error: ‘YYSTYPE’ has no member named ‘node’
gram.y:8354: error: expected expression before ‘)’ token
gram.y:8368: error: ‘NullTest’ undeclared (first use in this function)
gram.y:8369: error: ‘Expr’ undeclared (first use in this function)
gram.y:8369: error: expected expression before ‘)’ token
gram.y:8369: error: ‘YYSTYPE’ has no member named ‘node’
gram.y:8370: error: ‘IS_NULL’ undeclared (first use in this function)
gram.y:8371: error: ‘YYSTYPE’ has no member named ‘node’
gram.y:8371: error: expected expression before ‘)’ token
gram.y:8376: error: expected expression before ‘)’ token
gram.y:8376: error: ‘YYSTYPE’ has no member named ‘node’
gram.y:8378: error: ‘YYSTYPE’ has no member named ‘node’
gram.y:8378: error: expected expression before ‘)’ token
gram.y:8383: error: expected expression before ‘)’ token
gram.y:8383: error: ‘YYSTYPE’ has no member named ‘node’
gram.y:8384: error: ‘IS_NOT_NULL’ undeclared (first use in this function)
gram.y:8385: error: ‘YYSTYPE’ has no member named ‘node’
gram.y:8385: error: expected expression before ‘)’ token
gram.y:8390: error: expected expression before ‘)’ token
gram.y:8390: error: ‘YYSTYPE’ has no member named ‘node’
gram.y:8392: error: ‘YYSTYPE’ has no member named ‘node’
gram.y:8392: error: expected expression before ‘)’ token
gram.y:8396: error: ‘YYSTYPE’ has no member named ‘node’
gram.y:8396: error: expected expression before ‘)’ token
gram.y:8400: error: ‘BooleanTest’ undeclared (first use in this function)
gram.y:8400: error: ‘b’ undeclared (first use in this function)
gram.y:8401: error: expected expression before ‘)’ token
gram.y:8401: error: ‘YYSTYPE’ has no member named ‘node’
gram.y:8402: error: ‘IS_TRUE’ undeclared (first use in this function)
gram.y:8403: error: ‘YYSTYPE’ has no member named ‘node’
gram.y:8403: error: expected expression before ‘)’ token
gram.y:8408: error: expected expression before ‘)’ token
gram.y:8408: error: ‘YYSTYPE’ has no member named ‘node’
gram.y:8409: error: ‘IS_NOT_TRUE’ undeclared (first use in this function)
gram.y:8410: error: ‘YYSTYPE’ has no member named ‘node’
gram.y:8410: error: expected expression before ‘)’ token
gram.y:8415: error: expected expression before ‘)’ token
gram.y:8415: error: ‘YYSTYPE’ has no member named ‘node’
gram.y:8416: error: ‘IS_FALSE’ undeclared (first use in this function)
gram.y:8417: error: ‘YYSTYPE’ has no member named ‘node’
gram.y:8417: error: expected expression before ‘)’ token
gram.y:8422: error: expected expression before ‘)’ token
gram.y:8422: error: ‘YYSTYPE’ has no member named ‘node’
gram.y:8423: error: ‘IS_NOT_FALSE’ undeclared (first use in this function)
gram.y:8424: error: ‘YYSTYPE’ has no member named ‘node’
gram.y:8424: error: expected expression before ‘)’ token
gram.y:8429: error: expected expression before ‘)’ token
gram.y:8429: error: ‘YYSTYPE’ has no member named ‘node’
gram.y:8430: error: ‘IS_UNKNOWN’ undeclared (first use in this function)
gram.y:8431: error: ‘YYSTYPE’ has no member named ‘node’
gram.y:8431: error: expected expression before ‘)’ token
gram.y:8436: error: expected expression before ‘)’ token
gram.y:8436: error: ‘YYSTYPE’ has no member named ‘node’
gram.y:8437: error: ‘IS_NOT_UNKNOWN’ undeclared (first use in this function)
gram.y:8438: error: ‘YYSTYPE’ has no member named ‘node’
gram.y:8438: error: expected expression before ‘)’ token
gram.y:8442: error: ‘YYSTYPE’ has no member named ‘node’
gram.y:8442: error: expected expression before ‘)’ token
gram.y:8446: error: ‘YYSTYPE’ has no member named ‘node’
gram.y:8446: error: expected expression before ‘)’ token
gram.y:8454: error: ‘YYSTYPE’ has no member named ‘node’
gram.y:8454: error: expected expression before ‘)’ token
gram.y:8458: error: ‘YYSTYPE’ has no member named ‘node’
gram.y:8458: error: expected expression before ‘)’ token
gram.y:8467: error: ‘YYSTYPE’ has no member named ‘node’
gram.y:8467: error: expected expression before ‘)’ token
gram.y:8474: error: ‘YYSTYPE’ has no member named ‘node’
gram.y:8474: error: expected expression before ‘)’ token
gram.y:8481: error: ‘YYSTYPE’ has no member named ‘node’
gram.y:8481: error: expected expression before ‘)’ token
gram.y:8494: error: ‘YYSTYPE’ has no member named ‘node’
gram.y:8494: error: expected expression before ‘)’ token
gram.y:8508: error: ‘YYSTYPE’ has no member named ‘node’
gram.y:8508: error: ‘SubLink’ undeclared (first use in this function)
gram.y:8511: error: expected expression before ‘)’ token
gram.y:8511: error: ‘YYSTYPE’ has no member named ‘node’
gram.y:8512: error: ‘ANY_SUBLINK’ undeclared (first use in this function)
gram.y:8513: error: ‘YYSTYPE’ has no member named ‘node’
gram.y:8516: error: ‘YYSTYPE’ has no member named ‘node’
gram.y:8516: error: expected expression before ‘)’ token
gram.y:8521: error: ‘YYSTYPE’ has no member named ‘node’
gram.y:8521: error: expected expression before ‘)’ token
gram.y:8527: error: ‘YYSTYPE’ has no member named ‘node’
gram.y:8531: error: expected expression before ‘)’ token
gram.y:8531: error: ‘YYSTYPE’ has no member named ‘node’
gram.y:8533: error: ‘YYSTYPE’ has no member named ‘node’
gram.y:8537: error: ‘YYSTYPE’ has no member named ‘node’
gram.y:8537: error: expected expression before ‘)’ token
gram.y:8542: error: ‘YYSTYPE’ has no member named ‘node’
gram.y:8542: error: expected expression before ‘)’ token
gram.y:8549: error: ‘YYSTYPE’ has no member named ‘node’
gram.y:8550: error: ‘YYSTYPE’ has no member named ‘list’
gram.y:8551: error: ‘YYSTYPE’ has no member named ‘node’
gram.y:8553: error: ‘YYSTYPE’ has no member named ‘node’
gram.y:8553: error: expected expression before ‘)’ token
gram.y:8558: error: ‘YYSTYPE’ has no member named ‘node’
gram.y:8558: error: expected expression before ‘)’ token
gram.y:8560: error: ‘YYSTYPE’ has no member named ‘node’
gram.y:8560: error: expected expression before ‘)’ token
gram.y:8580: error: ‘YYSTYPE’ has no member named ‘node’
gram.y:8580: error: ‘IS_DOCUMENT’ undeclared (first use in this function)
gram.y:8581: error: ‘YYSTYPE’ has no member named ‘node’
gram.y:8585: error: ‘YYSTYPE’ has no member named ‘node’
gram.y:8585: error: expected expression before ‘)’ token
gram.y:8602: error: ‘YYSTYPE’ has no member named ‘node’
gram.y:8602: error: ‘YYSTYPE’ has no member named ‘node’
gram.y:8604: error: ‘YYSTYPE’ has no member named ‘node’
gram.y:8604: error: ‘YYSTYPE’ has no member named ‘node’
gram.y:8604: error: ‘YYSTYPE’ has no member named ‘typnam’
gram.y:8606: error: ‘YYSTYPE’ has no member named ‘node’
gram.y:8606: error: expected expression before ‘)’ token
gram.y:8608: error: ‘YYSTYPE’ has no member named ‘node’
gram.y:8608: error: ‘YYSTYPE’ has no member named ‘node’
gram.y:8610: error: ‘YYSTYPE’ has no member named ‘node’
gram.y:8610: error: expected expression before ‘)’ token
gram.y:8612: error: ‘YYSTYPE’ has no member named ‘node’
gram.y:8612: error: expected expression before ‘)’ token
gram.y:8614: error: ‘YYSTYPE’ has no member named ‘node’
gram.y:8614: error: expected expression before ‘)’ token
gram.y:8616: error: ‘YYSTYPE’ has no member named ‘node’
gram.y:8616: error: expected expression before ‘)’ token
gram.y:8618: error: ‘YYSTYPE’ has no member named ‘node’
gram.y:8618: error: expected expression before ‘)’ token
gram.y:8620: error: ‘YYSTYPE’ has no member named ‘node’
gram.y:8620: error: expected expression before ‘)’ token
gram.y:8622: error: ‘YYSTYPE’ has no member named ‘node’
gram.y:8622: error: expected expression before ‘)’ token
gram.y:8624: error: ‘YYSTYPE’ has no member named ‘node’
gram.y:8624: error: expected expression before ‘)’ token
gram.y:8626: error: ‘YYSTYPE’ has no member named ‘node’
gram.y:8626: error: expected expression before ‘)’ token
gram.y:8628: error: ‘YYSTYPE’ has no member named ‘node’
gram.y:8628: error: expected expression before ‘)’ token
gram.y:8630: error: ‘YYSTYPE’ has no member named ‘node’
gram.y:8630: error: expected expression before ‘)’ token
gram.y:8632: error: ‘YYSTYPE’ has no member named ‘node’
gram.y:8632: error: expected expression before ‘)’ token
gram.y:8635: error: ‘YYSTYPE’ has no member named ‘node’
gram.y:8635: error: expected expression before ‘)’ token
gram.y:8639: error: ‘YYSTYPE’ has no member named ‘node’
gram.y:8639: error: expected expression before ‘)’ token
gram.y:8644: error: ‘YYSTYPE’ has no member named ‘node’
gram.y:8644: error: expected expression before ‘)’ token
gram.y:8648: error: ‘YYSTYPE’ has no member named ‘node’
gram.y:8648: error: expected expression before ‘)’ token
gram.y:8652: error: ‘YYSTYPE’ has no member named ‘node’
gram.y:8653: error: ‘YYSTYPE’ has no member named ‘node’
gram.y:8657: error: ‘YYSTYPE’ has no member named ‘node’
gram.y:8657: error: expected expression before ‘)’ token
gram.y:8672: error: ‘YYSTYPE’ has no member named ‘node’
gram.y:8672: error: ‘YYSTYPE’ has no member named ‘node’
gram.y:8673: error: ‘YYSTYPE’ has no member named ‘node’
gram.y:8673: error: ‘YYSTYPE’ has no member named ‘node’
gram.y:8676: error: ‘ParamRef’ undeclared (first use in this function)
gram.y:8676: error: ‘p’ undeclared (first use in this function)
gram.y:8679: error: ‘YYSTYPE’ has no member named ‘list’
gram.y:8681: error: ‘A_Indirection’ undeclared (first use in this function)
gram.y:8682: error: expected expression before ‘)’ token
gram.y:8683: error: ‘YYSTYPE’ has no member named ‘list’
gram.y:8684: error: ‘YYSTYPE’ has no member named ‘node’
gram.y:8684: error: expected expression before ‘)’ token
gram.y:8687: error: ‘YYSTYPE’ has no member named ‘node’
gram.y:8687: error: expected expression before ‘)’ token
gram.y:8691: error: ‘YYSTYPE’ has no member named ‘list’
gram.y:8694: error: ‘YYSTYPE’ has no member named ‘node’
gram.y:8695: error: ‘YYSTYPE’ has no member named ‘list’
gram.y:8696: error: ‘YYSTYPE’ has no member named ‘node’
gram.y:8696: error: expected expression before ‘)’ token
gram.y:8699: error: ‘YYSTYPE’ has no member named ‘node’
gram.y:8699: error: ‘YYSTYPE’ has no member named ‘node’
gram.y:8702: error: ‘YYSTYPE’ has no member named ‘node’
gram.y:8702: error: ‘YYSTYPE’ has no member named ‘node’
gram.y:8704: error: ‘YYSTYPE’ has no member named ‘node’
gram.y:8704: error: ‘YYSTYPE’ has no member named ‘node’
gram.y:8708: error: ‘EXPR_SUBLINK’ undeclared (first use in this function)
gram.y:8711: error: ‘YYSTYPE’ has no member named ‘node’
gram.y:8713: error: ‘YYSTYPE’ has no member named ‘node’
gram.y:8713: error: expected expression before ‘)’ token
gram.y:8718: error: ‘EXISTS_SUBLINK’ undeclared (first use in this function)
gram.y:8721: error: ‘YYSTYPE’ has no member named ‘node’
gram.y:8723: error: ‘YYSTYPE’ has no member named ‘node’
gram.y:8723: error: expected expression before ‘)’ token
gram.y:8728: error: ‘ARRAY_SUBLINK’ undeclared (first use in this function)
gram.y:8731: error: ‘YYSTYPE’ has no member named ‘node’
gram.y:8733: error: ‘YYSTYPE’ has no member named ‘node’
gram.y:8733: error: expected expression before ‘)’ token
gram.y:8737: error: ‘A_ArrayExpr’ undeclared (first use in this function)
gram.y:8737: error: expected expression before ‘)’ token
gram.y:8737: error: ‘YYSTYPE’ has no member named ‘node’
gram.y:8741: error: ‘YYSTYPE’ has no member named ‘node’
gram.y:8741: error: expected expression before ‘)’ token
gram.y:8745: error: ‘RowExpr’ undeclared (first use in this function)
gram.y:8746: error: ‘YYSTYPE’ has no member named ‘list’
gram.y:8747: error: ‘InvalidOid’ undeclared (first use in this function)
gram.y:8749: error: ‘YYSTYPE’ has no member named ‘node’
gram.y:8749: error: expected expression before ‘)’ token
gram.y:8764: error: ‘YYSTYPE’ has no member named ‘list’
gram.y:8769: error: ‘YYSTYPE’ has no member named ‘windef’
gram.y:8771: error: ‘YYSTYPE’ has no member named ‘node’
gram.y:8771: error: expected expression before ‘)’ token
gram.y:8776: error: ‘YYSTYPE’ has no member named ‘list’
gram.y:8777: error: ‘YYSTYPE’ has no member named ‘list’
gram.y:8781: error: ‘YYSTYPE’ has no member named ‘windef’
gram.y:8783: error: ‘YYSTYPE’ has no member named ‘node’
gram.y:8783: error: expected expression before ‘)’ token
gram.y:8788: error: ‘YYSTYPE’ has no member named ‘list’
gram.y:8789: error: ‘YYSTYPE’ has no member named ‘node’
gram.y:8793: error: ‘YYSTYPE’ has no member named ‘windef’
gram.y:8795: error: ‘YYSTYPE’ has no member named ‘node’
gram.y:8795: error: expected expression before ‘)’ token
gram.y:8800: error: ‘YYSTYPE’ has no member named ‘list’
gram.y:8801: error: ‘YYSTYPE’ has no member named ‘list’
gram.y:8801: error: ‘YYSTYPE’ has no member named ‘node’
gram.y:8805: error: ‘YYSTYPE’ has no member named ‘windef’
gram.y:8807: error: ‘YYSTYPE’ has no member named ‘node’
gram.y:8807: error: expected expression before ‘)’ token
gram.y:8812: error: ‘YYSTYPE’ has no member named ‘list’
gram.y:8813: error: ‘YYSTYPE’ has no member named ‘list’
gram.y:8821: error: ‘YYSTYPE’ has no member named ‘windef’
gram.y:8823: error: ‘YYSTYPE’ has no member named ‘node’
gram.y:8823: error: expected expression before ‘)’ token
gram.y:8828: error: ‘YYSTYPE’ has no member named ‘list’
gram.y:8829: error: ‘YYSTYPE’ has no member named ‘list’
gram.y:8833: error: ‘YYSTYPE’ has no member named ‘windef’
gram.y:8835: error: ‘YYSTYPE’ has no member named ‘node’
gram.y:8835: error: expected expression before ‘)’ token
gram.y:8850: error: ‘YYSTYPE’ has no member named ‘list’
gram.y:8855: error: ‘YYSTYPE’ has no member named ‘windef’
gram.y:8857: error: ‘YYSTYPE’ has no member named ‘node’
gram.y:8857: error: expected expression before ‘)’ token
gram.y:8878: error: ‘YYSTYPE’ has no member named ‘node’
gram.y:8888: error: ‘YYSTYPE’ has no member named ‘node’
gram.y:8897: error: ‘d’ undeclared (first use in this function)
gram.y:8901: error: ‘YYSTYPE’ has no member named ‘node’
gram.y:8917: error: ‘YYSTYPE’ has no member named ‘node’
gram.y:8917: error: expected expression before ‘)’ token
gram.y:8930: error: ‘YYSTYPE’ has no member named ‘node’
gram.y:8940: error: ‘YYSTYPE’ has no member named ‘node’
gram.y:8940: error: expected expression before ‘)’ token
gram.y:8953: error: ‘YYSTYPE’ has no member named ‘node’
gram.y:8953: error: expected expression before ‘)’ token
gram.y:8963: error: ‘YYSTYPE’ has no member named ‘node’
gram.y:8976: error: ‘YYSTYPE’ has no member named ‘node’
gram.y:8988: error: ‘YYSTYPE’ has no member named ‘node’
gram.y:8988: error: expected expression before ‘)’ token
gram.y:9000: error: ‘YYSTYPE’ has no member named ‘node’
gram.y:9000: error: expected expression before ‘)’ token
gram.y:9012: error: ‘YYSTYPE’ has no member named ‘node’
gram.y:9012: error: expected expression before ‘)’ token
gram.y:9024: error: ‘YYSTYPE’ has no member named ‘node’
gram.y:9024: error: expected expression before ‘)’ token
gram.y:9036: error: ‘YYSTYPE’ has no member named ‘node’
gram.y:9036: error: expected expression before ‘)’ token
gram.y:9048: error: ‘YYSTYPE’ has no member named ‘node’
gram.y:9048: error: expected expression before ‘)’ token
gram.y:9051: error: ‘YYSTYPE’ has no member named ‘node’
gram.y:9051: error: ‘YYSTYPE’ has no member named ‘node’
gram.y:9051: error: ‘YYSTYPE’ has no member named ‘typnam’
gram.y:9056: error: ‘YYSTYPE’ has no member named ‘list’
gram.y:9062: error: ‘YYSTYPE’ has no member named ‘node’
gram.y:9062: error: expected expression before ‘)’ token
gram.y:9073: error: ‘YYSTYPE’ has no member named ‘list’
gram.y:9079: error: ‘YYSTYPE’ has no member named ‘node’
gram.y:9079: error: expected expression before ‘)’ token
gram.y:9086: error: ‘YYSTYPE’ has no member named ‘list’
gram.y:9092: error: ‘YYSTYPE’ has no member named ‘node’
gram.y:9092: error: expected expression before ‘)’ token
gram.y:9101: error: ‘YYSTYPE’ has no member named ‘list’
gram.y:9107: error: ‘YYSTYPE’ has no member named ‘node’
gram.y:9107: error: expected expression before ‘)’ token
gram.y:9121: error: ‘Value’ undeclared (first use in this function)
gram.y:9121: error: expected expression before ‘)’ token
gram.y:9122: error: ‘YYSTYPE’ has no member named ‘node’
gram.y:9128: error: ‘YYSTYPE’ has no member named ‘node’
gram.y:9128: error: expected expression before ‘)’ token
gram.y:9137: error: ‘YYSTYPE’ has no member named ‘list’
gram.y:9143: error: ‘YYSTYPE’ has no member named ‘node’
gram.y:9143: error: expected expression before ‘)’ token
gram.y:9149: error: ‘YYSTYPE’ has no member named ‘list’
gram.y:9155: error: ‘YYSTYPE’ has no member named ‘node’
gram.y:9155: error: expected expression before ‘)’ token
gram.y:9161: error: ‘YYSTYPE’ has no member named ‘list’
gram.y:9167: error: ‘YYSTYPE’ has no member named ‘node’
gram.y:9167: error: expected expression before ‘)’ token
gram.y:9173: error: ‘YYSTYPE’ has no member named ‘list’
gram.y:9179: error: ‘YYSTYPE’ has no member named ‘node’
gram.y:9179: error: expected expression before ‘)’ token
gram.y:9183: error: ‘YYSTYPE’ has no member named ‘node’
gram.y:9183: error: expected expression before ‘)’ token
gram.y:9187: error: ‘CoalesceExpr’ undeclared (first use in this function)
gram.y:9187: error: ‘c’ undeclared (first use in this function)
gram.y:9188: error: ‘YYSTYPE’ has no member named ‘list’
gram.y:9190: error: ‘YYSTYPE’ has no member named ‘node’
gram.y:9190: error: expected expression before ‘)’ token
gram.y:9194: error: ‘MinMaxExpr’ undeclared (first use in this function)
gram.y:9194: error: ‘v’ undeclared (first use in this function)
gram.y:9195: error: ‘YYSTYPE’ has no member named ‘list’
gram.y:9196: error: ‘IS_GREATEST’ undeclared (first use in this function)
gram.y:9198: error: ‘YYSTYPE’ has no member named ‘node’
gram.y:9198: error: expected expression before ‘)’ token
gram.y:9203: error: ‘YYSTYPE’ has no member named ‘list’
gram.y:9204: error: ‘IS_LEAST’ undeclared (first use in this function)
gram.y:9206: error: ‘YYSTYPE’ has no member named ‘node’
gram.y:9206: error: expected expression before ‘)’ token
gram.y:9210: error: ‘YYSTYPE’ has no member named ‘node’
gram.y:9210: error: ‘IS_XMLCONCAT’ undeclared (first use in this function)
gram.y:9210: error: ‘YYSTYPE’ has no member named ‘list’
gram.y:9214: error: ‘YYSTYPE’ has no member named ‘node’
gram.y:9214: error: ‘IS_XMLELEMENT’ undeclared (first use in this function)
gram.y:9218: error: ‘YYSTYPE’ has no member named ‘node’
gram.y:9218: error: ‘YYSTYPE’ has no member named ‘list’
gram.y:9222: error: ‘YYSTYPE’ has no member named ‘node’
gram.y:9222: error: ‘YYSTYPE’ has no member named ‘list’
gram.y:9226: error: ‘YYSTYPE’ has no member named ‘node’
gram.y:9226: error: ‘YYSTYPE’ has no member named ‘list’
gram.y:9226: error: ‘YYSTYPE’ has no member named ‘list’
gram.y:9230: error: ‘YYSTYPE’ has no member named ‘node’
gram.y:9230: error: ‘IS_XMLFOREST’ undeclared (first use in this function)
gram.y:9230: error: ‘YYSTYPE’ has no member named ‘list’
gram.y:9234: error: ‘XmlExpr’ undeclared (first use in this function)
gram.y:9234: error: ‘x’ undeclared (first use in this function)
gram.y:9234: error: expected expression before ‘)’ token
gram.y:9239: error: ‘YYSTYPE’ has no member named ‘node’
gram.y:9239: error: expected expression before ‘)’ token
gram.y:9243: error: ‘YYSTYPE’ has no member named ‘node’
gram.y:9243: error: ‘IS_XMLPI’ undeclared (first use in this function)
gram.y:9247: error: ‘YYSTYPE’ has no member named ‘node’
gram.y:9247: error: ‘YYSTYPE’ has no member named ‘node’
gram.y:9251: error: ‘YYSTYPE’ has no member named ‘node’
gram.y:9251: error: ‘IS_XMLROOT’ undeclared (first use in this function)
gram.y:9252: error: ‘YYSTYPE’ has no member named ‘node’
gram.y:9252: error: ‘YYSTYPE’ has no member named ‘node’
gram.y:9252: error: ‘YYSTYPE’ has no member named ‘node’
gram.y:9256: error: ‘XmlSerialize’ undeclared (first use in this function)
gram.y:9258: error: ‘YYSTYPE’ has no member named ‘node’
gram.y:9259: error: ‘YYSTYPE’ has no member named ‘typnam’
gram.y:9261: error: ‘YYSTYPE’ has no member named ‘node’
gram.y:9261: error: expected expression before ‘)’ token
gram.y:9269: error: ‘YYSTYPE’ has no member named ‘node’
gram.y:9269: error: ‘YYSTYPE’ has no member named ‘node’
gram.y:9271: error: ‘YYSTYPE’ has no member named ‘node’
gram.y:9275: error: ‘YYSTYPE’ has no member named ‘node’
gram.y:9275: error: ‘XML_STANDALONE_YES’ undeclared (first use in this function)
gram.y:9277: error: ‘YYSTYPE’ has no member named ‘node’
gram.y:9277: error: ‘XML_STANDALONE_NO’ undeclared (first use in this function)
gram.y:9279: error: ‘YYSTYPE’ has no member named ‘node’
gram.y:9279: error: ‘XML_STANDALONE_NO_VALUE’ undeclared (first use in this function)
gram.y:9281: error: ‘YYSTYPE’ has no member named ‘node’
gram.y:9281: error: ‘XML_STANDALONE_OMITTED’ undeclared (first use in this function)
gram.y:9284: error: ‘YYSTYPE’ has no member named ‘list’
gram.y:9284: error: ‘YYSTYPE’ has no member named ‘list’
gram.y:9287: error: ‘YYSTYPE’ has no member named ‘list’
gram.y:9287: error: ‘YYSTYPE’ has no member named ‘target’
gram.y:9288: error: ‘YYSTYPE’ has no member named ‘list’
gram.y:9288: error: ‘YYSTYPE’ has no member named ‘list’
gram.y:9288: error: ‘YYSTYPE’ has no member named ‘target’
gram.y:9293: error: ‘YYSTYPE’ has no member named ‘target’
gram.y:9294: error: ‘YYSTYPE’ has no member named ‘target’
gram.y:9295: error: ‘YYSTYPE’ has no member named ‘target’
gram.y:9296: error: ‘YYSTYPE’ has no member named ‘target’
gram.y:9296: error: expected expression before ‘)’ token
gram.y:9296: error: ‘YYSTYPE’ has no member named ‘node’
gram.y:9297: error: ‘YYSTYPE’ has no member named ‘target’
gram.y:9301: error: ‘YYSTYPE’ has no member named ‘target’
gram.y:9302: error: ‘YYSTYPE’ has no member named ‘target’
gram.y:9303: error: ‘YYSTYPE’ has no member named ‘target’
gram.y:9304: error: ‘YYSTYPE’ has no member named ‘target’
gram.y:9304: error: expected expression before ‘)’ token
gram.y:9304: error: ‘YYSTYPE’ has no member named ‘node’
gram.y:9305: error: ‘YYSTYPE’ has no member named ‘target’
gram.y:9310: error: ‘XMLOPTION_CONTENT’ undeclared (first use in this function)
gram.y:9313: error: ‘YYSTYPE’ has no member named ‘boolean’
gram.y:9314: error: ‘YYSTYPE’ has no member named ‘boolean’
gram.y:9315: error: ‘YYSTYPE’ has no member named ‘boolean’
gram.y:9322: error: ‘YYSTYPE’ has no member named ‘list’
gram.y:9322: error: ‘YYSTYPE’ has no member named ‘list’
gram.y:9323: error: ‘YYSTYPE’ has no member named ‘list’
gram.y:9327: error: ‘YYSTYPE’ has no member named ‘list’
gram.y:9327: error: ‘YYSTYPE’ has no member named ‘windef’
gram.y:9329: error: ‘YYSTYPE’ has no member named ‘list’
gram.y:9329: error: ‘YYSTYPE’ has no member named ‘list’
gram.y:9329: error: ‘YYSTYPE’ has no member named ‘windef’
gram.y:9335: error: ‘WindowDef’ undeclared (first use in this function)
gram.y:9335: error: ‘YYSTYPE’ has no member named ‘windef’
gram.y:9337: error: ‘YYSTYPE’ has no member named ‘windef’
gram.y:9342: error: ‘YYSTYPE’ has no member named ‘windef’
gram.y:9342: error: ‘YYSTYPE’ has no member named ‘windef’
gram.y:9350: error: ‘FRAMEOPTION_DEFAULTS’ undeclared (first use in this function)
gram.y:9352: error: ‘YYSTYPE’ has no member named ‘windef’
gram.y:9355: error: ‘YYSTYPE’ has no member named ‘windef’
gram.y:9364: error: ‘YYSTYPE’ has no member named ‘list’
gram.y:9365: error: ‘YYSTYPE’ has no member named ‘list’
gram.y:9368: error: ‘YYSTYPE’ has no member named ‘windef’
gram.y:9386: error: ‘YYSTYPE’ has no member named ‘list’
gram.y:9386: error: ‘YYSTYPE’ has no member named ‘list’
gram.y:9387: error: ‘YYSTYPE’ has no member named ‘list’
gram.y:9398: error: ‘FRAMEOPTION_NONDEFAULT’ undeclared (first use in this function)
gram.y:9398: error: ‘FRAMEOPTION_RANGE’ undeclared (first use in this function)
gram.y:9402: error: ‘FRAMEOPTION_ROWS’ undeclared (first use in this function)
gram.y:9411: error: ‘FRAMEOPTION_START_UNBOUNDED_FOLLOWING’ undeclared (first use in this function)
gram.y:9413: error: ‘ERRCODE_WINDOWING_ERROR’ undeclared (first use in this function)
gram.y:9416: error: ‘FRAMEOPTION_START_CURRENT_ROW’ undeclared (first use in this function)
gram.y:9421: error: ‘FRAMEOPTION_END_CURRENT_ROW’ undeclared (first use in this function)
gram.y:9436: error: ‘FRAMEOPTION_START_UNBOUNDED_PRECEDING’ undeclared (first use in this function)
gram.y:9442: error: ‘FRAMEOPTION_BETWEEN’ undeclared (first use in this function)
gram.y:9477: error: ‘YYSTYPE’ has no member named ‘list’
gram.y:9477: error: ‘YYSTYPE’ has no member named ‘list’
gram.y:9478: error: ‘YYSTYPE’ has no member named ‘list’
gram.y:9479: error: ‘YYSTYPE’ has no member named ‘list’
gram.y:9479: error: ‘YYSTYPE’ has no member named ‘list’
gram.y:9479: error: ‘YYSTYPE’ has no member named ‘node’
gram.y:9484: error: ‘ALL_SUBLINK’ undeclared (first use in this function)
gram.y:9503: error: ‘YYSTYPE’ has no member named ‘list’
gram.y:9505: error: ‘YYSTYPE’ has no member named ‘list’
gram.y:9505: error: ‘YYSTYPE’ has no member named ‘list’
gram.y:9510: error: ‘YYSTYPE’ has no member named ‘list’
gram.y:9512: error: ‘YYSTYPE’ has no member named ‘list’
gram.y:9512: error: ‘YYSTYPE’ has no member named ‘list’
gram.y:9517: error: ‘YYSTYPE’ has no member named ‘list’
gram.y:9519: error: ‘YYSTYPE’ has no member named ‘list’
gram.y:9519: error: ‘YYSTYPE’ has no member named ‘list’
gram.y:9521: error: ‘YYSTYPE’ has no member named ‘list’
gram.y:9523: error: ‘YYSTYPE’ has no member named ‘list’
gram.y:9525: error: ‘YYSTYPE’ has no member named ‘list’
gram.y:9527: error: ‘YYSTYPE’ has no member named ‘list’
gram.y:9540: error: ‘YYSTYPE’ has no member named ‘list’
gram.y:9540: error: ‘YYSTYPE’ has no member named ‘node’
gram.y:9544: error: ‘YYSTYPE’ has no member named ‘list’
gram.y:9544: error: ‘YYSTYPE’ has no member named ‘list’
gram.y:9544: error: ‘YYSTYPE’ has no member named ‘node’
gram.y:9548: error: ‘YYSTYPE’ has no member named ‘list’
gram.y:9548: error: ‘YYSTYPE’ has no member named ‘typnam’
gram.y:9549: error: ‘YYSTYPE’ has no member named ‘list’
gram.y:9549: error: ‘YYSTYPE’ has no member named ‘list’
gram.y:9549: error: ‘YYSTYPE’ has no member named ‘typnam’
gram.y:9554: error: ‘YYSTYPE’ has no member named ‘node’
gram.y:9554: error: ‘YYSTYPE’ has no member named ‘list’
gram.y:9558: error: ‘YYSTYPE’ has no member named ‘node’
gram.y:9558: error: ‘YYSTYPE’ has no member named ‘list’
gram.y:9562: error: ‘YYSTYPE’ has no member named ‘node’
gram.y:9566: error: ‘YYSTYPE’ has no member named ‘list’
gram.y:9566: error: ‘YYSTYPE’ has no member named ‘node’
gram.y:9567: error: ‘YYSTYPE’ has no member named ‘list’
gram.y:9567: error: ‘YYSTYPE’ has no member named ‘list’
gram.y:9567: error: ‘YYSTYPE’ has no member named ‘node’
gram.y:9574: error: ‘YYSTYPE’ has no member named ‘list’
gram.y:9574: error: ‘YYSTYPE’ has no member named ‘node’
gram.y:9576: error: ‘YYSTYPE’ has no member named ‘list’
gram.y:9601: error: ‘YYSTYPE’ has no member named ‘list’
gram.y:9601: error: ‘YYSTYPE’ has no member named ‘node’
gram.y:9601: error: ‘YYSTYPE’ has no member named ‘node’
gram.y:9601: error: ‘YYSTYPE’ has no member named ‘node’
gram.y:9601: error: ‘YYSTYPE’ has no member named ‘node’
gram.y:9605: error: ‘YYSTYPE’ has no member named ‘list’
gram.y:9605: error: ‘YYSTYPE’ has no member named ‘node’
gram.y:9605: error: ‘YYSTYPE’ has no member named ‘node’
gram.y:9605: error: ‘YYSTYPE’ has no member named ‘node’
gram.y:9611: error: ‘YYSTYPE’ has no member named ‘node’
gram.y:9611: error: ‘YYSTYPE’ has no member named ‘node’
gram.y:9617: error: ‘YYSTYPE’ has no member named ‘list’
gram.y:9617: error: ‘YYSTYPE’ has no member named ‘node’
gram.y:9617: error: ‘YYSTYPE’ has no member named ‘node’
gram.y:9618: error: ‘YYSTYPE’ has no member named ‘list’
gram.y:9636: error: ‘YYSTYPE’ has no member named ‘list’
gram.y:9636: error: ‘YYSTYPE’ has no member named ‘node’
gram.y:9636: error: ‘YYSTYPE’ has no member named ‘node’
gram.y:9636: error: ‘YYSTYPE’ has no member named ‘node’
gram.y:9641: error: ‘YYSTYPE’ has no member named ‘list’
gram.y:9641: error: ‘YYSTYPE’ has no member named ‘node’
gram.y:9641: error: ‘YYSTYPE’ has no member named ‘node’
gram.y:9641: error: ‘YYSTYPE’ has no member named ‘node’
gram.y:9645: error: ‘YYSTYPE’ has no member named ‘list’
gram.y:9645: error: ‘YYSTYPE’ has no member named ‘node’
gram.y:9645: error: ‘YYSTYPE’ has no member named ‘node’
gram.y:9658: error: ‘YYSTYPE’ has no member named ‘list’
gram.y:9658: error: ‘YYSTYPE’ has no member named ‘node’
gram.y:9659: error: ‘YYSTYPE’ has no member named ‘node’
gram.y:9664: error: ‘YYSTYPE’ has no member named ‘list’
gram.y:9664: error: ‘YYSTYPE’ has no member named ‘list’
gram.y:9667: error: ‘YYSTYPE’ has no member named ‘list’
gram.y:9671: error: ‘YYSTYPE’ has no member named ‘node’
gram.y:9671: error: ‘YYSTYPE’ has no member named ‘node’
gram.y:9674: error: ‘YYSTYPE’ has no member named ‘node’
gram.y:9674: error: ‘YYSTYPE’ has no member named ‘node’
gram.y:9677: error: ‘YYSTYPE’ has no member named ‘list’
gram.y:9677: error: ‘YYSTYPE’ has no member named ‘list’
gram.y:9677: error: ‘YYSTYPE’ has no member named ‘node’
gram.y:9678: error: ‘YYSTYPE’ has no member named ‘list’
gram.y:9678: error: ‘YYSTYPE’ has no member named ‘list’
gram.y:9679: error: ‘YYSTYPE’ has no member named ‘list’
gram.y:9679: error: ‘YYSTYPE’ has no member named ‘list’
gram.y:9685: error: ‘YYSTYPE’ has no member named ‘node’
gram.y:9687: error: ‘YYSTYPE’ has no member named ‘node’
gram.y:9687: error: expected expression before ‘)’ token
gram.y:9689: error: ‘YYSTYPE’ has no member named ‘node’
gram.y:9689: error: expected expression before ‘)’ token
gram.y:9689: error: ‘YYSTYPE’ has no member named ‘list’
gram.y:9701: error: ‘CaseExpr’ undeclared (first use in this function)
gram.y:9703: error: expected expression before ‘)’ token
gram.y:9703: error: ‘YYSTYPE’ has no member named ‘node’
gram.y:9704: error: ‘YYSTYPE’ has no member named ‘list’
gram.y:9705: error: expected expression before ‘)’ token
gram.y:9705: error: ‘YYSTYPE’ has no member named ‘node’
gram.y:9707: error: ‘YYSTYPE’ has no member named ‘node’
gram.y:9707: error: expected expression before ‘)’ token
gram.y:9713: error: ‘YYSTYPE’ has no member named ‘list’
gram.y:9713: error: ‘YYSTYPE’ has no member named ‘node’
gram.y:9714: error: ‘YYSTYPE’ has no member named ‘list’
gram.y:9714: error: ‘YYSTYPE’ has no member named ‘list’
gram.y:9714: error: ‘YYSTYPE’ has no member named ‘node’
gram.y:9720: error: ‘CaseWhen’ undeclared (first use in this function)
gram.y:9720: error: ‘w’ undeclared (first use in this function)
gram.y:9721: error: expected expression before ‘)’ token
gram.y:9721: error: ‘YYSTYPE’ has no member named ‘node’
gram.y:9722: error: expected expression before ‘)’ token
gram.y:9722: error: ‘YYSTYPE’ has no member named ‘node’
gram.y:9724: error: ‘YYSTYPE’ has no member named ‘node’
gram.y:9724: error: expected expression before ‘)’ token
gram.y:9729: error: ‘YYSTYPE’ has no member named ‘node’
gram.y:9729: error: ‘YYSTYPE’ has no member named ‘node’
gram.y:9730: error: ‘YYSTYPE’ has no member named ‘node’
gram.y:9733: error: ‘YYSTYPE’ has no member named ‘node’
gram.y:9733: error: ‘YYSTYPE’ has no member named ‘node’
gram.y:9734: error: ‘YYSTYPE’ has no member named ‘node’
gram.y:9744: error: ‘YYSTYPE’ has no member named ‘node’
gram.y:9748: error: ‘YYSTYPE’ has no member named ‘node’
gram.y:9748: error: ‘YYSTYPE’ has no member named ‘list’
gram.y:9755: error: ‘YYSTYPE’ has no member named ‘node’
gram.y:9755: error: expected expression before ‘)’ token
gram.y:9759: error: ‘YYSTYPE’ has no member named ‘node’
gram.y:9759: error: expected expression before ‘)’ token
gram.y:9763: error: ‘A_Indices’ undeclared (first use in this function)
gram.y:9763: error: ‘ai’ undeclared (first use in this function)
gram.y:9765: error: ‘YYSTYPE’ has no member named ‘node’
gram.y:9766: error: ‘YYSTYPE’ has no member named ‘node’
gram.y:9766: error: expected expression before ‘)’ token
gram.y:9771: error: ‘YYSTYPE’ has no member named ‘node’
gram.y:9772: error: ‘YYSTYPE’ has no member named ‘node’
gram.y:9773: error: ‘YYSTYPE’ has no member named ‘node’
gram.y:9773: error: expected expression before ‘)’ token
gram.y:9778: error: ‘YYSTYPE’ has no member named ‘list’
gram.y:9778: error: ‘YYSTYPE’ has no member named ‘node’
gram.y:9779: error: ‘YYSTYPE’ has no member named ‘list’
gram.y:9779: error: ‘YYSTYPE’ has no member named ‘list’
gram.y:9779: error: ‘YYSTYPE’ has no member named ‘node’
gram.y:9783: error: ‘YYSTYPE’ has no member named ‘list’
gram.y:9784: error: ‘YYSTYPE’ has no member named ‘list’
gram.y:9784: error: ‘YYSTYPE’ has no member named ‘list’
gram.y:9784: error: ‘YYSTYPE’ has no member named ‘node’
gram.y:9799: error: ‘YYSTYPE’ has no member named ‘node’
gram.y:9799: error: expected expression before ‘)’ token
gram.y:9799: error: ‘YYSTYPE’ has no member named ‘node’
gram.y:9802: error: ‘SetToDefault’ undeclared (first use in this function)
gram.y:9804: error: ‘YYSTYPE’ has no member named ‘node’
gram.y:9804: error: expected expression before ‘)’ token
gram.y:9809: error: ‘YYSTYPE’ has no member named ‘list’
gram.y:9809: error: ‘YYSTYPE’ has no member named ‘node’
gram.y:9810: error: ‘YYSTYPE’ has no member named ‘list’
gram.y:9810: error: ‘YYSTYPE’ has no member named ‘list’
gram.y:9810: error: ‘YYSTYPE’ has no member named ‘node’
gram.y:9818: error: ‘YYSTYPE’ has no member named ‘list’
gram.y:9818: error: ‘YYSTYPE’ has no member named ‘list’
gram.y:9829: error: ‘YYSTYPE’ has no member named ‘list’
gram.y:9829: error: ‘YYSTYPE’ has no member named ‘target’
gram.y:9830: error: ‘YYSTYPE’ has no member named ‘list’
gram.y:9830: error: ‘YYSTYPE’ has no member named ‘list’
gram.y:9830: error: ‘YYSTYPE’ has no member named ‘target’
gram.y:9835: error: ‘YYSTYPE’ has no member named ‘target’
gram.y:9836: error: ‘YYSTYPE’ has no member named ‘target’
gram.y:9837: error: ‘YYSTYPE’ has no member named ‘target’
gram.y:9838: error: ‘YYSTYPE’ has no member named ‘target’
gram.y:9838: error: expected expression before ‘)’ token
gram.y:9838: error: ‘YYSTYPE’ has no member named ‘node’
gram.y:9839: error: ‘YYSTYPE’ has no member named ‘target’
gram.y:9851: error: ‘YYSTYPE’ has no member named ‘target’
gram.y:9852: error: ‘YYSTYPE’ has no member named ‘target’
gram.y:9853: error: ‘YYSTYPE’ has no member named ‘target’
gram.y:9854: error: ‘YYSTYPE’ has no member named ‘target’
gram.y:9854: error: expected expression before ‘)’ token
gram.y:9854: error: ‘YYSTYPE’ has no member named ‘node’
gram.y:9855: error: ‘YYSTYPE’ has no member named ‘target’
gram.y:9859: error: ‘YYSTYPE’ has no member named ‘target’
gram.y:9860: error: ‘YYSTYPE’ has no member named ‘target’
gram.y:9861: error: ‘YYSTYPE’ has no member named ‘target’
gram.y:9862: error: ‘YYSTYPE’ has no member named ‘target’
gram.y:9862: error: expected expression before ‘)’ token
gram.y:9862: error: ‘YYSTYPE’ has no member named ‘node’
gram.y:9863: error: ‘YYSTYPE’ has no member named ‘target’
gram.y:9871: error: ‘YYSTYPE’ has no member named ‘target’
gram.y:9872: error: ‘YYSTYPE’ has no member named ‘target’
gram.y:9873: error: ‘YYSTYPE’ has no member named ‘target’
gram.y:9874: error: ‘YYSTYPE’ has no member named ‘target’
gram.y:9874: error: expected expression before ‘)’ token
gram.y:9875: error: ‘YYSTYPE’ has no member named ‘target’
gram.y:9892: error: ‘YYSTYPE’ has no member named ‘list’
gram.y:9892: error: ‘YYSTYPE’ has no member named ‘range’
gram.y:9893: error: ‘YYSTYPE’ has no member named ‘list’
gram.y:9893: error: ‘YYSTYPE’ has no member named ‘list’
gram.y:9893: error: ‘YYSTYPE’ has no member named ‘range’
gram.y:9906: error: ‘YYSTYPE’ has no member named ‘range’
gram.y:9907: error: ‘YYSTYPE’ has no member named ‘range’
gram.y:9908: error: ‘YYSTYPE’ has no member named ‘range’
gram.y:9909: error: ‘YYSTYPE’ has no member named ‘range’
gram.y:9910: error: ‘YYSTYPE’ has no member named ‘range’
gram.y:9914: error: ‘YYSTYPE’ has no member named ‘list’
gram.y:9915: error: ‘YYSTYPE’ has no member named ‘range’
gram.y:9916: error: ‘YYSTYPE’ has no member named ‘list’
gram.y:9919: error: ‘YYSTYPE’ has no member named ‘range’
gram.y:9920: error: ‘YYSTYPE’ has no member named ‘range’
gram.y:9921: error: ‘YYSTYPE’ has no member named ‘range’
gram.y:9921: error: ‘YYSTYPE’ has no member named ‘list’
gram.y:9924: error: ‘YYSTYPE’ has no member named ‘range’
gram.y:9925: error: ‘YYSTYPE’ has no member named ‘range’
gram.y:9925: error: ‘YYSTYPE’ has no member named ‘list’
gram.y:9926: error: ‘YYSTYPE’ has no member named ‘range’
gram.y:9926: error: ‘YYSTYPE’ has no member named ‘list’
gram.y:9932: error: ‘YYSTYPE’ has no member named ‘list’
gram.y:9936: error: ‘YYSTYPE’ has no member named ‘range’
gram.y:9941: error: ‘YYSTYPE’ has no member named ‘list’
gram.y:9943: error: ‘YYSTYPE’ has no member named ‘list’
gram.y:9943: error: ‘YYSTYPE’ has no member named ‘list’
gram.y:9970: error: ‘YYSTYPE’ has no member named ‘list’
gram.y:9972: error: ‘YYSTYPE’ has no member named ‘list’
gram.y:9972: error: ‘YYSTYPE’ has no member named ‘list’
gram.y:9981: error: ‘YYSTYPE’ has no member named ‘node’
gram.y:9985: error: ‘YYSTYPE’ has no member named ‘node’
gram.y:9989: error: ‘YYSTYPE’ has no member named ‘node’
gram.y:9993: error: ‘YYSTYPE’ has no member named ‘node’
gram.y:10002: error: ‘YYSTYPE’ has no member named ‘node’
gram.y:10007: error: ‘YYSTYPE’ has no member named ‘list’
gram.y:10009: error: ‘YYSTYPE’ has no member named ‘node’
gram.y:10014: error: ‘YYSTYPE’ has no member named ‘list’
gram.y:10015: error: ‘YYSTYPE’ has no member named ‘list’
gram.y:10017: error: ‘YYSTYPE’ has no member named ‘node’
gram.y:10021: error: ‘YYSTYPE’ has no member named ‘node’
gram.y:10021: error: ‘YYSTYPE’ has no member named ‘typnam’
gram.y:10025: error: ‘YYSTYPE’ has no member named ‘typnam’
gram.y:10026: error: ‘YYSTYPE’ has no member named ‘list’
gram.y:10027: error: ‘YYSTYPE’ has no member named ‘node’
gram.y:10031: error: ‘YYSTYPE’ has no member named ‘typnam’
gram.y:10032: error: ‘YYSTYPE’ has no member named ‘list’
gram.y:10034: error: ‘YYSTYPE’ has no member named ‘list’
gram.y:10039: error: ‘YYSTYPE’ has no member named ‘list’
gram.y:10044: error: ‘YYSTYPE’ has no member named ‘node’
gram.y:10048: error: ‘YYSTYPE’ has no member named ‘node’
gram.y:10052: error: ‘YYSTYPE’ has no member named ‘node’
gram.y:10056: error: ‘YYSTYPE’ has no member named ‘node’
gram.y:10083: warning: assignment makes pointer from integer without a cast
gram.y:10084: warning: assignment makes pointer from integer without a cast
gram.y:10090: warning: assignment makes pointer from integer without a cast
gram.y:10091: warning: assignment makes pointer from integer without a cast
gram.y:10098: warning: assignment makes pointer from integer without a cast
gram.y:10099: warning: assignment makes pointer from integer without a cast
gram.y:10100: warning: assignment makes pointer from integer without a cast
gram.y:10101: warning: assignment makes pointer from integer without a cast
gram.y: At top level:
gram.y:10576: error: expected ‘=’, ‘,’, ‘;’, ‘asm’ or ‘__attribute__’ before ‘*’ token
gram.y:10626: error: expected ‘=’, ‘,’, ‘;’, ‘asm’ or ‘__attribute__’ before ‘*’ token
gram.y:10636: error: expected ‘=’, ‘,’, ‘;’, ‘asm’ or ‘__attribute__’ before ‘*’ token
gram.y:10648: error: expected ‘=’, ‘,’, ‘;’, ‘asm’ or ‘__attribute__’ before ‘*’ token
gram.y:10656: error: expected ‘=’, ‘,’, ‘;’, ‘asm’ or ‘__attribute__’ before ‘*’ token
gram.y:10668: error: expected ‘=’, ‘,’, ‘;’, ‘asm’ or ‘__attribute__’ before ‘*’ token
gram.y:10680: error: expected ‘=’, ‘,’, ‘;’, ‘asm’ or ‘__attribute__’ before ‘*’ token
gram.y:10692: error: expected ‘=’, ‘,’, ‘;’, ‘asm’ or ‘__attribute__’ before ‘*’ token
gram.y:10703: error: expected ‘=’, ‘,’, ‘;’, ‘asm’ or ‘__attribute__’ before ‘*’ token
gram.y:10730: error: expected ‘=’, ‘,’, ‘;’, ‘asm’ or ‘__attribute__’ before ‘*’ token
gram.y:10745: error: expected ‘=’, ‘,’, ‘;’, ‘asm’ or ‘__attribute__’ before ‘*’ token
gram.y:10780: error: expected ‘)’ before ‘*’ token
gram.y:10796: error: expected ‘=’, ‘,’, ‘;’, ‘asm’ or ‘__attribute__’ before ‘*’ token
gram.y:10814: error: expected ‘=’, ‘,’, ‘;’, ‘asm’ or ‘__attribute__’ before ‘*’ token
gram.y:10836: error: expected ‘=’, ‘,’, ‘;’, ‘asm’ or ‘__attribute__’ before ‘*’ token
gram.y:10855: error: expected ‘=’, ‘,’, ‘;’, ‘asm’ or ‘__attribute__’ before ‘*’ token
gram.y:10870: error: expected ‘)’ before ‘*’ token
gram.y:10921: error: expected ‘=’, ‘,’, ‘;’, ‘asm’ or ‘__attribute__’ before ‘*’ token
gram.y:10936: error: expected ‘=’, ‘,’, ‘;’, ‘asm’ or ‘__attribute__’ before ‘*’ token
gram.y:10948: error: expected ‘=’, ‘,’, ‘;’, ‘asm’ or ‘__attribute__’ before ‘*’ token
gram.y:10968: error: expected ‘=’, ‘,’, ‘;’, ‘asm’ or ‘__attribute__’ before ‘*’ token
gram.y:10994: error: expected ‘)’ before ‘*’ token
gram.y:11013: error: expected ‘=’, ‘,’, ‘;’, ‘asm’ or ‘__attribute__’ before ‘*’ token
gram.y:11023: error: expected ‘=’, ‘,’, ‘;’, ‘asm’ or ‘__attribute__’ before ‘*’ token
gram.y: In function ‘parser_init’:
gram.y:11050: error: ‘QueryIsRule’ undeclared (first use in this function)
gram.y:11050: error: ‘FALSE’ undeclared (first use in this function)
gram.y: At top level:
gram.y:11056: error: expected ‘=’, ‘,’, ‘;’, ‘asm’ or ‘__attribute__’ before ‘*’ token
gram.y:11079: error: expected ‘=’, ‘,’, ‘;’, ‘asm’ or ‘__attribute__’ before ‘*’ token
In file included from gram.y:11104:
scan.l:37:29: error: parser/keywords.h: No such file or directory
scan.l:40:28: error: parser/scansup.h: No such file or directory
scan.l:41:25: error: mb/pg_wchar.h: No such file or directory
In file included from gram.y:11104:
scan.l:58: error: ‘BACKSLASH_QUOTE_SAFE_ENCODING’ undeclared here (not in a function)
scan.l:59: error: expected ‘=’, ‘,’, ‘;’, ‘asm’ or ‘__attribute__’ before ‘escape_string_warning’
scan.l:60: error: expected ‘=’, ‘,’, ‘;’, ‘asm’ or ‘__attribute__’ before ‘standard_conforming_strings’
scan.l:62: error: expected ‘=’, ‘,’, ‘;’, ‘asm’ or ‘__attribute__’ before ‘warn_on_first_escape’
scan.l:63: error: expected ‘=’, ‘,’, ‘;’, ‘asm’ or ‘__attribute__’ before ‘saw_non_ascii’
In file included from gram.y:11104:
scan.l: In function ‘base_yylex’:
scan.l:354: error: incompatible types when assigning to type ‘YYLTYPE’ from type ‘int’
In file included from gram.y:11104:
scan.l:395: error: incompatible types when assigning to type ‘YYLTYPE’ from type ‘int’
In file included from gram.y:11104:
scan.l:424: error: incompatible types when assigning to type ‘YYLTYPE’ from type ‘int’
In file included from gram.y:11104:
scan.l:443: error: expected ‘=’, ‘,’, ‘;’, ‘asm’ or ‘__attribute__’ before ‘*’ token
scan.l:443: error: ‘keyword’ undeclared (first use in this function)
scan.l:445: error: incompatible types when assigning to type ‘YYLTYPE’ from type ‘int’
In file included from gram.y:11104:
scan.l:455: error: ‘warn_on_first_escape’ undeclared (first use in this function)
scan.l:455: error: ‘true’ undeclared (first use in this function)
scan.l:456: error: ‘saw_non_ascii’ undeclared (first use in this function)
scan.l:456: error: ‘false’ undeclared (first use in this function)
scan.l:457: error: incompatible types when assigning to type ‘YYLTYPE’ from type ‘int’
scan.l:458: error: ‘standard_conforming_strings’ undeclared (first use in this function)
In file included from gram.y:11104:
scan.l:467: error: incompatible types when assigning to type ‘YYLTYPE’ from type ‘int’
In file included from gram.y:11104:
scan.l:472: error: incompatible types when assigning to type ‘YYLTYPE’ from type ‘int’
scan.l:474: error: ‘ERROR’ undeclared (first use in this function)
scan.l:475: error: ‘ERRCODE_FEATURE_NOT_SUPPORTED’ undeclared (first use in this function)
In file included from gram.y:11104:
scan.l:519: error: ‘BACKSLASH_QUOTE_OFF’ undeclared (first use in this function)
scan.l:523: error: ‘ERRCODE_NONSTANDARD_USE_OF_ESCAPE_CHARACTER’ undeclared (first use in this function)
In file included from gram.y:11104:
scan.l:557: error: incompatible types when assigning to type ‘YYLTYPE’ from type ‘int’
scan.l:558: warning: assignment makes pointer from integer without a cast
In file included from gram.y:11104:
scan.l:563: error: incompatible types when assigning to type ‘YYLTYPE’ from type ‘int’
In file included from gram.y:11104:
scan.l:601: error: incompatible types when assigning to type ‘YYLTYPE’ from type ‘int’
In file included from gram.y:11104:
scan.l:606: error: incompatible types when assigning to type ‘YYLTYPE’ from type ‘int’
In file included from gram.y:11104:
scan.l:617: error: ‘NAMEDATALEN’ undeclared (first use in this function)
In file included from gram.y:11104:
scan.l:659: error: incompatible types when assigning to type ‘YYLTYPE’ from type ‘int’
scan.l:663: warning: assignment makes pointer from integer without a cast
In file included from gram.y:11104:
scan.l:669: error: incompatible types when assigning to type ‘YYLTYPE’ from type ‘int’
In file included from gram.y:11104:
scan.l:674: error: incompatible types when assigning to type ‘YYLTYPE’ from type ‘int’
In file included from gram.y:11104:
scan.l:724: error: incompatible types when assigning to type ‘YYLTYPE’ from type ‘int’
scan.l:752: warning: assignment makes pointer from integer without a cast
scan.l:754: warning: assignment makes pointer from integer without a cast
In file included from gram.y:11104:
scan.l:759: error: incompatible types when assigning to type ‘YYLTYPE’ from type ‘int’
In file included from gram.y:11104:
scan.l:768: error: incompatible types when assigning to type ‘YYLTYPE’ from type ‘int’
scan.l:779: warning: assignment makes pointer from integer without a cast
In file included from gram.y:11104:
scan.l:786: error: incompatible types when assigning to type ‘YYLTYPE’ from type ‘int’
scan.l:787: warning: assignment makes pointer from integer without a cast
In file included from gram.y:11104:
scan.l:791: error: incompatible types when assigning to type ‘YYLTYPE’ from type ‘int’
scan.l:792: warning: assignment makes pointer from integer without a cast
In file included from gram.y:11104:
scan.l:803: error: incompatible types when assigning to type ‘YYLTYPE’ from type ‘int’
scan.l:804: warning: assignment makes pointer from integer without a cast
In file included from gram.y:11104:
scan.l:810: error: incompatible types when assigning to type ‘YYLTYPE’ from type ‘int’
scan.l:811: warning: assignment makes pointer from integer without a cast
In file included from gram.y:11104:
scan.l:817: error: expected ‘=’, ‘,’, ‘;’, ‘asm’ or ‘__attribute__’ before ‘*’ token
scan.l:820: error: incompatible types when assigning to type ‘YYLTYPE’ from type ‘int’
scan.l:834: warning: assignment makes pointer from integer without a cast
In file included from gram.y:11104:
scan.l:840: error: incompatible types when assigning to type ‘YYLTYPE’ from type ‘int’
In file included from gram.y:11104:
scan.l:845: error: incompatible types when assigning to type ‘YYLTYPE’ from type ‘int’
In file included from gram.y:11104:
scan.c: In function ‘yy_fatal_error’:
scan.c:16145: error: ‘ERROR’ undeclared (first use in this function)
In file included from gram.y:11104:
scan.l: At top level:
scan.l:889: warning: conflicting types for ‘base_yyerror’
gram.y:3176: note: previous implicit declaration of ‘base_yyerror’ was here
scan.l: In function ‘base_yyerror’:
scan.l:891: error: invalid operands to binary + (have ‘char *’ and ‘YYLTYPE’)
scan.l:895: error: ‘ERROR’ undeclared (first use in this function)
scan.l:896: error: ‘ERRCODE_SYNTAX_ERROR’ undeclared (first use in this function)
scan.l:899: error: incompatible type for argument 1 of ‘scanner_errposition’
scan.l:864: note: expected ‘int’ but argument is of type ‘YYLTYPE’
scan.l:907: error: incompatible type for argument 1 of ‘scanner_errposition’
scan.l:864: note: expected ‘int’ but argument is of type ‘YYLTYPE’
scan.l: In function ‘scanner_init’:
scan.l:918: error: ‘Size’ undeclared (first use in this function)
scan.l:918: error: expected ‘;’ before ‘slen’
scan.l:929: error: ‘slen’ undeclared (first use in this function)
scan.l:929: warning: assignment makes pointer from integer without a cast
scan.l: In function ‘litbufdup’:
scan.l:999: warning: assignment makes pointer from integer without a cast
scan.l: In function ‘hexval’:
scan.l:1013: error: ‘ERROR’ undeclared (first use in this function)
scan.l: At top level:
scan.l:1018: error: expected ‘)’ before ‘c’
scan.l: In function ‘litbuf_udeescape’:
scan.l:1042: error: invalid operands to binary + (have ‘YYLTYPE’ and ‘int’)
scan.l:1050: warning: assignment makes pointer from integer without a cast
scan.l:1065: error: ‘pg_wchar’ undeclared (first use in this function)
scan.l:1065: error: expected ‘;’ before ‘unicode’
scan.l:1066: error: ‘unicode’ undeclared (first use in this function)
scan.l:1076: error: expected ‘;’ before ‘unicode’
scan.l:1085: error: invalid operands to binary + (have ‘YYLTYPE’ and ‘int’)
scan.l:1099: error: ‘false’ undeclared (first use in this function)
scan.l: In function ‘unescape_single_char’:
scan.l:1121: error: ‘saw_non_ascii’ undeclared (first use in this function)
scan.l:1121: error: ‘true’ undeclared (first use in this function)
scan.l: In function ‘check_string_escape_warning’:
scan.l:1132: error: ‘warn_on_first_escape’ undeclared (first use in this function)
scan.l:1132: error: ‘escape_string_warning’ undeclared (first use in this function)
scan.l:1133: error: ‘WARNING’ undeclared (first use in this function)
scan.l:1134: error: ‘ERRCODE_NONSTANDARD_USE_OF_ESCAPE_CHARACTER’ undeclared (first use in this function)
scan.l:1137: error: incompatible type for argument 1 of ‘scanner_errposition’
scan.l:864: note: expected ‘int’ but argument is of type ‘YYLTYPE’
scan.l:1138: error: ‘false’ undeclared (first use in this function)
scan.l:1147: error: incompatible type for argument 1 of ‘scanner_errposition’
scan.l:864: note: expected ‘int’ but argument is of type ‘YYLTYPE’
scan.l: In function ‘check_escape_warning’:
scan.l:1157: error: ‘warn_on_first_escape’ undeclared (first use in this function)
scan.l:1157: error: ‘escape_string_warning’ undeclared (first use in this function)
scan.l:1158: error: ‘WARNING’ undeclared (first use in this function)
scan.l:1159: error: ‘ERRCODE_NONSTANDARD_USE_OF_ESCAPE_CHARACTER’ undeclared (first use in this function)
scan.l:1162: error: incompatible type for argument 1 of ‘scanner_errposition’
scan.l:864: note: expected ‘int’ but argument is of type ‘YYLTYPE’
scan.l:1163: error: ‘false’ undeclared (first use in this function)
make: *** [gram.o] Error 1
